11:35:44 **** Build of configuration Debug for project task_3_1 ****
make -j20 all 
arm-none-eabi-gcc -mcpu=cortex-m4 -g3 -DDEBUG -c -x assembler-with-cpp -MMD -MP -MF"Startup/startup_stm32f303vctx.d" -MT"Startup/startup_stm32f303vctx.o" --specs=nano.specs -mfpu=fpv4-sp-d16 -mfloat-abi=hard -mthumb -o "Startup/startup_stm32f303vctx.o" "../Startup/startup_stm32f303vctx.s"
arm-none-eabi-gcc "../Src/main.c" -mcpu=cortex-m4 -std=gnu11 -g3 -DDEBUG -DSTM32F303VCTx -DSTM32 -DSTM32F3 -DSTM32F3DISCOVERY -c -I../Inc -I"C:/Users/benri/OneDrive/Documents/MTRX2700/MTRX2700_Assignment2/stm32f303-definitions/Core/Inc" -O0 -ffunction-sections -fdata-sections -Wall -fstack-usage -fcyclomatic-complexity -MMD -MP -MF"Src/main.d" -MT"Src/main.o" --specs=nano.specs -mfpu=fpv4-sp-d16 -mfloat-abi=hard -mthumb -o "Src/main.o"
arm-none-eabi-gcc "../Src/syscalls.c" -mcpu=cortex-m4 -std=gnu11 -g3 -DDEBUG -DSTM32F303VCTx -DSTM32 -DSTM32F3 -DSTM32F3DISCOVERY -c -I../Inc -I"C:/Users/benri/OneDrive/Documents/MTRX2700/MTRX2700_Assignment2/stm32f303-definitions/Core/Inc" -O0 -ffunction-sections -fdata-sections -Wall -fstack-usage -fcyclomatic-complexity -MMD -MP -MF"Src/syscalls.d" -MT"Src/syscalls.o" --specs=nano.specs -mfpu=fpv4-sp-d16 -mfloat-abi=hard -mthumb -o "Src/syscalls.o"
arm-none-eabi-gcc "../Src/sysmem.c" -mcpu=cortex-m4 -std=gnu11 -g3 -DDEBUG -DSTM32F303VCTx -DSTM32 -DSTM32F3 -DSTM32F3DISCOVERY -c -I../Inc -I"C:/Users/benri/OneDrive/Documents/MTRX2700/MTRX2700_Assignment2/stm32f303-definitions/Core/Inc" -O0 -ffunction-sections -fdata-sections -Wall -fstack-usage -fcyclomatic-complexity -MMD -MP -MF"Src/sysmem.d" -MT"Src/sysmem.o" --specs=nano.specs -mfpu=fpv4-sp-d16 -mfloat-abi=hard -mthumb -o "Src/sysmem.o"
../Src/main.c:68:4: warning: #warning "FPU is not initialized, but the project is compiling for an FPU. Please initialize the FPU before use." [-Wcpp]
   68 |   #warning "FPU is not initialized, but the project is compiling for an FPU. Please initialize the FPU before use."
      |    ^~~~~~~
arm-none-eabi-gcc -o "task_3_1.elf" @"objects.list"   -mcpu=cortex-m4 -T"C:\Users\benri\OneDrive\Documents\MTRX2700\MTRX2700_Assignment2\task_3_1\STM32F303VCTX_FLASH.ld" --specs=nosys.specs -Wl,-Map="task_3_1.map" -Wl,--gc-sections -static --specs=nano.specs -mfpu=fpv4-sp-d16 -mfloat-abi=hard -mthumb -Wl,--start-group -lc -lm -Wl,--end-group
Finished building target: task_3_1.elf
 
arm-none-eabi-size  task_3_1.elf 
arm-none-eabi-objdump -h -S task_3_1.elf  > "task_3_1.list"
   text	   data	    bss	    dec	    hex	filename
   1088	      8	   1568	   2664	    a68	task_3_1.elf
Finished building: default.size.stdout
 
Finished building: task_3_1.list
 
11:35:54 **** Incremental Build of configuration Debug for project task_3_1 ****
make -j20 all 
arm-none-eabi-size  task_3_1.elf 
   text	   data	    bss	    dec	    hex	filename
   1088	      8	   1568	   2664	    a68	task_3_1.elf
Finished building: default.size.stdout
 
11:37:05 **** Incremental Build of configuration Debug for project task_3_1 ****
make -j20 all 
arm-none-eabi-gcc "../Src/main.c" -mcpu=cortex-m4 -std=gnu11 -g3 -DDEBUG -DSTM32F303VCTx -DSTM32 -DSTM32F3 -DSTM32F3DISCOVERY -c -I../Inc -I"C:/Users/benri/OneDrive/Documents/MTRX2700/MTRX2700_Assignment2/stm32f303-definitions/Core/Inc" -O0 -ffunction-sections -fdata-sections -Wall -fstack-usage -fcyclomatic-complexity -MMD -MP -MF"Src/main.d" -MT"Src/main.o" --specs=nano.specs -mfpu=fpv4-sp-d16 -mfloat-abi=hard -mthumb -o "Src/main.o"
../Src/main.c:68:4: warning: #warning "FPU is not initialized, but the project is compiling for an FPU. Please initialize the FPU before use." [-Wcpp]
   68 |   #warning "FPU is not initialized, but the project is compiling for an FPU. Please initialize the FPU before use."
      |    ^~~~~~~
arm-none-eabi-gcc -o "task_3_1.elf" @"objects.list"   -mcpu=cortex-m4 -T"C:\Users\benri\OneDrive\Documents\MTRX2700\MTRX2700_Assignment2\task_3_1\STM32F303VCTX_FLASH.ld" --specs=nosys.specs -Wl,-Map="task_3_1.map" -Wl,--gc-sections -static --specs=nano.specs -mfpu=fpv4-sp-d16 -mfloat-abi=hard -mthumb -Wl,--start-group -lc -lm -Wl,--end-group
Finished building target: task_3_1.elf
 
arm-none-eabi-size  task_3_1.elf 
arm-none-eabi-objdump -h -S task_3_1.elf  > "task_3_1.list"
   text	   data	    bss	    dec	    hex	filename
   1088	      8	   1568	   2664	    a68	task_3_1.elf
Finished building: default.size.stdout
 
Finished building: task_3_1.list
 
11:38:22 **** Incremental Build of configuration Debug for project task_3_1 ****
make -j20 all 
arm-none-eabi-gcc "../Src/main.c" -mcpu=cortex-m4 -std=gnu11 -g3 -DDEBUG -DSTM32F303VCTx -DSTM32 -DSTM32F3 -DSTM32F3DISCOVERY -c -I../Inc -I"C:/Users/benri/OneDrive/Documents/MTRX2700/MTRX2700_Assignment2/stm32f303-definitions/Core/Inc" -O0 -ffunction-sections -fdata-sections -Wall -fstack-usage -fcyclomatic-complexity -MMD -MP -MF"Src/main.d" -MT"Src/main.o" --specs=nano.specs -mfpu=fpv4-sp-d16 -mfloat-abi=hard -mthumb -o "Src/main.o"
../Src/main.c:68:4: warning: #warning "FPU is not initialized, but the project is compiling for an FPU. Please initialize the FPU before use." [-Wcpp]
   68 |   #warning "FPU is not initialized, but the project is compiling for an FPU. Please initialize the FPU before use."
      |    ^~~~~~~
../Src/main.c: In function 'TIM2_IRQHandler':
../Src/main.c:83:9: warning: implicit declaration of function 'end' [-Wimplicit-function-declaration]
   83 |         end();
      |         ^~~
arm-none-eabi-gcc -o "task_3_1.elf" @"objects.list"   -mcpu=cortex-m4 -T"C:\Users\benri\OneDrive\Documents\MTRX2700\MTRX2700_Assignment2\task_3_1\STM32F303VCTX_FLASH.ld" --specs=nosys.specs -Wl,-Map="task_3_1.map" -Wl,--gc-sections -static --specs=nano.specs -mfpu=fpv4-sp-d16 -mfloat-abi=hard -mthumb -Wl,--start-group -lc -lm -Wl,--end-group
Finished building target: task_3_1.elf
 
arm-none-eabi-size  task_3_1.elf 
arm-none-eabi-objdump -h -S task_3_1.elf  > "task_3_1.list"
   text	   data	    bss	    dec	    hex	filename
   1100	      8	   1568	   2676	    a74	task_3_1.elf
Finished building: default.size.stdout
 
Finished building: task_3_1.list
 
11:39:17 **** Incremental Build of configuration Debug for project task_3_1 ****
make -j20 all 
arm-none-eabi-gcc "../Src/main.c" -mcpu=cortex-m4 -std=gnu11 -g3 -DDEBUG -DSTM32F303VCTx -DSTM32 -DSTM32F3 -DSTM32F3DISCOVERY -c -I../Inc -I"C:/Users/benri/OneDrive/Documents/MTRX2700/MTRX2700_Assignment2/stm32f303-definitions/Core/Inc" -O0 -ffunction-sections -fdata-sections -Wall -fstack-usage -fcyclomatic-complexity -MMD -MP -MF"Src/main.d" -MT"Src/main.o" --specs=nano.specs -mfpu=fpv4-sp-d16 -mfloat-abi=hard -mthumb -o "Src/main.o"
../Src/main.c:68:4: warning: #warning "FPU is not initialized, but the project is compiling for an FPU. Please initialize the FPU before use." [-Wcpp]
   68 |   #warning "FPU is not initialized, but the project is compiling for an FPU. Please initialize the FPU before use."
      |    ^~~~~~~
../Src/main.c: In function 'TIM2_IRQHandler':
../Src/main.c:83:9: error: break statement not within loop or switch
   83 |         break;
      |         ^~~~~
make: *** [Src/subdir.mk:25: Src/main.o] Error 1
"make -j20 all" terminated with exit code 2. Build might be incomplete.
11:40:09 **** Incremental Build of configuration Debug for project task_3_1 ****
make -j20 all 
arm-none-eabi-gcc "../Src/main.c" -mcpu=cortex-m4 -std=gnu11 -g3 -DDEBUG -DSTM32F303VCTx -DSTM32 -DSTM32F3 -DSTM32F3DISCOVERY -c -I../Inc -I"C:/Users/benri/OneDrive/Documents/MTRX2700/MTRX2700_Assignment2/stm32f303-definitions/Core/Inc" -O0 -ffunction-sections -fdata-sections -Wall -fstack-usage -fcyclomatic-complexity -MMD -MP -MF"Src/main.d" -MT"Src/main.o" --specs=nano.specs -mfpu=fpv4-sp-d16 -mfloat-abi=hard -mthumb -o "Src/main.o"
../Src/main.c:68:4: warning: #warning "FPU is not initialized, but the project is compiling for an FPU. Please initialize the FPU before use." [-Wcpp]
   68 |   #warning "FPU is not initialized, but the project is compiling for an FPU. Please initialize the FPU before use."
      |    ^~~~~~~
arm-none-eabi-gcc -o "task_3_1.elf" @"objects.list"   -mcpu=cortex-m4 -T"C:\Users\benri\OneDrive\Documents\MTRX2700\MTRX2700_Assignment2\task_3_1\STM32F303VCTX_FLASH.ld" --specs=nosys.specs -Wl,-Map="task_3_1.map" -Wl,--gc-sections -static --specs=nano.specs -mfpu=fpv4-sp-d16 -mfloat-abi=hard -mthumb -Wl,--start-group -lc -lm -Wl,--end-group
Finished building target: task_3_1.elf
 
arm-none-eabi-size  task_3_1.elf 
arm-none-eabi-objdump -h -S task_3_1.elf  > "task_3_1.list"
   text	   data	    bss	    dec	    hex	filename
   1084	      8	   1568	   2660	    a64	task_3_1.elf
Finished building: default.size.stdout
 
Finished building: task_3_1.list
 
11:40:35 **** Incremental Build of configuration Debug for project task_3_1 ****
make -j20 all 
arm-none-eabi-size  task_3_1.elf 
   text	   data	    bss	    dec	    hex	filename
   1084	      8	   1568	   2660	    a64	task_3_1.elf
Finished building: default.size.stdout
 
11:41:16 **** Incremental Build of configuration Debug for project task_3_1 ****
make -j20 all 
arm-none-eabi-size  task_3_1.elf 
   text	   data	    bss	    dec	    hex	filename
   1084	      8	   1568	   2660	    a64	task_3_1.elf
Finished building: default.size.stdout
 
11:42:32 **** Incremental Build of configuration Debug for project task_3_1 ****
make -j20 all 
arm-none-eabi-gcc "../Src/main.c" -mcpu=cortex-m4 -std=gnu11 -g3 -DDEBUG -DSTM32F303VCTx -DSTM32 -DSTM32F3 -DSTM32F3DISCOVERY -c -I../Inc -I"C:/Users/benri/OneDrive/Documents/MTRX2700/MTRX2700_Assignment2/stm32f303-definitions/Core/Inc" -O0 -ffunction-sections -fdata-sections -Wall -fstack-usage -fcyclomatic-complexity -MMD -MP -MF"Src/main.d" -MT"Src/main.o" --specs=nano.specs -mfpu=fpv4-sp-d16 -mfloat-abi=hard -mthumb -o "Src/main.o"
../Src/main.c:68:4: warning: #warning "FPU is not initialized, but the project is compiling for an FPU. Please initialize the FPU before use." [-Wcpp]
   68 |   #warning "FPU is not initialized, but the project is compiling for an FPU. Please initialize the FPU before use."
      |    ^~~~~~~
arm-none-eabi-gcc -o "task_3_1.elf" @"objects.list"   -mcpu=cortex-m4 -T"C:\Users\benri\OneDrive\Documents\MTRX2700\MTRX2700_Assignment2\task_3_1\STM32F303VCTX_FLASH.ld" --specs=nosys.specs -Wl,-Map="task_3_1.map" -Wl,--gc-sections -static --specs=nano.specs -mfpu=fpv4-sp-d16 -mfloat-abi=hard -mthumb -Wl,--start-group -lc -lm -Wl,--end-group
Finished building target: task_3_1.elf
 
arm-none-eabi-size  task_3_1.elf 
arm-none-eabi-objdump -h -S task_3_1.elf  > "task_3_1.list"
   text	   data	    bss	    dec	    hex	filename
   1084	      8	   1568	   2660	    a64	task_3_1.elf
Finished building: default.size.stdout
 
Finished building: task_3_1.list
 
11:43:54 **** Incremental Build of configuration Debug for project task_3_1 ****
make -j20 all 
arm-none-eabi-gcc "../Src/main.c" -mcpu=cortex-m4 -std=gnu11 -g3 -DDEBUG -DSTM32F303VCTx -DSTM32 -DSTM32F3 -DSTM32F3DISCOVERY -c -I../Inc -I"C:/Users/benri/OneDrive/Documents/MTRX2700/MTRX2700_Assignment2/stm32f303-definitions/Core/Inc" -O0 -ffunction-sections -fdata-sections -Wall -fstack-usage -fcyclomatic-complexity -MMD -MP -MF"Src/main.d" -MT"Src/main.o" --specs=nano.specs -mfpu=fpv4-sp-d16 -mfloat-abi=hard -mthumb -o "Src/main.o"
../Src/main.c:68:4: warning: #warning "FPU is not initialized, but the project is compiling for an FPU. Please initialize the FPU before use." [-Wcpp]
   68 |   #warning "FPU is not initialized, but the project is compiling for an FPU. Please initialize the FPU before use."
      |    ^~~~~~~
arm-none-eabi-gcc -o "task_3_1.elf" @"objects.list"   -mcpu=cortex-m4 -T"C:\Users\benri\OneDrive\Documents\MTRX2700\MTRX2700_Assignment2\task_3_1\STM32F303VCTX_FLASH.ld" --specs=nosys.specs -Wl,-Map="task_3_1.map" -Wl,--gc-sections -static --specs=nano.specs -mfpu=fpv4-sp-d16 -mfloat-abi=hard -mthumb -Wl,--start-group -lc -lm -Wl,--end-group
Finished building target: task_3_1.elf
 
arm-none-eabi-size  task_3_1.elf 
arm-none-eabi-objdump -h -S task_3_1.elf  > "task_3_1.list"
   text	   data	    bss	    dec	    hex	filename
   1084	      8	   1568	   2660	    a64	task_3_1.elf
Finished building: default.size.stdout
 
Finished building: task_3_1.list
 
11:46:21 **** Incremental Build of configuration Debug for project task_3_1 ****
make -j20 all 
arm-none-eabi-gcc "../Src/main.c" -mcpu=cortex-m4 -std=gnu11 -g3 -DDEBUG -DSTM32F303VCTx -DSTM32 -DSTM32F3 -DSTM32F3DISCOVERY -c -I../Inc -I"C:/Users/benri/OneDrive/Documents/MTRX2700/MTRX2700_Assignment2/stm32f303-definitions/Core/Inc" -O0 -ffunction-sections -fdata-sections -Wall -fstack-usage -fcyclomatic-complexity -MMD -MP -MF"Src/main.d" -MT"Src/main.o" --specs=nano.specs -mfpu=fpv4-sp-d16 -mfloat-abi=hard -mthumb -o "Src/main.o"
../Src/main.c:68:4: warning: #warning "FPU is not initialized, but the project is compiling for an FPU. Please initialize the FPU before use." [-Wcpp]
   68 |   #warning "FPU is not initialized, but the project is compiling for an FPU. Please initialize the FPU before use."
      |    ^~~~~~~
arm-none-eabi-gcc -o "task_3_1.elf" @"objects.list"   -mcpu=cortex-m4 -T"C:\Users\benri\OneDrive\Documents\MTRX2700\MTRX2700_Assignment2\task_3_1\STM32F303VCTX_FLASH.ld" --specs=nosys.specs -Wl,-Map="task_3_1.map" -Wl,--gc-sections -static --specs=nano.specs -mfpu=fpv4-sp-d16 -mfloat-abi=hard -mthumb -Wl,--start-group -lc -lm -Wl,--end-group
Finished building target: task_3_1.elf
 
arm-none-eabi-size  task_3_1.elf 
arm-none-eabi-objdump -h -S task_3_1.elf  > "task_3_1.list"
   text	   data	    bss	    dec	    hex	filename
   1100	      8	   1568	   2676	    a74	task_3_1.elf
Finished building: default.size.stdout
 
Finished building: task_3_1.list
 
11:46:57 **** Incremental Build of configuration Debug for project task_3_1 ****
make -j20 all 
arm-none-eabi-gcc "../Src/main.c" -mcpu=cortex-m4 -std=gnu11 -g3 -DDEBUG -DSTM32F303VCTx -DSTM32 -DSTM32F3 -DSTM32F3DISCOVERY -c -I../Inc -I"C:/Users/benri/OneDrive/Documents/MTRX2700/MTRX2700_Assignment2/stm32f303-definitions/Core/Inc" -O0 -ffunction-sections -fdata-sections -Wall -fstack-usage -fcyclomatic-complexity -MMD -MP -MF"Src/main.d" -MT"Src/main.o" --specs=nano.specs -mfpu=fpv4-sp-d16 -mfloat-abi=hard -mthumb -o "Src/main.o"
../Src/main.c:68:4: warning: #warning "FPU is not initialized, but the project is compiling for an FPU. Please initialize the FPU before use." [-Wcpp]
   68 |   #warning "FPU is not initialized, but the project is compiling for an FPU. Please initialize the FPU before use."
      |    ^~~~~~~
arm-none-eabi-gcc -o "task_3_1.elf" @"objects.list"   -mcpu=cortex-m4 -T"C:\Users\benri\OneDrive\Documents\MTRX2700\MTRX2700_Assignment2\task_3_1\STM32F303VCTX_FLASH.ld" --specs=nosys.specs -Wl,-Map="task_3_1.map" -Wl,--gc-sections -static --specs=nano.specs -mfpu=fpv4-sp-d16 -mfloat-abi=hard -mthumb -Wl,--start-group -lc -lm -Wl,--end-group
Finished building target: task_3_1.elf
 
arm-none-eabi-size  task_3_1.elf 
arm-none-eabi-objdump -h -S task_3_1.elf  > "task_3_1.list"
   text	   data	    bss	    dec	    hex	filename
   1104	      8	   1568	   2680	    a78	task_3_1.elf
Finished building: default.size.stdout
 
Finished building: task_3_1.list
 
11:54:06 **** Incremental Build of configuration Debug for project task_3_1 ****
make -j20 all 
arm-none-eabi-gcc "../Src/main.c" -mcpu=cortex-m4 -std=gnu11 -g3 -DDEBUG -DSTM32F303VCTx -DSTM32 -DSTM32F3 -DSTM32F3DISCOVERY -c -I../Inc -I"C:/Users/benri/OneDrive/Documents/MTRX2700/MTRX2700_Assignment2/stm32f303-definitions/Core/Inc" -O0 -ffunction-sections -fdata-sections -Wall -fstack-usage -fcyclomatic-complexity -MMD -MP -MF"Src/main.d" -MT"Src/main.o" --specs=nano.specs -mfpu=fpv4-sp-d16 -mfloat-abi=hard -mthumb -o "Src/main.o"
../Src/main.c:68:4: warning: #warning "FPU is not initialized, but the project is compiling for an FPU. Please initialize the FPU before use." [-Wcpp]
   68 |   #warning "FPU is not initialized, but the project is compiling for an FPU. Please initialize the FPU before use."
      |    ^~~~~~~
arm-none-eabi-gcc -o "task_3_1.elf" @"objects.list"   -mcpu=cortex-m4 -T"C:\Users\benri\OneDrive\Documents\MTRX2700\MTRX2700_Assignment2\task_3_1\STM32F303VCTX_FLASH.ld" --specs=nosys.specs -Wl,-Map="task_3_1.map" -Wl,--gc-sections -static --specs=nano.specs -mfpu=fpv4-sp-d16 -mfloat-abi=hard -mthumb -Wl,--start-group -lc -lm -Wl,--end-group
Finished building target: task_3_1.elf
 
arm-none-eabi-size  task_3_1.elf 
arm-none-eabi-objdump -h -S task_3_1.elf  > "task_3_1.list"
   text	   data	    bss	    dec	    hex	filename
   1132	      8	   1568	   2708	    a94	task_3_1.elf
Finished building: default.size.stdout
 
Finished building: task_3_1.list
 
14:39:00 **** Incremental Build of configuration Debug for project task_3_1 ****
make -j20 all 
arm-none-eabi-gcc "../Src/main.c" -mcpu=cortex-m4 -std=gnu11 -g3 -DDEBUG -DSTM32F303VCTx -DSTM32 -DSTM32F3 -DSTM32F3DISCOVERY -c -I../Inc -I"C:/Users/benri/OneDrive/Documents/MTRX2700/MTRX2700_Assignment2/stm32f303-definitions/Core/Inc" -O0 -ffunction-sections -fdata-sections -Wall -fstack-usage -fcyclomatic-complexity -MMD -MP -MF"Src/main.d" -MT"Src/main.o" --specs=nano.specs -mfpu=fpv4-sp-d16 -mfloat-abi=hard -mthumb -o "Src/main.o"
arm-none-eabi-gcc "../Src/syscalls.c" -mcpu=cortex-m4 -std=gnu11 -g3 -DDEBUG -DSTM32F303VCTx -DSTM32 -DSTM32F3 -DSTM32F3DISCOVERY -c -I../Inc -I"C:/Users/benri/OneDrive/Documents/MTRX2700/MTRX2700_Assignment2/stm32f303-definitions/Core/Inc" -O0 -ffunction-sections -fdata-sections -Wall -fstack-usage -fcyclomatic-complexity -MMD -MP -MF"Src/syscalls.d" -MT"Src/syscalls.o" --specs=nano.specs -mfpu=fpv4-sp-d16 -mfloat-abi=hard -mthumb -o "Src/syscalls.o"
arm-none-eabi-gcc "../Src/sysmem.c" -mcpu=cortex-m4 -std=gnu11 -g3 -DDEBUG -DSTM32F303VCTx -DSTM32 -DSTM32F3 -DSTM32F3DISCOVERY -c -I../Inc -I"C:/Users/benri/OneDrive/Documents/MTRX2700/MTRX2700_Assignment2/stm32f303-definitions/Core/Inc" -O0 -ffunction-sections -fdata-sections -Wall -fstack-usage -fcyclomatic-complexity -MMD -MP -MF"Src/sysmem.d" -MT"Src/sysmem.o" --specs=nano.specs -mfpu=fpv4-sp-d16 -mfloat-abi=hard -mthumb -o "Src/sysmem.o"
arm-none-eabi-gcc "../Src/timer.c" -mcpu=cortex-m4 -std=gnu11 -g3 -DDEBUG -DSTM32F303VCTx -DSTM32 -DSTM32F3 -DSTM32F3DISCOVERY -c -I../Inc -I"C:/Users/benri/OneDrive/Documents/MTRX2700/MTRX2700_Assignment2/stm32f303-definitions/Core/Inc" -O0 -ffunction-sections -fdata-sections -Wall -fstack-usage -fcyclomatic-complexity -MMD -MP -MF"Src/timer.d" -MT"Src/timer.o" --specs=nano.specs -mfpu=fpv4-sp-d16 -mfloat-abi=hard -mthumb -o "Src/timer.o"
../Src/main.c:70:4: warning: #warning "FPU is not initialized, but the project is compiling for an FPU. Please initialize the FPU before use." [-Wcpp]
   70 |   #warning "FPU is not initialized, but the project is compiling for an FPU. Please initialize the FPU before use."
      |    ^~~~~~~
../Src/timer.c: In function 'TIM2_IRQHandler':
../Src/timer.c:19:13: error: 'on_timer_overflow' undeclared (first use in this function)
   19 |         if (on_timer_overflow != 0x00) { // make sure the handler is not null
      |             ^~~~~~~~~~~~~~~~~
../Src/timer.c:19:13: note: each undeclared identifier is reported only once for each function it appears in
../Src/timer.c:20:13: warning: implicit declaration of function 'on_timer_overflow' [-Wimplicit-function-declaration]
   20 |             on_timer_overflow();
      |             ^~~~~~~~~~~~~~~~~
make: *** [Src/subdir.mk:28: Src/timer.o] Error 1
make: *** Waiting for unfinished jobs....
"make -j20 all" terminated with exit code 2. Build might be incomplete.
14:40:44 **** Incremental Build of configuration Debug for project task_3_1 ****
make -j20 all 
arm-none-eabi-gcc "../Src/main.c" -mcpu=cortex-m4 -std=gnu11 -g3 -DDEBUG -DSTM32F303VCTx -DSTM32 -DSTM32F3 -DSTM32F3DISCOVERY -c -I../Inc -I"C:/Users/benri/OneDrive/Documents/MTRX2700/MTRX2700_Assignment2/stm32f303-definitions/Core/Inc" -O0 -ffunction-sections -fdata-sections -Wall -fstack-usage -fcyclomatic-complexity -MMD -MP -MF"Src/main.d" -MT"Src/main.o" --specs=nano.specs -mfpu=fpv4-sp-d16 -mfloat-abi=hard -mthumb -o "Src/main.o"
arm-none-eabi-gcc "../Src/timer.c" -mcpu=cortex-m4 -std=gnu11 -g3 -DDEBUG -DSTM32F303VCTx -DSTM32 -DSTM32F3 -DSTM32F3DISCOVERY -c -I../Inc -I"C:/Users/benri/OneDrive/Documents/MTRX2700/MTRX2700_Assignment2/stm32f303-definitions/Core/Inc" -O0 -ffunction-sections -fdata-sections -Wall -fstack-usage -fcyclomatic-complexity -MMD -MP -MF"Src/timer.d" -MT"Src/timer.o" --specs=nano.specs -mfpu=fpv4-sp-d16 -mfloat-abi=hard -mthumb -o "Src/timer.o"
../Src/main.c:70:4: warning: #warning "FPU is not initialized, but the project is compiling for an FPU. Please initialize the FPU before use." [-Wcpp]
   70 |   #warning "FPU is not initialized, but the project is compiling for an FPU. Please initialize the FPU before use."
      |    ^~~~~~~
arm-none-eabi-gcc -o "task_3_1.elf" @"objects.list"   -mcpu=cortex-m4 -T"C:\Users\benri\OneDrive\Documents\MTRX2700\MTRX2700_Assignment2\task_3_1\STM32F303VCTX_FLASH.ld" --specs=nosys.specs -Wl,-Map="task_3_1.map" -Wl,--gc-sections -static --specs=nano.specs -mfpu=fpv4-sp-d16 -mfloat-abi=hard -mthumb -Wl,--start-group -lc -lm -Wl,--end-group
Finished building target: task_3_1.elf
 
arm-none-eabi-size  task_3_1.elf 
arm-none-eabi-objdump -h -S task_3_1.elf  > "task_3_1.list"
   text	   data	    bss	    dec	    hex	filename
   1132	      8	   1568	   2708	    a94	task_3_1.elf
Finished building: default.size.stdout
 
Finished building: task_3_1.list
 
14:40:51 **** Incremental Build of configuration Debug for project task_3_1 ****
make -j20 all 
arm-none-eabi-size  task_3_1.elf 
   text	   data	    bss	    dec	    hex	filename
   1132	      8	   1568	   2708	    a94	task_3_1.elf
Finished building: default.size.stdout
 
14:45:05 **** Incremental Build of configuration Debug for project task_3_1 ****
make -j20 all 
arm-none-eabi-gcc "../Src/initialise.c" -mcpu=cortex-m4 -std=gnu11 -g3 -DDEBUG -DSTM32F303VCTx -DSTM32 -DSTM32F3 -DSTM32F3DISCOVERY -c -I../Inc -I"C:/Users/benri/OneDrive/Documents/MTRX2700/MTRX2700_Assignment2/stm32f303-definitions/Core/Inc" -O0 -ffunction-sections -fdata-sections -Wall -fstack-usage -fcyclomatic-complexity -MMD -MP -MF"Src/initialise.d" -MT"Src/initialise.o" --specs=nano.specs -mfpu=fpv4-sp-d16 -mfloat-abi=hard -mthumb -o "Src/initialise.o"
arm-none-eabi-gcc "../Src/main.c" -mcpu=cortex-m4 -std=gnu11 -g3 -DDEBUG -DSTM32F303VCTx -DSTM32 -DSTM32F3 -DSTM32F3DISCOVERY -c -I../Inc -I"C:/Users/benri/OneDrive/Documents/MTRX2700/MTRX2700_Assignment2/stm32f303-definitions/Core/Inc" -O0 -ffunction-sections -fdata-sections -Wall -fstack-usage -fcyclomatic-complexity -MMD -MP -MF"Src/main.d" -MT"Src/main.o" --specs=nano.specs -mfpu=fpv4-sp-d16 -mfloat-abi=hard -mthumb -o "Src/main.o"
arm-none-eabi-gcc "../Src/syscalls.c" -mcpu=cortex-m4 -std=gnu11 -g3 -DDEBUG -DSTM32F303VCTx -DSTM32 -DSTM32F3 -DSTM32F3DISCOVERY -c -I../Inc -I"C:/Users/benri/OneDrive/Documents/MTRX2700/MTRX2700_Assignment2/stm32f303-definitions/Core/Inc" -O0 -ffunction-sections -fdata-sections -Wall -fstack-usage -fcyclomatic-complexity -MMD -MP -MF"Src/syscalls.d" -MT"Src/syscalls.o" --specs=nano.specs -mfpu=fpv4-sp-d16 -mfloat-abi=hard -mthumb -o "Src/syscalls.o"
arm-none-eabi-gcc "../Src/sysmem.c" -mcpu=cortex-m4 -std=gnu11 -g3 -DDEBUG -DSTM32F303VCTx -DSTM32 -DSTM32F3 -DSTM32F3DISCOVERY -c -I../Inc -I"C:/Users/benri/OneDrive/Documents/MTRX2700/MTRX2700_Assignment2/stm32f303-definitions/Core/Inc" -O0 -ffunction-sections -fdata-sections -Wall -fstack-usage -fcyclomatic-complexity -MMD -MP -MF"Src/sysmem.d" -MT"Src/sysmem.o" --specs=nano.specs -mfpu=fpv4-sp-d16 -mfloat-abi=hard -mthumb -o "Src/sysmem.o"
arm-none-eabi-gcc "../Src/timer.c" -mcpu=cortex-m4 -std=gnu11 -g3 -DDEBUG -DSTM32F303VCTx -DSTM32 -DSTM32F3 -DSTM32F3DISCOVERY -c -I../Inc -I"C:/Users/benri/OneDrive/Documents/MTRX2700/MTRX2700_Assignment2/stm32f303-definitions/Core/Inc" -O0 -ffunction-sections -fdata-sections -Wall -fstack-usage -fcyclomatic-complexity -MMD -MP -MF"Src/timer.d" -MT"Src/timer.o" --specs=nano.specs -mfpu=fpv4-sp-d16 -mfloat-abi=hard -mthumb -o "Src/timer.o"
../Src/main.c:70:4: warning: #warning "FPU is not initialized, but the project is compiling for an FPU. Please initialize the FPU before use." [-Wcpp]
   70 |   #warning "FPU is not initialized, but the project is compiling for an FPU. Please initialize the FPU before use."
      |    ^~~~~~~
../Src/main.c: In function 'main':
../Src/main.c:104:9: warning: implicit declaration of function 'initialise_board' [-Wimplicit-function-declaration]
  104 |         initialise_board();
      |         ^~~~~~~~~~~~~~~~
arm-none-eabi-gcc -o "task_3_1.elf" @"objects.list"   -mcpu=cortex-m4 -T"C:\Users\benri\OneDrive\Documents\MTRX2700\MTRX2700_Assignment2\task_3_1\STM32F303VCTX_FLASH.ld" --specs=nosys.specs -Wl,-Map="task_3_1.map" -Wl,--gc-sections -static --specs=nano.specs -mfpu=fpv4-sp-d16 -mfloat-abi=hard -mthumb -Wl,--start-group -lc -lm -Wl,--end-group
Finished building target: task_3_1.elf
 
arm-none-eabi-size  task_3_1.elf 
arm-none-eabi-objdump -h -S task_3_1.elf  > "task_3_1.list"
   text	   data	    bss	    dec	    hex	filename
   1132	      8	   1568	   2708	    a94	task_3_1.elf
Finished building: default.size.stdout
 
Finished building: task_3_1.list
 
14:47:40 **** Incremental Build of configuration Debug for project task_3_1 ****
make -j20 all 
arm-none-eabi-gcc "../Src/main.c" -mcpu=cortex-m4 -std=gnu11 -g3 -DDEBUG -DSTM32F303VCTx -DSTM32 -DSTM32F3 -DSTM32F3DISCOVERY -c -I../Inc -I"C:/Users/benri/OneDrive/Documents/MTRX2700/MTRX2700_Assignment2/stm32f303-definitions/Core/Inc" -O0 -ffunction-sections -fdata-sections -Wall -fstack-usage -fcyclomatic-complexity -MMD -MP -MF"Src/main.d" -MT"Src/main.o" --specs=nano.specs -mfpu=fpv4-sp-d16 -mfloat-abi=hard -mthumb -o "Src/main.o"
../Src/main.c:53:4: warning: #warning "FPU is not initialized, but the project is compiling for an FPU. Please initialize the FPU before use." [-Wcpp]
   53 |   #warning "FPU is not initialized, but the project is compiling for an FPU. Please initialize the FPU before use."
      |    ^~~~~~~
arm-none-eabi-gcc -o "task_3_1.elf" @"objects.list"   -mcpu=cortex-m4 -T"C:\Users\benri\OneDrive\Documents\MTRX2700\MTRX2700_Assignment2\task_3_1\STM32F303VCTX_FLASH.ld" --specs=nosys.specs -Wl,-Map="task_3_1.map" -Wl,--gc-sections -static --specs=nano.specs -mfpu=fpv4-sp-d16 -mfloat-abi=hard -mthumb -Wl,--start-group -lc -lm -Wl,--end-group
Finished building target: task_3_1.elf
 
arm-none-eabi-size  task_3_1.elf 
arm-none-eabi-objdump -h -S task_3_1.elf  > "task_3_1.list"
   text	   data	    bss	    dec	    hex	filename
   1132	      8	   1568	   2708	    a94	task_3_1.elf
Finished building: default.size.stdout
 
Finished building: task_3_1.list
 
20:05:02 **** Build of configuration Debug for project task_3_2 ****
make -j20 all 
arm-none-eabi-gcc -mcpu=cortex-m4 -g3 -DDEBUG -c -x assembler-with-cpp -MMD -MP -MF"Startup/startup_stm32f303vctx.d" -MT"Startup/startup_stm32f303vctx.o" --specs=nano.specs -mfpu=fpv4-sp-d16 -mfloat-abi=hard -mthumb -o "Startup/startup_stm32f303vctx.o" "../Startup/startup_stm32f303vctx.s"
arm-none-eabi-gcc "../Src/initialise.c" -mcpu=cortex-m4 -std=gnu11 -g3 -DDEBUG -DSTM32F303VCTx -DSTM32 -DSTM32F3 -DSTM32F3DISCOVERY -c -I../Inc -I"C:/Users/benri/OneDrive/Documents/MTRX2700/MTRX2700_Assignment2/stm32f303-definitions" -O0 -ffunction-sections -fdata-sections -Wall -fstack-usage -fcyclomatic-complexity -MMD -MP -MF"Src/initialise.d" -MT"Src/initialise.o" --specs=nano.specs -mfpu=fpv4-sp-d16 -mfloat-abi=hard -mthumb -o "Src/initialise.o"
arm-none-eabi-gcc "../Src/main.c" -mcpu=cortex-m4 -std=gnu11 -g3 -DDEBUG -DSTM32F303VCTx -DSTM32 -DSTM32F3 -DSTM32F3DISCOVERY -c -I../Inc -I"C:/Users/benri/OneDrive/Documents/MTRX2700/MTRX2700_Assignment2/stm32f303-definitions" -O0 -ffunction-sections -fdata-sections -Wall -fstack-usage -fcyclomatic-complexity -MMD -MP -MF"Src/main.d" -MT"Src/main.o" --specs=nano.specs -mfpu=fpv4-sp-d16 -mfloat-abi=hard -mthumb -o "Src/main.o"
arm-none-eabi-gcc "../Src/syscalls.c" -mcpu=cortex-m4 -std=gnu11 -g3 -DDEBUG -DSTM32F303VCTx -DSTM32 -DSTM32F3 -DSTM32F3DISCOVERY -c -I../Inc -I"C:/Users/benri/OneDrive/Documents/MTRX2700/MTRX2700_Assignment2/stm32f303-definitions" -O0 -ffunction-sections -fdata-sections -Wall -fstack-usage -fcyclomatic-complexity -MMD -MP -MF"Src/syscalls.d" -MT"Src/syscalls.o" --specs=nano.specs -mfpu=fpv4-sp-d16 -mfloat-abi=hard -mthumb -o "Src/syscalls.o"
arm-none-eabi-gcc "../Src/sysmem.c" -mcpu=cortex-m4 -std=gnu11 -g3 -DDEBUG -DSTM32F303VCTx -DSTM32 -DSTM32F3 -DSTM32F3DISCOVERY -c -I../Inc -I"C:/Users/benri/OneDrive/Documents/MTRX2700/MTRX2700_Assignment2/stm32f303-definitions" -O0 -ffunction-sections -fdata-sections -Wall -fstack-usage -fcyclomatic-complexity -MMD -MP -MF"Src/sysmem.d" -MT"Src/sysmem.o" --specs=nano.specs -mfpu=fpv4-sp-d16 -mfloat-abi=hard -mthumb -o "Src/sysmem.o"
arm-none-eabi-gcc "../Src/timer.c" -mcpu=cortex-m4 -std=gnu11 -g3 -DDEBUG -DSTM32F303VCTx -DSTM32 -DSTM32F3 -DSTM32F3DISCOVERY -c -I../Inc -I"C:/Users/benri/OneDrive/Documents/MTRX2700/MTRX2700_Assignment2/stm32f303-definitions" -O0 -ffunction-sections -fdata-sections -Wall -fstack-usage -fcyclomatic-complexity -MMD -MP -MF"Src/timer.d" -MT"Src/timer.o" --specs=nano.specs -mfpu=fpv4-sp-d16 -mfloat-abi=hard -mthumb -o "Src/timer.o"
../Src/initialise.c:2:10: fatal error: stm32f303xc.h: No such file or directory
    2 | #include "stm32f303xc.h"
      |          ^~~~~~~~~~~~~~~
compilation terminated.
make: *** [Src/subdir.mk:31: Src/initialise.o] Error 1
make: *** Waiting for unfinished jobs....
../Src/main.c:3:10: fatal error: stm32f303xc.h: No such file or directory
    3 | #include "stm32f303xc.h"
      |          ^~~~~~~~~~~~~~~
compilation terminated.
make: *** [Src/subdir.mk:31: Src/main.o] Error 1
In file included from ../Src/timer.c:2:
../Inc/timer.h:6:10: fatal error: stm32f303xc.h: No such file or directory
    6 | #include "stm32f303xc.h"
      |          ^~~~~~~~~~~~~~~
compilation terminated.
make: *** [Src/subdir.mk:31: Src/timer.o] Error 1
"make -j20 all" terminated with exit code 2. Build might be incomplete.
20:07:15 **** Incremental Build of configuration Debug for project task_3_2 ****
make -j20 all 
arm-none-eabi-gcc "../Src/initialise.c" -mcpu=cortex-m4 -std=gnu11 -g3 -DDEBUG -DSTM32F303VCTx -DSTM32 -DSTM32F3 -DSTM32F3DISCOVERY -c -I../Inc -I"C:/Users/benri/OneDrive/Documents/MTRX2700/MTRX2700_Assignment2/stm32f303-definitions/Core/Inc" -O0 -ffunction-sections -fdata-sections -Wall -fstack-usage -fcyclomatic-complexity -MMD -MP -MF"Src/initialise.d" -MT"Src/initialise.o" --specs=nano.specs -mfpu=fpv4-sp-d16 -mfloat-abi=hard -mthumb -o "Src/initialise.o"
arm-none-eabi-gcc "../Src/main.c" -mcpu=cortex-m4 -std=gnu11 -g3 -DDEBUG -DSTM32F303VCTx -DSTM32 -DSTM32F3 -DSTM32F3DISCOVERY -c -I../Inc -I"C:/Users/benri/OneDrive/Documents/MTRX2700/MTRX2700_Assignment2/stm32f303-definitions/Core/Inc" -O0 -ffunction-sections -fdata-sections -Wall -fstack-usage -fcyclomatic-complexity -MMD -MP -MF"Src/main.d" -MT"Src/main.o" --specs=nano.specs -mfpu=fpv4-sp-d16 -mfloat-abi=hard -mthumb -o "Src/main.o"
arm-none-eabi-gcc "../Src/syscalls.c" -mcpu=cortex-m4 -std=gnu11 -g3 -DDEBUG -DSTM32F303VCTx -DSTM32 -DSTM32F3 -DSTM32F3DISCOVERY -c -I../Inc -I"C:/Users/benri/OneDrive/Documents/MTRX2700/MTRX2700_Assignment2/stm32f303-definitions/Core/Inc" -O0 -ffunction-sections -fdata-sections -Wall -fstack-usage -fcyclomatic-complexity -MMD -MP -MF"Src/syscalls.d" -MT"Src/syscalls.o" --specs=nano.specs -mfpu=fpv4-sp-d16 -mfloat-abi=hard -mthumb -o "Src/syscalls.o"
arm-none-eabi-gcc "../Src/sysmem.c" -mcpu=cortex-m4 -std=gnu11 -g3 -DDEBUG -DSTM32F303VCTx -DSTM32 -DSTM32F3 -DSTM32F3DISCOVERY -c -I../Inc -I"C:/Users/benri/OneDrive/Documents/MTRX2700/MTRX2700_Assignment2/stm32f303-definitions/Core/Inc" -O0 -ffunction-sections -fdata-sections -Wall -fstack-usage -fcyclomatic-complexity -MMD -MP -MF"Src/sysmem.d" -MT"Src/sysmem.o" --specs=nano.specs -mfpu=fpv4-sp-d16 -mfloat-abi=hard -mthumb -o "Src/sysmem.o"
arm-none-eabi-gcc "../Src/timer.c" -mcpu=cortex-m4 -std=gnu11 -g3 -DDEBUG -DSTM32F303VCTx -DSTM32 -DSTM32F3 -DSTM32F3DISCOVERY -c -I../Inc -I"C:/Users/benri/OneDrive/Documents/MTRX2700/MTRX2700_Assignment2/stm32f303-definitions/Core/Inc" -O0 -ffunction-sections -fdata-sections -Wall -fstack-usage -fcyclomatic-complexity -MMD -MP -MF"Src/timer.d" -MT"Src/timer.o" --specs=nano.specs -mfpu=fpv4-sp-d16 -mfloat-abi=hard -mthumb -o "Src/timer.o"
../Src/main.c:9:4: warning: #warning "FPU is not initialized, but the project is compiling for an FPU. Please initialize the FPU before use." [-Wcpp]
    9 |   #warning "FPU is not initialized, but the project is compiling for an FPU. Please initialize the FPU before use."
      |    ^~~~~~~
../Src/main.c: In function 'main':
../Src/main.c:53:9: error: 'TIM2_init' has an incomplete type 'HardwareTimer' {aka 'struct _HardwareTimer'}
   53 |         TIM2_init->ARRValue = period*8*1000; // overflow value
      |         ^~~~~~~~~
../Src/main.c:54:25: error: 'TIM2_init' has an incomplete type 'HardwareTimer' {aka 'struct _HardwareTimer'}
   54 |         TimerInitialise(TIM2_init);
      |                         ^~~~~~~~~
../Src/main.c:54:9: error: too few arguments to function 'TimerInitialise'
   54 |         TimerInitialise(TIM2_init);
      |         ^~~~~~~~~~~~~~~
In file included from ../Src/main.c:5:
../Inc/timer.h:17:6: note: declared here
   17 | void TimerInitialise(HardwareTimer *hardware_timer, void (*completion_function)(uint32_t));
      |      ^~~~~~~~~~~~~~~
make: *** [Src/subdir.mk:31: Src/main.o] Error 1
make: *** Waiting for unfinished jobs....
../Src/timer.c:24:17: error: 'RCC_AHBENR_TIM2EN' undeclared here (not in a function); did you mean 'RCC_APB1ENR_TIM2EN'?
   24 |                 RCC_AHBENR_TIM2EN,      // bit to enable for AHB bus
      |                 ^~~~~~~~~~~~~~~~~
      |                 RCC_APB1ENR_TIM2EN
../Src/timer.c: In function 'TimerInitialise':
../Src/timer.c:53:1: error: expected ';' before '}' token
   53 | }
      | ^
make: *** [Src/subdir.mk:31: Src/timer.o] Error 1
"make -j20 all" terminated with exit code 2. Build might be incomplete.
20:07:58 **** Incremental Build of configuration Debug for project task_3_2 ****
make -j20 all 
arm-none-eabi-gcc "../Src/main.c" -mcpu=cortex-m4 -std=gnu11 -g3 -DDEBUG -DSTM32F303VCTx -DSTM32 -DSTM32F3 -DSTM32F3DISCOVERY -c -I../Inc -I"C:/Users/benri/OneDrive/Documents/MTRX2700/MTRX2700_Assignment2/stm32f303-definitions/Core/Inc" -O0 -ffunction-sections -fdata-sections -Wall -fstack-usage -fcyclomatic-complexity -MMD -MP -MF"Src/main.d" -MT"Src/main.o" --specs=nano.specs -mfpu=fpv4-sp-d16 -mfloat-abi=hard -mthumb -o "Src/main.o"
arm-none-eabi-gcc "../Src/timer.c" -mcpu=cortex-m4 -std=gnu11 -g3 -DDEBUG -DSTM32F303VCTx -DSTM32 -DSTM32F3 -DSTM32F3DISCOVERY -c -I../Inc -I"C:/Users/benri/OneDrive/Documents/MTRX2700/MTRX2700_Assignment2/stm32f303-definitions/Core/Inc" -O0 -ffunction-sections -fdata-sections -Wall -fstack-usage -fcyclomatic-complexity -MMD -MP -MF"Src/timer.d" -MT"Src/timer.o" --specs=nano.specs -mfpu=fpv4-sp-d16 -mfloat-abi=hard -mthumb -o "Src/timer.o"
../Src/main.c:9:4: warning: #warning "FPU is not initialized, but the project is compiling for an FPU. Please initialize the FPU before use." [-Wcpp]
    9 |   #warning "FPU is not initialized, but the project is compiling for an FPU. Please initialize the FPU before use."
      |    ^~~~~~~
../Src/main.c: In function 'main':
../Src/main.c:53:9: error: 'TIM2_init' has an incomplete type 'HardwareTimer' {aka 'struct _HardwareTimer'}
   53 |         TIM2_init->ARRValue = period*8*1000; // overflow value
      |         ^~~~~~~~~
../Src/main.c:54:25: error: 'TIM2_init' has an incomplete type 'HardwareTimer' {aka 'struct _HardwareTimer'}
   54 |         TimerInitialise(TIM2_init);
      |                         ^~~~~~~~~
../Src/main.c:54:9: error: too few arguments to function 'TimerInitialise'
   54 |         TimerInitialise(TIM2_init);
      |         ^~~~~~~~~~~~~~~
In file included from ../Src/main.c:5:
../Inc/timer.h:17:6: note: declared here
   17 | void TimerInitialise(HardwareTimer *hardware_timer, void (*completion_function)(uint32_t));
      |      ^~~~~~~~~~~~~~~
make: *** [Src/subdir.mk:31: Src/main.o] Error 1
make: *** Waiting for unfinished jobs....
../Src/timer.c: In function 'TimerInitialise':
../Src/timer.c:53:1: error: expected ';' before '}' token
   53 | }
      | ^
make: *** [Src/subdir.mk:31: Src/timer.o] Error 1
"make -j20 all" terminated with exit code 2. Build might be incomplete.
20:08:14 **** Incremental Build of configuration Debug for project task_3_2 ****
make -j20 all 
arm-none-eabi-gcc "../Src/main.c" -mcpu=cortex-m4 -std=gnu11 -g3 -DDEBUG -DSTM32F303VCTx -DSTM32 -DSTM32F3 -DSTM32F3DISCOVERY -c -I../Inc -I"C:/Users/benri/OneDrive/Documents/MTRX2700/MTRX2700_Assignment2/stm32f303-definitions/Core/Inc" -O0 -ffunction-sections -fdata-sections -Wall -fstack-usage -fcyclomatic-complexity -MMD -MP -MF"Src/main.d" -MT"Src/main.o" --specs=nano.specs -mfpu=fpv4-sp-d16 -mfloat-abi=hard -mthumb -o "Src/main.o"
arm-none-eabi-gcc "../Src/timer.c" -mcpu=cortex-m4 -std=gnu11 -g3 -DDEBUG -DSTM32F303VCTx -DSTM32 -DSTM32F3 -DSTM32F3DISCOVERY -c -I../Inc -I"C:/Users/benri/OneDrive/Documents/MTRX2700/MTRX2700_Assignment2/stm32f303-definitions/Core/Inc" -O0 -ffunction-sections -fdata-sections -Wall -fstack-usage -fcyclomatic-complexity -MMD -MP -MF"Src/timer.d" -MT"Src/timer.o" --specs=nano.specs -mfpu=fpv4-sp-d16 -mfloat-abi=hard -mthumb -o "Src/timer.o"
../Src/main.c:9:4: warning: #warning "FPU is not initialized, but the project is compiling for an FPU. Please initialize the FPU before use." [-Wcpp]
    9 |   #warning "FPU is not initialized, but the project is compiling for an FPU. Please initialize the FPU before use."
      |    ^~~~~~~
../Src/main.c: In function 'main':
../Src/main.c:53:9: error: 'TIM2_init' has an incomplete type 'HardwareTimer' {aka 'struct _HardwareTimer'}
   53 |         TIM2_init->ARRValue = period*8*1000; // overflow value
      |         ^~~~~~~~~
../Src/main.c:54:25: error: 'TIM2_init' has an incomplete type 'HardwareTimer' {aka 'struct _HardwareTimer'}
   54 |         TimerInitialise(TIM2_init);
      |                         ^~~~~~~~~
../Src/main.c:54:9: error: too few arguments to function 'TimerInitialise'
   54 |         TimerInitialise(TIM2_init);
      |         ^~~~~~~~~~~~~~~
In file included from ../Src/main.c:5:
../Inc/timer.h:17:6: note: declared here
   17 | void TimerInitialise(HardwareTimer *hardware_timer, void (*completion_function)(uint32_t));
      |      ^~~~~~~~~~~~~~~
make: *** [Src/subdir.mk:31: Src/main.o] Error 1
make: *** Waiting for unfinished jobs....
../Src/timer.c: In function 'TimerInitialise':
../Src/timer.c:53:1: error: expected ';' before '}' token
   53 | }
      | ^
make: *** [Src/subdir.mk:31: Src/timer.o] Error 1
"make -j20 all" terminated with exit code 2. Build might be incomplete.
20:08:21 **** Incremental Build of configuration Debug for project task_3_2 ****
make -j20 all 
arm-none-eabi-gcc "../Src/main.c" -mcpu=cortex-m4 -std=gnu11 -g3 -DDEBUG -DSTM32F303VCTx -DSTM32 -DSTM32F3 -DSTM32F3DISCOVERY -c -I../Inc -I"C:/Users/benri/OneDrive/Documents/MTRX2700/MTRX2700_Assignment2/stm32f303-definitions/Core/Inc" -O0 -ffunction-sections -fdata-sections -Wall -fstack-usage -fcyclomatic-complexity -MMD -MP -MF"Src/main.d" -MT"Src/main.o" --specs=nano.specs -mfpu=fpv4-sp-d16 -mfloat-abi=hard -mthumb -o "Src/main.o"
arm-none-eabi-gcc "../Src/timer.c" -mcpu=cortex-m4 -std=gnu11 -g3 -DDEBUG -DSTM32F303VCTx -DSTM32 -DSTM32F3 -DSTM32F3DISCOVERY -c -I../Inc -I"C:/Users/benri/OneDrive/Documents/MTRX2700/MTRX2700_Assignment2/stm32f303-definitions/Core/Inc" -O0 -ffunction-sections -fdata-sections -Wall -fstack-usage -fcyclomatic-complexity -MMD -MP -MF"Src/timer.d" -MT"Src/timer.o" --specs=nano.specs -mfpu=fpv4-sp-d16 -mfloat-abi=hard -mthumb -o "Src/timer.o"
../Src/main.c:9:4: warning: #warning "FPU is not initialized, but the project is compiling for an FPU. Please initialize the FPU before use." [-Wcpp]
    9 |   #warning "FPU is not initialized, but the project is compiling for an FPU. Please initialize the FPU before use."
      |    ^~~~~~~
../Src/main.c: In function 'main':
../Src/main.c:53:9: error: 'TIM2_init' has an incomplete type 'HardwareTimer' {aka 'struct _HardwareTimer'}
   53 |         TIM2_init->ARRValue = period*8*1000; // overflow value
      |         ^~~~~~~~~
../Src/main.c:54:25: error: 'TIM2_init' has an incomplete type 'HardwareTimer' {aka 'struct _HardwareTimer'}
   54 |         TimerInitialise(TIM2_init);
      |                         ^~~~~~~~~
../Src/main.c:54:9: error: too few arguments to function 'TimerInitialise'
   54 |         TimerInitialise(TIM2_init);
      |         ^~~~~~~~~~~~~~~
In file included from ../Src/main.c:5:
../Inc/timer.h:17:6: note: declared here
   17 | void TimerInitialise(HardwareTimer *hardware_timer, void (*completion_function)(uint32_t));
      |      ^~~~~~~~~~~~~~~
make: *** [Src/subdir.mk:31: Src/main.o] Error 1
make: *** Waiting for unfinished jobs....
"make -j20 all" terminated with exit code 2. Build might be incomplete.
20:08:47 **** Incremental Build of configuration Debug for project task_3_2 ****
make -j20 all 
arm-none-eabi-gcc "../Src/main.c" -mcpu=cortex-m4 -std=gnu11 -g3 -DDEBUG -DSTM32F303VCTx -DSTM32 -DSTM32F3 -DSTM32F3DISCOVERY -c -I../Inc -I"C:/Users/benri/OneDrive/Documents/MTRX2700/MTRX2700_Assignment2/stm32f303-definitions/Core/Inc" -O0 -ffunction-sections -fdata-sections -Wall -fstack-usage -fcyclomatic-complexity -MMD -MP -MF"Src/main.d" -MT"Src/main.o" --specs=nano.specs -mfpu=fpv4-sp-d16 -mfloat-abi=hard -mthumb -o "Src/main.o"
../Src/main.c:9:4: warning: #warning "FPU is not initialized, but the project is compiling for an FPU. Please initialize the FPU before use." [-Wcpp]
    9 |   #warning "FPU is not initialized, but the project is compiling for an FPU. Please initialize the FPU before use."
      |    ^~~~~~~
../Src/main.c: In function 'main':
../Src/main.c:53:9: error: 'TIM2_init' has an incomplete type 'HardwareTimer' {aka 'struct _HardwareTimer'}
   53 |         TIM2_init->ARRValue = period*8*1000; // overflow value
      |         ^~~~~~~~~
../Src/main.c:54:25: error: 'TIM2_init' has an incomplete type 'HardwareTimer' {aka 'struct _HardwareTimer'}
   54 |         TimerInitialise(TIM2_init);
      |                         ^~~~~~~~~
../Src/main.c:54:9: error: too few arguments to function 'TimerInitialise'
   54 |         TimerInitialise(TIM2_init);
      |         ^~~~~~~~~~~~~~~
In file included from ../Src/main.c:5:
../Inc/timer.h:17:6: note: declared here
   17 | void TimerInitialise(HardwareTimer *hardware_timer, void (*completion_function)(uint32_t));
      |      ^~~~~~~~~~~~~~~
make: *** [Src/subdir.mk:31: Src/main.o] Error 1
"make -j20 all" terminated with exit code 2. Build might be incomplete.
20:09:15 **** Incremental Build of configuration Debug for project task_3_2 ****
make -j20 all 
arm-none-eabi-gcc "../Src/main.c" -mcpu=cortex-m4 -std=gnu11 -g3 -DDEBUG -DSTM32F303VCTx -DSTM32 -DSTM32F3 -DSTM32F3DISCOVERY -c -I../Inc -I"C:/Users/benri/OneDrive/Documents/MTRX2700/MTRX2700_Assignment2/stm32f303-definitions/Core/Inc" -O0 -ffunction-sections -fdata-sections -Wall -fstack-usage -fcyclomatic-complexity -MMD -MP -MF"Src/main.d" -MT"Src/main.o" --specs=nano.specs -mfpu=fpv4-sp-d16 -mfloat-abi=hard -mthumb -o "Src/main.o"
arm-none-eabi-gcc "../Src/timer.c" -mcpu=cortex-m4 -std=gnu11 -g3 -DDEBUG -DSTM32F303VCTx -DSTM32 -DSTM32F3 -DSTM32F3DISCOVERY -c -I../Inc -I"C:/Users/benri/OneDrive/Documents/MTRX2700/MTRX2700_Assignment2/stm32f303-definitions/Core/Inc" -O0 -ffunction-sections -fdata-sections -Wall -fstack-usage -fcyclomatic-complexity -MMD -MP -MF"Src/timer.d" -MT"Src/timer.o" --specs=nano.specs -mfpu=fpv4-sp-d16 -mfloat-abi=hard -mthumb -o "Src/timer.o"
../Src/main.c:9:4: warning: #warning "FPU is not initialized, but the project is compiling for an FPU. Please initialize the FPU before use." [-Wcpp]
    9 |   #warning "FPU is not initialized, but the project is compiling for an FPU. Please initialize the FPU before use."
      |    ^~~~~~~
../Src/main.c: In function 'main':
../Src/main.c:53:9: error: 'TIM2_init' has an incomplete type 'HardwareTimer' {aka 'struct _HardwareTimer'}
   53 |         TIM2_init->ARRValue = period*8*1000; // overflow value
      |         ^~~~~~~~~
../Src/main.c:54:25: error: 'TIM2_init' has an incomplete type 'HardwareTimer' {aka 'struct _HardwareTimer'}
   54 |         TimerInitialise(TIM2_init);
      |                         ^~~~~~~~~
make: *** [Src/subdir.mk:31: Src/main.o] Error 1
make: *** Waiting for unfinished jobs....
../Src/timer.c:31:6: error: conflicting types for 'TimerInitialise'; have 'void(HardwareTimer *, void (*)(uint32_t))' {aka 'void(struct _HardwareTimer *, void (*)(long unsigned int))'}
   31 | void TimerInitialise(HardwareTimer *hardware_timer, void (*completion_function)(uint32_t)) {
      |      ^~~~~~~~~~~~~~~
In file included from ../Src/timer.c:2:
../Inc/timer.h:17:6: note: previous declaration of 'TimerInitialise' with type 'void(HardwareTimer *)' {aka 'void(struct _HardwareTimer *)'}
   17 | void TimerInitialise(HardwareTimer *hardware_timer);
      |      ^~~~~~~~~~~~~~~
make: *** [Src/subdir.mk:31: Src/timer.o] Error 1
"make -j20 all" terminated with exit code 2. Build might be incomplete.
20:10:14 **** Incremental Build of configuration Debug for project task_3_2 ****
make -j20 all 
arm-none-eabi-gcc "../Src/main.c" -mcpu=cortex-m4 -std=gnu11 -g3 -DDEBUG -DSTM32F303VCTx -DSTM32 -DSTM32F3 -DSTM32F3DISCOVERY -c -I../Inc -I"C:/Users/benri/OneDrive/Documents/MTRX2700/MTRX2700_Assignment2/stm32f303-definitions/Core/Inc" -O0 -ffunction-sections -fdata-sections -Wall -fstack-usage -fcyclomatic-complexity -MMD -MP -MF"Src/main.d" -MT"Src/main.o" --specs=nano.specs -mfpu=fpv4-sp-d16 -mfloat-abi=hard -mthumb -o "Src/main.o"
arm-none-eabi-gcc "../Src/timer.c" -mcpu=cortex-m4 -std=gnu11 -g3 -DDEBUG -DSTM32F303VCTx -DSTM32 -DSTM32F3 -DSTM32F3DISCOVERY -c -I../Inc -I"C:/Users/benri/OneDrive/Documents/MTRX2700/MTRX2700_Assignment2/stm32f303-definitions/Core/Inc" -O0 -ffunction-sections -fdata-sections -Wall -fstack-usage -fcyclomatic-complexity -MMD -MP -MF"Src/timer.d" -MT"Src/timer.o" --specs=nano.specs -mfpu=fpv4-sp-d16 -mfloat-abi=hard -mthumb -o "Src/timer.o"
../Src/main.c:9:4: warning: #warning "FPU is not initialized, but the project is compiling for an FPU. Please initialize the FPU before use." [-Wcpp]
    9 |   #warning "FPU is not initialized, but the project is compiling for an FPU. Please initialize the FPU before use."
      |    ^~~~~~~
../Src/main.c: In function 'main':
../Src/main.c:53:9: error: 'TIM2_init' has an incomplete type 'HardwareTimer' {aka 'struct _HardwareTimer'}
   53 |         TIM2_init->ARRValue = period*8*1000; // overflow value
      |         ^~~~~~~~~
../Src/main.c:54:25: error: 'TIM2_init' has an incomplete type 'HardwareTimer' {aka 'struct _HardwareTimer'}
   54 |         TimerInitialise(TIM2_init);
      |                         ^~~~~~~~~
make: *** [Src/subdir.mk:31: Src/main.o] Error 1
make: *** Waiting for unfinished jobs....
"make -j20 all" terminated with exit code 2. Build might be incomplete.
20:11:12 **** Incremental Build of configuration Debug for project task_3_2 ****
make -j20 all 
arm-none-eabi-gcc "../Src/main.c" -mcpu=cortex-m4 -std=gnu11 -g3 -DDEBUG -DSTM32F303VCTx -DSTM32 -DSTM32F3 -DSTM32F3DISCOVERY -c -I../Inc -I"C:/Users/benri/OneDrive/Documents/MTRX2700/MTRX2700_Assignment2/stm32f303-definitions/Core/Inc" -O0 -ffunction-sections -fdata-sections -Wall -fstack-usage -fcyclomatic-complexity -MMD -MP -MF"Src/main.d" -MT"Src/main.o" --specs=nano.specs -mfpu=fpv4-sp-d16 -mfloat-abi=hard -mthumb -o "Src/main.o"
../Src/main.c:9:4: warning: #warning "FPU is not initialized, but the project is compiling for an FPU. Please initialize the FPU before use." [-Wcpp]
    9 |   #warning "FPU is not initialized, but the project is compiling for an FPU. Please initialize the FPU before use."
      |    ^~~~~~~
../Src/main.c: In function 'main':
../Src/main.c:53:9: error: 'TIM2_init' has an incomplete type 'HardwareTimer' {aka 'struct _HardwareTimer'}
   53 |         TIM2_init->ARRValue = period*8*1000; // overflow value
      |         ^~~~~~~~~
../Src/main.c:54:25: error: 'TIM2_init' has an incomplete type 'HardwareTimer' {aka 'struct _HardwareTimer'}
   54 |         TimerInitialise(TIM2_init);
      |                         ^~~~~~~~~
make: *** [Src/subdir.mk:31: Src/main.o] Error 1
"make -j20 all" terminated with exit code 2. Build might be incomplete.
20:11:17 **** Incremental Build of configuration Debug for project task_3_2 ****
make -j20 all 
arm-none-eabi-gcc "../Src/main.c" -mcpu=cortex-m4 -std=gnu11 -g3 -DDEBUG -DSTM32F303VCTx -DSTM32 -DSTM32F3 -DSTM32F3DISCOVERY -c -I../Inc -I"C:/Users/benri/OneDrive/Documents/MTRX2700/MTRX2700_Assignment2/stm32f303-definitions/Core/Inc" -O0 -ffunction-sections -fdata-sections -Wall -fstack-usage -fcyclomatic-complexity -MMD -MP -MF"Src/main.d" -MT"Src/main.o" --specs=nano.specs -mfpu=fpv4-sp-d16 -mfloat-abi=hard -mthumb -o "Src/main.o"
../Src/main.c:9:4: warning: #warning "FPU is not initialized, but the project is compiling for an FPU. Please initialize the FPU before use." [-Wcpp]
    9 |   #warning "FPU is not initialized, but the project is compiling for an FPU. Please initialize the FPU before use."
      |    ^~~~~~~
../Src/main.c: In function 'main':
../Src/main.c:54:25: error: 'TIM2_init' has an incomplete type 'HardwareTimer' {aka 'struct _HardwareTimer'}
   54 |         TimerInitialise(TIM2_init);
      |                         ^~~~~~~~~
../Src/main.c:52:18: warning: unused variable 'period' [-Wunused-variable]
   52 |         uint32_t period = 1000; // period in milliseconds
      |                  ^~~~~~
make: *** [Src/subdir.mk:31: Src/main.o] Error 1
"make -j20 all" terminated with exit code 2. Build might be incomplete.
20:11:45 **** Incremental Build of configuration Debug for project task_3_2 ****
make -j20 all 
arm-none-eabi-gcc "../Src/main.c" -mcpu=cortex-m4 -std=gnu11 -g3 -DDEBUG -DSTM32F303VCTx -DSTM32 -DSTM32F3 -DSTM32F3DISCOVERY -c -I../Inc -I"C:/Users/benri/OneDrive/Documents/MTRX2700/MTRX2700_Assignment2/stm32f303-definitions/Core/Inc" -O0 -ffunction-sections -fdata-sections -Wall -fstack-usage -fcyclomatic-complexity -MMD -MP -MF"Src/main.d" -MT"Src/main.o" --specs=nano.specs -mfpu=fpv4-sp-d16 -mfloat-abi=hard -mthumb -o "Src/main.o"
../Src/main.c:9:4: warning: #warning "FPU is not initialized, but the project is compiling for an FPU. Please initialize the FPU before use." [-Wcpp]
    9 |   #warning "FPU is not initialized, but the project is compiling for an FPU. Please initialize the FPU before use."
      |    ^~~~~~~
../Src/main.c: In function 'main':
../Src/main.c:52:18: warning: unused variable 'period' [-Wunused-variable]
   52 |         uint32_t period = 1000; // period in milliseconds
      |                  ^~~~~~
arm-none-eabi-gcc -o "task_3_2.elf" @"objects.list"   -mcpu=cortex-m4 -T"C:\Users\benri\OneDrive\Documents\MTRX2700\MTRX2700_Assignment2\exercise_3\task_3_2\STM32F303VCTX_FLASH.ld" --specs=nosys.specs -Wl,-Map="task_3_2.map" -Wl,--gc-sections -static --specs=nano.specs -mfpu=fpv4-sp-d16 -mfloat-abi=hard -mthumb -Wl,--start-group -lc -lm -Wl,--end-group
Finished building target: task_3_2.elf
 
arm-none-eabi-size  task_3_2.elf 
arm-none-eabi-objdump -h -S task_3_2.elf  > "task_3_2.list"
   text	   data	    bss	    dec	    hex	filename
    984	     44	   1572	   2600	    a28	task_3_2.elf
Finished building: default.size.stdout
 
Finished building: task_3_2.list
 
20:11:51 **** Incremental Build of configuration Debug for project task_3_2 ****
make -j20 all 
arm-none-eabi-size  task_3_2.elf 
   text	   data	    bss	    dec	    hex	filename
    984	     44	   1572	   2600	    a28	task_3_2.elf
Finished building: default.size.stdout
 
20:12:58 **** Incremental Build of configuration Debug for project task_3_2 ****
make -j20 all 
arm-none-eabi-gcc "../Src/main.c" -mcpu=cortex-m4 -std=gnu11 -g3 -DDEBUG -DSTM32F303VCTx -DSTM32 -DSTM32F3 -DSTM32F3DISCOVERY -c -I../Inc -I"C:/Users/benri/OneDrive/Documents/MTRX2700/MTRX2700_Assignment2/stm32f303-definitions/Core/Inc" -O0 -ffunction-sections -fdata-sections -Wall -fstack-usage -fcyclomatic-complexity -MMD -MP -MF"Src/main.d" -MT"Src/main.o" --specs=nano.specs -mfpu=fpv4-sp-d16 -mfloat-abi=hard -mthumb -o "Src/main.o"
../Src/main.c:9:4: warning: #warning "FPU is not initialized, but the project is compiling for an FPU. Please initialize the FPU before use." [-Wcpp]
    9 |   #warning "FPU is not initialized, but the project is compiling for an FPU. Please initialize the FPU before use."
      |    ^~~~~~~
../Src/main.c: In function 'main':
../Src/main.c:53:18: warning: unused variable 'period' [-Wunused-variable]
   53 |         uint32_t period = 1000; // period in milliseconds
      |                  ^~~~~~
arm-none-eabi-gcc -o "task_3_2.elf" @"objects.list"   -mcpu=cortex-m4 -T"C:\Users\benri\OneDrive\Documents\MTRX2700\MTRX2700_Assignment2\exercise_3\task_3_2\STM32F303VCTX_FLASH.ld" --specs=nosys.specs -Wl,-Map="task_3_2.map" -Wl,--gc-sections -static --specs=nano.specs -mfpu=fpv4-sp-d16 -mfloat-abi=hard -mthumb -Wl,--start-group -lc -lm -Wl,--end-group
Finished building target: task_3_2.elf
 
arm-none-eabi-size  task_3_2.elf 
arm-none-eabi-objdump -h -S task_3_2.elf  > "task_3_2.list"
   text	   data	    bss	    dec	    hex	filename
   1164	     44	   1572	   2780	    adc	task_3_2.elf
Finished building: default.size.stdout
 
Finished building: task_3_2.list
 
20:13:39 **** Incremental Build of configuration Debug for project task_3_2 ****
make -j20 all 
arm-none-eabi-gcc "../Src/main.c" -mcpu=cortex-m4 -std=gnu11 -g3 -DDEBUG -DSTM32F303VCTx -DSTM32 -DSTM32F3 -DSTM32F3DISCOVERY -c -I../Inc -I"C:/Users/benri/OneDrive/Documents/MTRX2700/MTRX2700_Assignment2/stm32f303-definitions/Core/Inc" -O0 -ffunction-sections -fdata-sections -Wall -fstack-usage -fcyclomatic-complexity -MMD -MP -MF"Src/main.d" -MT"Src/main.o" --specs=nano.specs -mfpu=fpv4-sp-d16 -mfloat-abi=hard -mthumb -o "Src/main.o"
../Src/main.c:9:4: warning: #warning "FPU is not initialized, but the project is compiling for an FPU. Please initialize the FPU before use." [-Wcpp]
    9 |   #warning "FPU is not initialized, but the project is compiling for an FPU. Please initialize the FPU before use."
      |    ^~~~~~~
../Src/main.c: In function 'main':
../Src/main.c:54:9: error: 'TIM2_init' has an incomplete type 'HardwareTimer' {aka 'struct _HardwareTimer'}
   54 |         TIM2_init->ARRValue = period*8*1000; // overflow value
      |         ^~~~~~~~~
make: *** [Src/subdir.mk:31: Src/main.o] Error 1
"make -j20 all" terminated with exit code 2. Build might be incomplete.
20:14:43 **** Incremental Build of configuration Debug for project task_3_2 ****
make -j20 all 
arm-none-eabi-gcc "../Src/main.c" -mcpu=cortex-m4 -std=gnu11 -g3 -DDEBUG -DSTM32F303VCTx -DSTM32 -DSTM32F3 -DSTM32F3DISCOVERY -c -I../Inc -I"C:/Users/benri/OneDrive/Documents/MTRX2700/MTRX2700_Assignment2/stm32f303-definitions/Core/Inc" -O0 -ffunction-sections -fdata-sections -Wall -fstack-usage -fcyclomatic-complexity -MMD -MP -MF"Src/main.d" -MT"Src/main.o" --specs=nano.specs -mfpu=fpv4-sp-d16 -mfloat-abi=hard -mthumb -o "Src/main.o"
../Src/main.c:9:4: warning: #warning "FPU is not initialized, but the project is compiling for an FPU. Please initialize the FPU before use." [-Wcpp]
    9 |   #warning "FPU is not initialized, but the project is compiling for an FPU. Please initialize the FPU before use."
      |    ^~~~~~~
../Src/main.c: In function 'main':
../Src/main.c:54:9: error: 'TIM2_init' has an incomplete type 'HardwareTimer' {aka 'struct _HardwareTimer'}
   54 |         TIM2_init->ARRValue = period*8*1000; // overflow value
      |         ^~~~~~~~~
make: *** [Src/subdir.mk:31: Src/main.o] Error 1
"make -j20 all" terminated with exit code 2. Build might be incomplete.
20:15:12 **** Incremental Build of configuration Debug for project task_3_2 ****
make -j20 all 
arm-none-eabi-gcc "../Src/main.c" -mcpu=cortex-m4 -std=gnu11 -g3 -DDEBUG -DSTM32F303VCTx -DSTM32 -DSTM32F3 -DSTM32F3DISCOVERY -c -I../Inc -I"C:/Users/benri/OneDrive/Documents/MTRX2700/MTRX2700_Assignment2/stm32f303-definitions/Core/Inc" -O0 -ffunction-sections -fdata-sections -Wall -fstack-usage -fcyclomatic-complexity -MMD -MP -MF"Src/main.d" -MT"Src/main.o" --specs=nano.specs -mfpu=fpv4-sp-d16 -mfloat-abi=hard -mthumb -o "Src/main.o"
arm-none-eabi-gcc "../Src/timer.c" -mcpu=cortex-m4 -std=gnu11 -g3 -DDEBUG -DSTM32F303VCTx -DSTM32 -DSTM32F3 -DSTM32F3DISCOVERY -c -I../Inc -I"C:/Users/benri/OneDrive/Documents/MTRX2700/MTRX2700_Assignment2/stm32f303-definitions/Core/Inc" -O0 -ffunction-sections -fdata-sections -Wall -fstack-usage -fcyclomatic-complexity -MMD -MP -MF"Src/timer.d" -MT"Src/timer.o" --specs=nano.specs -mfpu=fpv4-sp-d16 -mfloat-abi=hard -mthumb -o "Src/timer.o"
../Src/main.c:9:4: warning: #warning "FPU is not initialized, but the project is compiling for an FPU. Please initialize the FPU before use." [-Wcpp]
    9 |   #warning "FPU is not initialized, but the project is compiling for an FPU. Please initialize the FPU before use."
      |    ^~~~~~~
../Src/main.c: In function 'main':
../Src/main.c:53:18: warning: unused variable 'period' [-Wunused-variable]
   53 |         uint32_t period = 1000; // period in milliseconds
      |                  ^~~~~~
arm-none-eabi-gcc -o "task_3_2.elf" @"objects.list"   -mcpu=cortex-m4 -T"C:\Users\benri\OneDrive\Documents\MTRX2700\MTRX2700_Assignment2\exercise_3\task_3_2\STM32F303VCTX_FLASH.ld" --specs=nosys.specs -Wl,-Map="task_3_2.map" -Wl,--gc-sections -static --specs=nano.specs -mfpu=fpv4-sp-d16 -mfloat-abi=hard -mthumb -Wl,--start-group -lc -lm -Wl,--end-group
Finished building target: task_3_2.elf
 
arm-none-eabi-size  task_3_2.elf 
arm-none-eabi-objdump -h -S task_3_2.elf  > "task_3_2.list"
   text	   data	    bss	    dec	    hex	filename
   1164	     44	   1572	   2780	    adc	task_3_2.elf
Finished building: default.size.stdout
 
Finished building: task_3_2.list
 
20:16:01 **** Incremental Build of configuration Debug for project task_3_2 ****
make -j20 all 
arm-none-eabi-gcc "../Src/main.c" -mcpu=cortex-m4 -std=gnu11 -g3 -DDEBUG -DSTM32F303VCTx -DSTM32 -DSTM32F3 -DSTM32F3DISCOVERY -c -I../Inc -I"C:/Users/benri/OneDrive/Documents/MTRX2700/MTRX2700_Assignment2/stm32f303-definitions/Core/Inc" -O0 -ffunction-sections -fdata-sections -Wall -fstack-usage -fcyclomatic-complexity -MMD -MP -MF"Src/main.d" -MT"Src/main.o" --specs=nano.specs -mfpu=fpv4-sp-d16 -mfloat-abi=hard -mthumb -o "Src/main.o"
arm-none-eabi-gcc "../Src/timer.c" -mcpu=cortex-m4 -std=gnu11 -g3 -DDEBUG -DSTM32F303VCTx -DSTM32 -DSTM32F3 -DSTM32F3DISCOVERY -c -I../Inc -I"C:/Users/benri/OneDrive/Documents/MTRX2700/MTRX2700_Assignment2/stm32f303-definitions/Core/Inc" -O0 -ffunction-sections -fdata-sections -Wall -fstack-usage -fcyclomatic-complexity -MMD -MP -MF"Src/timer.d" -MT"Src/timer.o" --specs=nano.specs -mfpu=fpv4-sp-d16 -mfloat-abi=hard -mthumb -o "Src/timer.o"
../Src/main.c:9:4: warning: #warning "FPU is not initialized, but the project is compiling for an FPU. Please initialize the FPU before use." [-Wcpp]
    9 |   #warning "FPU is not initialized, but the project is compiling for an FPU. Please initialize the FPU before use."
      |    ^~~~~~~
arm-none-eabi-gcc -o "task_3_2.elf" @"objects.list"   -mcpu=cortex-m4 -T"C:\Users\benri\OneDrive\Documents\MTRX2700\MTRX2700_Assignment2\exercise_3\task_3_2\STM32F303VCTX_FLASH.ld" --specs=nosys.specs -Wl,-Map="task_3_2.map" -Wl,--gc-sections -static --specs=nano.specs -mfpu=fpv4-sp-d16 -mfloat-abi=hard -mthumb -Wl,--start-group -lc -lm -Wl,--end-group
Finished building target: task_3_2.elf
 
arm-none-eabi-size  task_3_2.elf 
arm-none-eabi-objdump -h -S task_3_2.elf  > "task_3_2.list"
   text	   data	    bss	    dec	    hex	filename
   1156	     44	   1572	   2772	    ad4	task_3_2.elf
Finished building: default.size.stdout
 
Finished building: task_3_2.list
 
20:57:57 **** Incremental Build of configuration Debug for project task_3_2 ****
make -j20 all 
arm-none-eabi-gcc "../Src/main.c" -mcpu=cortex-m4 -std=gnu11 -g3 -DDEBUG -DSTM32F303VCTx -DSTM32 -DSTM32F3 -DSTM32F3DISCOVERY -c -I../Inc -I"C:/Users/benri/OneDrive/Documents/MTRX2700/MTRX2700_Assignment2/stm32f303-definitions/Core/Inc" -O0 -ffunction-sections -fdata-sections -Wall -fstack-usage -fcyclomatic-complexity -MMD -MP -MF"Src/main.d" -MT"Src/main.o" --specs=nano.specs -mfpu=fpv4-sp-d16 -mfloat-abi=hard -mthumb -o "Src/main.o"
arm-none-eabi-gcc "../Src/timer.c" -mcpu=cortex-m4 -std=gnu11 -g3 -DDEBUG -DSTM32F303VCTx -DSTM32 -DSTM32F3 -DSTM32F3DISCOVERY -c -I../Inc -I"C:/Users/benri/OneDrive/Documents/MTRX2700/MTRX2700_Assignment2/stm32f303-definitions/Core/Inc" -O0 -ffunction-sections -fdata-sections -Wall -fstack-usage -fcyclomatic-complexity -MMD -MP -MF"Src/timer.d" -MT"Src/timer.o" --specs=nano.specs -mfpu=fpv4-sp-d16 -mfloat-abi=hard -mthumb -o "Src/timer.o"
../Src/main.c:9:4: warning: #warning "FPU is not initialized, but the project is compiling for an FPU. Please initialize the FPU before use." [-Wcpp]
    9 |   #warning "FPU is not initialized, but the project is compiling for an FPU. Please initialize the FPU before use."
      |    ^~~~~~~
../Src/main.c: In function 'main':
../Src/main.c:49:18: error: invalid use of incomplete typedef 'HardwareTimer' {aka 'struct _HardwareTimer'}
   49 |         TIM2_init.setPeriod(5000000);
      |                  ^
make: *** [Src/subdir.mk:31: Src/main.o] Error 1
make: *** Waiting for unfinished jobs....
../Src/timer.c:8:9: error: expected specifier-qualifier-list before 'static'
    8 |         static uint16_t PrescaleValue;  // prescaler value
      |         ^~~~~~
../Src/timer.c:49:17: warning: excess elements in struct initializer
   49 |                 0,                                      // prescaler
      |                 ^
../Src/timer.c:49:17: note: (near initialization for 'TIM2_init')
../Src/timer.c:50:17: warning: excess elements in struct initializer
   50 |                 8000000,                        // overflow value
      |                 ^~~~~~~
../Src/timer.c:50:17: note: (near initialization for 'TIM2_init')
../Src/timer.c:51:17: warning: excess elements in struct initializer
   51 |                 0x00,                           // bit to enable APB2 bus
      |                 ^~~~
../Src/timer.c:51:17: note: (near initialization for 'TIM2_init')
In file included from ../Inc/timer.h:6,
                 from ../Src/timer.c:2:
C:/Users/benri/OneDrive/Documents/MTRX2700/MTRX2700_Assignment2/stm32f303-definitions/Core/Inc/stm32f303xc.h:9555:50: warning: excess elements in struct initializer
 9555 | #define RCC_APB1ENR_TIM2EN_Msk                   (0x1UL << RCC_APB1ENR_TIM2EN_Pos) /*!< 0x00000001 */
      |                                                  ^
C:/Users/benri/OneDrive/Documents/MTRX2700/MTRX2700_Assignment2/stm32f303-definitions/Core/Inc/stm32f303xc.h:9556:50: note: in expansion of macro 'RCC_APB1ENR_TIM2EN_Msk'
 9556 | #define RCC_APB1ENR_TIM2EN                       RCC_APB1ENR_TIM2EN_Msk        /*!< Timer 2 clock enable */
      |                                                  ^~~~~~~~~~~~~~~~~~~~~~
../Src/timer.c:52:17: note: in expansion of macro 'RCC_APB1ENR_TIM2EN'
   52 |                 RCC_APB1ENR_TIM2EN, // bit to enable APB1 bus
      |                 ^~~~~~~~~~~~~~~~~~
C:/Users/benri/OneDrive/Documents/MTRX2700/MTRX2700_Assignment2/stm32f303-definitions/Core/Inc/stm32f303xc.h:9555:50: note: (near initialization for 'TIM2_init')
 9555 | #define RCC_APB1ENR_TIM2EN_Msk                   (0x1UL << RCC_APB1ENR_TIM2EN_Pos) /*!< 0x00000001 */
      |                                                  ^
C:/Users/benri/OneDrive/Documents/MTRX2700/MTRX2700_Assignment2/stm32f303-definitions/Core/Inc/stm32f303xc.h:9556:50: note: in expansion of macro 'RCC_APB1ENR_TIM2EN_Msk'
 9556 | #define RCC_APB1ENR_TIM2EN                       RCC_APB1ENR_TIM2EN_Msk        /*!< Timer 2 clock enable */
      |                                                  ^~~~~~~~~~~~~~~~~~~~~~
../Src/timer.c:52:17: note: in expansion of macro 'RCC_APB1ENR_TIM2EN'
   52 |                 RCC_APB1ENR_TIM2EN, // bit to enable APB1 bus
      |                 ^~~~~~~~~~~~~~~~~~
../Src/timer.c:53:17: warning: excess elements in struct initializer
   53 |                 0x00,                           // bit to enable for AHB bus
      |                 ^~~~
../Src/timer.c:53:17: note: (near initialization for 'TIM2_init')
In file included from ../Inc/timer.h:6,
                 from ../Src/timer.c:2:
C:/Users/benri/OneDrive/Documents/MTRX2700/MTRX2700_Assignment2/stm32f303-definitions/Core/Inc/stm32f303xc.h:11106:35: warning: excess elements in struct initializer
11106 | #define TIM_CR1_URS_Msk           (0x1UL << TIM_CR1_URS_Pos)                    /*!< 0x00000004 */
      |                                   ^
C:/Users/benri/OneDrive/Documents/MTRX2700/MTRX2700_Assignment2/stm32f303-definitions/Core/Inc/stm32f303xc.h:11107:35: note: in expansion of macro 'TIM_CR1_URS_Msk'
11107 | #define TIM_CR1_URS               TIM_CR1_URS_Msk                              /*!<Update request source */
      |                                   ^~~~~~~~~~~~~~~
../Src/timer.c:54:17: note: in expansion of macro 'TIM_CR1_URS'
   54 |                 TIM_CR1_URS,            // bit for CR1 reg; interrupt only flagged at over/underflow
      |                 ^~~~~~~~~~~
C:/Users/benri/OneDrive/Documents/MTRX2700/MTRX2700_Assignment2/stm32f303-definitions/Core/Inc/stm32f303xc.h:11106:35: note: (near initialization for 'TIM2_init')
11106 | #define TIM_CR1_URS_Msk           (0x1UL << TIM_CR1_URS_Pos)                    /*!< 0x00000004 */
      |                                   ^
C:/Users/benri/OneDrive/Documents/MTRX2700/MTRX2700_Assignment2/stm32f303-definitions/Core/Inc/stm32f303xc.h:11107:35: note: in expansion of macro 'TIM_CR1_URS_Msk'
11107 | #define TIM_CR1_URS               TIM_CR1_URS_Msk                              /*!<Update request source */
      |                                   ^~~~~~~~~~~~~~~
../Src/timer.c:54:17: note: in expansion of macro 'TIM_CR1_URS'
   54 |                 TIM_CR1_URS,            // bit for CR1 reg; interrupt only flagged at over/underflow
      |                 ^~~~~~~~~~~
C:/Users/benri/OneDrive/Documents/MTRX2700/MTRX2700_Assignment2/stm32f303-definitions/Core/Inc/stm32f303xc.h:11240:35: warning: excess elements in struct initializer
11240 | #define TIM_DIER_UIE_Msk          (0x1UL << TIM_DIER_UIE_Pos)                   /*!< 0x00000001 */
      |                                   ^
C:/Users/benri/OneDrive/Documents/MTRX2700/MTRX2700_Assignment2/stm32f303-definitions/Core/Inc/stm32f303xc.h:11241:35: note: in expansion of macro 'TIM_DIER_UIE_Msk'
11241 | #define TIM_DIER_UIE              TIM_DIER_UIE_Msk                             /*!<Update interrupt enable */
      |                                   ^~~~~~~~~~~~~~~~
../Src/timer.c:55:17: note: in expansion of macro 'TIM_DIER_UIE'
   55 |                 TIM_DIER_UIE,           // enable update interrupt
      |                 ^~~~~~~~~~~~
C:/Users/benri/OneDrive/Documents/MTRX2700/MTRX2700_Assignment2/stm32f303-definitions/Core/Inc/stm32f303xc.h:11240:35: note: (near initialization for 'TIM2_init')
11240 | #define TIM_DIER_UIE_Msk          (0x1UL << TIM_DIER_UIE_Pos)                   /*!< 0x00000001 */
      |                                   ^
C:/Users/benri/OneDrive/Documents/MTRX2700/MTRX2700_Assignment2/stm32f303-definitions/Core/Inc/stm32f303xc.h:11241:35: note: in expansion of macro 'TIM_DIER_UIE_Msk'
11241 | #define TIM_DIER_UIE              TIM_DIER_UIE_Msk                             /*!<Update interrupt enable */
      |                                   ^~~~~~~~~~~~~~~~
../Src/timer.c:55:17: note: in expansion of macro 'TIM_DIER_UIE'
   55 |                 TIM_DIER_UIE,           // enable update interrupt
      |                 ^~~~~~~~~~~~
../Src/timer.c:56:17: warning: excess elements in struct initializer
   56 |                 0X00                            // default function pointer is NULL
      |                 ^~~~
../Src/timer.c:56:17: note: (near initialization for 'TIM2_init')
../Src/timer.c: In function 'TimerInitialise':
../Src/timer.c:63:35: error: 'HardwareTimer' {aka 'struct _HardwareTimer'} has no member named 'MaskAPB1ENR'
   63 |     RCC->APB1ENR |= hardware_timer->MaskAPB1ENR;
      |                                   ^~
../Src/timer.c:66:47: error: 'HardwareTimer' {aka 'struct _HardwareTimer'} has no member named 'PrescaleValue'
   66 |     hardware_timer->TIMx->PSC = hardware_timer->PrescaleValue;
      |                                               ^~
../Src/timer.c:69:47: error: 'HardwareTimer' {aka 'struct _HardwareTimer'} has no member named 'ARRValue'
   69 |     hardware_timer->TIMx->ARR = hardware_timer->ARRValue;
      |                                               ^~
../Src/timer.c:72:48: error: 'HardwareTimer' {aka 'struct _HardwareTimer'} has no member named 'MaskCR1'
   72 |     hardware_timer->TIMx->CR1 |= hardware_timer->MaskCR1;
      |                                                ^~
../Src/timer.c:75:49: error: 'HardwareTimer' {aka 'struct _HardwareTimer'} has no member named 'MaskDIER'
   75 |     hardware_timer->TIMx->DIER |= hardware_timer->MaskDIER;
      |                                                 ^~
make: *** [Src/subdir.mk:31: Src/timer.o] Error 1
"make -j20 all" terminated with exit code 2. Build might be incomplete.
21:00:45 **** Incremental Build of configuration Debug for project task_3_2 ****
make -j20 all 
arm-none-eabi-gcc "../Src/main.c" -mcpu=cortex-m4 -std=gnu11 -g3 -DDEBUG -DSTM32F303VCTx -DSTM32 -DSTM32F3 -DSTM32F3DISCOVERY -c -I../Inc -I"C:/Users/benri/OneDrive/Documents/MTRX2700/MTRX2700_Assignment2/stm32f303-definitions/Core/Inc" -O0 -ffunction-sections -fdata-sections -Wall -fstack-usage -fcyclomatic-complexity -MMD -MP -MF"Src/main.d" -MT"Src/main.o" --specs=nano.specs -mfpu=fpv4-sp-d16 -mfloat-abi=hard -mthumb -o "Src/main.o"
arm-none-eabi-gcc "../Src/timer.c" -mcpu=cortex-m4 -std=gnu11 -g3 -DDEBUG -DSTM32F303VCTx -DSTM32 -DSTM32F3 -DSTM32F3DISCOVERY -c -I../Inc -I"C:/Users/benri/OneDrive/Documents/MTRX2700/MTRX2700_Assignment2/stm32f303-definitions/Core/Inc" -O0 -ffunction-sections -fdata-sections -Wall -fstack-usage -fcyclomatic-complexity -MMD -MP -MF"Src/timer.d" -MT"Src/timer.o" --specs=nano.specs -mfpu=fpv4-sp-d16 -mfloat-abi=hard -mthumb -o "Src/timer.o"
../Src/main.c:9:4: warning: #warning "FPU is not initialized, but the project is compiling for an FPU. Please initialize the FPU before use." [-Wcpp]
    9 |   #warning "FPU is not initialized, but the project is compiling for an FPU. Please initialize the FPU before use."
      |    ^~~~~~~
../Src/main.c: In function 'main':
../Src/main.c:49:18: error: invalid use of incomplete typedef 'HardwareTimer' {aka 'struct _HardwareTimer'}
   49 |         TIM2_init.setPeriod(5000000);
      |                  ^
make: *** [Src/subdir.mk:31: Src/main.o] Error 1
make: *** Waiting for unfinished jobs....
../Src/timer.c:8:18: error: expected identifier or '(' before 'static'
    8 |         volatile static uint16_t PrescaleValue; // prescaler value
      |                  ^~~~~~
../Src/timer.c:9:18: error: expected identifier or '(' before 'static'
    9 |         volatile static uint32_t ARRValue;              // prescaler value
      |                  ^~~~~~
../Src/timer.c:18:36: error: expected ':', ',', ';', '}' or '__attribute__' before '{' token
   18 |         uint16_t getPrescaleValue(){
      |                                    ^
In file included from ../Inc/timer.h:6,
                 from ../Src/timer.c:2:
C:/Users/benri/OneDrive/Documents/MTRX2700/MTRX2700_Assignment2/stm32f303-definitions/Core/Inc/stm32f303xc.h:11106:35: warning: initialization of 'void (*)(uint32_t)' {aka 'void (*)(long unsigned int)'} from 'long unsigned int' makes pointer from integer without a cast [-Wint-conversion]
11106 | #define TIM_CR1_URS_Msk           (0x1UL << TIM_CR1_URS_Pos)                    /*!< 0x00000004 */
      |                                   ^
C:/Users/benri/OneDrive/Documents/MTRX2700/MTRX2700_Assignment2/stm32f303-definitions/Core/Inc/stm32f303xc.h:11107:35: note: in expansion of macro 'TIM_CR1_URS_Msk'
11107 | #define TIM_CR1_URS               TIM_CR1_URS_Msk                              /*!<Update request source */
      |                                   ^~~~~~~~~~~~~~~
../Src/timer.c:54:17: note: in expansion of macro 'TIM_CR1_URS'
   54 |                 TIM_CR1_URS,            // bit for CR1 reg; interrupt only flagged at over/underflow
      |                 ^~~~~~~~~~~
C:/Users/benri/OneDrive/Documents/MTRX2700/MTRX2700_Assignment2/stm32f303-definitions/Core/Inc/stm32f303xc.h:11106:35: note: (near initialization for 'TIM2_init.completion_function')
11106 | #define TIM_CR1_URS_Msk           (0x1UL << TIM_CR1_URS_Pos)                    /*!< 0x00000004 */
      |                                   ^
C:/Users/benri/OneDrive/Documents/MTRX2700/MTRX2700_Assignment2/stm32f303-definitions/Core/Inc/stm32f303xc.h:11107:35: note: in expansion of macro 'TIM_CR1_URS_Msk'
11107 | #define TIM_CR1_URS               TIM_CR1_URS_Msk                              /*!<Update request source */
      |                                   ^~~~~~~~~~~~~~~
../Src/timer.c:54:17: note: in expansion of macro 'TIM_CR1_URS'
   54 |                 TIM_CR1_URS,            // bit for CR1 reg; interrupt only flagged at over/underflow
      |                 ^~~~~~~~~~~
C:/Users/benri/OneDrive/Documents/MTRX2700/MTRX2700_Assignment2/stm32f303-definitions/Core/Inc/stm32f303xc.h:11240:35: warning: excess elements in struct initializer
11240 | #define TIM_DIER_UIE_Msk          (0x1UL << TIM_DIER_UIE_Pos)                   /*!< 0x00000001 */
      |                                   ^
C:/Users/benri/OneDrive/Documents/MTRX2700/MTRX2700_Assignment2/stm32f303-definitions/Core/Inc/stm32f303xc.h:11241:35: note: in expansion of macro 'TIM_DIER_UIE_Msk'
11241 | #define TIM_DIER_UIE              TIM_DIER_UIE_Msk                             /*!<Update interrupt enable */
      |                                   ^~~~~~~~~~~~~~~~
../Src/timer.c:55:17: note: in expansion of macro 'TIM_DIER_UIE'
   55 |                 TIM_DIER_UIE,           // enable update interrupt
      |                 ^~~~~~~~~~~~
C:/Users/benri/OneDrive/Documents/MTRX2700/MTRX2700_Assignment2/stm32f303-definitions/Core/Inc/stm32f303xc.h:11240:35: note: (near initialization for 'TIM2_init')
11240 | #define TIM_DIER_UIE_Msk          (0x1UL << TIM_DIER_UIE_Pos)                   /*!< 0x00000001 */
      |                                   ^
C:/Users/benri/OneDrive/Documents/MTRX2700/MTRX2700_Assignment2/stm32f303-definitions/Core/Inc/stm32f303xc.h:11241:35: note: in expansion of macro 'TIM_DIER_UIE_Msk'
11241 | #define TIM_DIER_UIE              TIM_DIER_UIE_Msk                             /*!<Update interrupt enable */
      |                                   ^~~~~~~~~~~~~~~~
../Src/timer.c:55:17: note: in expansion of macro 'TIM_DIER_UIE'
   55 |                 TIM_DIER_UIE,           // enable update interrupt
      |                 ^~~~~~~~~~~~
../Src/timer.c:56:17: warning: excess elements in struct initializer
   56 |                 0X00                            // default function pointer is NULL
      |                 ^~~~
../Src/timer.c:56:17: note: (near initialization for 'TIM2_init')
../Src/timer.c: In function 'TimerInitialise':
../Src/timer.c:66:47: error: 'HardwareTimer' {aka 'struct _HardwareTimer'} has no member named 'PrescaleValue'
   66 |     hardware_timer->TIMx->PSC = hardware_timer->PrescaleValue;
      |                                               ^~
../Src/timer.c:69:47: error: 'HardwareTimer' {aka 'struct _HardwareTimer'} has no member named 'ARRValue'
   69 |     hardware_timer->TIMx->ARR = hardware_timer->ARRValue;
      |                                               ^~
make: *** [Src/subdir.mk:31: Src/timer.o] Error 1
"make -j20 all" terminated with exit code 2. Build might be incomplete.
21:04:38 **** Incremental Build of configuration Debug for project task_3_2 ****
make -j20 all 
arm-none-eabi-gcc "../Src/main.c" -mcpu=cortex-m4 -std=gnu11 -g3 -DDEBUG -DSTM32F303VCTx -DSTM32 -DSTM32F3 -DSTM32F3DISCOVERY -c -I../Inc -I"C:/Users/benri/OneDrive/Documents/MTRX2700/MTRX2700_Assignment2/stm32f303-definitions/Core/Inc" -O0 -ffunction-sections -fdata-sections -Wall -fstack-usage -fcyclomatic-complexity -MMD -MP -MF"Src/main.d" -MT"Src/main.o" --specs=nano.specs -mfpu=fpv4-sp-d16 -mfloat-abi=hard -mthumb -o "Src/main.o"
arm-none-eabi-gcc "../Src/timer.c" -mcpu=cortex-m4 -std=gnu11 -g3 -DDEBUG -DSTM32F303VCTx -DSTM32 -DSTM32F3 -DSTM32F3DISCOVERY -c -I../Inc -I"C:/Users/benri/OneDrive/Documents/MTRX2700/MTRX2700_Assignment2/stm32f303-definitions/Core/Inc" -O0 -ffunction-sections -fdata-sections -Wall -fstack-usage -fcyclomatic-complexity -MMD -MP -MF"Src/timer.d" -MT"Src/timer.o" --specs=nano.specs -mfpu=fpv4-sp-d16 -mfloat-abi=hard -mthumb -o "Src/timer.o"
../Src/main.c:9:4: warning: #warning "FPU is not initialized, but the project is compiling for an FPU. Please initialize the FPU before use." [-Wcpp]
    9 |   #warning "FPU is not initialized, but the project is compiling for an FPU. Please initialize the FPU before use."
      |    ^~~~~~~
../Src/main.c: In function 'main':
../Src/main.c:49:18: error: invalid use of incomplete typedef 'HardwareTimer' {aka 'struct _HardwareTimer'}
   49 |         TIM2_init.setPeriod(5000000);
      |                  ^
make: *** [Src/subdir.mk:31: Src/main.o] Error 1
make: *** Waiting for unfinished jobs....
../Src/timer.c:18:36: error: expected ':', ',', ';', '}' or '__attribute__' before '{' token
   18 |         uint16_t getPrescaleValue(){
      |                                    ^
make: *** [Src/subdir.mk:31: Src/timer.o] Error 1
"make -j20 all" terminated with exit code 2. Build might be incomplete.
21:06:01 **** Incremental Build of configuration Debug for project task_3_2 ****
make -j20 all 
arm-none-eabi-gcc "../Src/main.c" -mcpu=cortex-m4 -std=gnu11 -g3 -DDEBUG -DSTM32F303VCTx -DSTM32 -DSTM32F3 -DSTM32F3DISCOVERY -c -I../Inc -I"C:/Users/benri/OneDrive/Documents/MTRX2700/MTRX2700_Assignment2/stm32f303-definitions/Core/Inc" -O0 -ffunction-sections -fdata-sections -Wall -fstack-usage -fcyclomatic-complexity -MMD -MP -MF"Src/main.d" -MT"Src/main.o" --specs=nano.specs -mfpu=fpv4-sp-d16 -mfloat-abi=hard -mthumb -o "Src/main.o"
arm-none-eabi-gcc "../Src/timer.c" -mcpu=cortex-m4 -std=gnu11 -g3 -DDEBUG -DSTM32F303VCTx -DSTM32 -DSTM32F3 -DSTM32F3DISCOVERY -c -I../Inc -I"C:/Users/benri/OneDrive/Documents/MTRX2700/MTRX2700_Assignment2/stm32f303-definitions/Core/Inc" -O0 -ffunction-sections -fdata-sections -Wall -fstack-usage -fcyclomatic-complexity -MMD -MP -MF"Src/timer.d" -MT"Src/timer.o" --specs=nano.specs -mfpu=fpv4-sp-d16 -mfloat-abi=hard -mthumb -o "Src/timer.o"
../Src/main.c:9:4: warning: #warning "FPU is not initialized, but the project is compiling for an FPU. Please initialize the FPU before use." [-Wcpp]
    9 |   #warning "FPU is not initialized, but the project is compiling for an FPU. Please initialize the FPU before use."
      |    ^~~~~~~
../Src/main.c: In function 'main':
../Src/main.c:49:19: error: invalid use of incomplete typedef 'HardwareTimer' {aka 'struct _HardwareTimer'}
   49 |         &TIM2_init.setPeriod(5000000);
      |                   ^
make: *** [Src/subdir.mk:31: Src/main.o] Error 1
make: *** Waiting for unfinished jobs....
../Src/timer.c:18:36: error: expected ':', ',', ';', '}' or '__attribute__' before '{' token
   18 |         uint16_t getPrescaleValue(){
      |                                    ^
make: *** [Src/subdir.mk:31: Src/timer.o] Error 1
"make -j20 all" terminated with exit code 2. Build might be incomplete.
21:08:34 **** Incremental Build of configuration Debug for project task_3_2 ****
make -j20 all 
arm-none-eabi-gcc "../Src/main.c" -mcpu=cortex-m4 -std=gnu11 -g3 -DDEBUG -DSTM32F303VCTx -DSTM32 -DSTM32F3 -DSTM32F3DISCOVERY -c -I../Inc -I"C:/Users/benri/OneDrive/Documents/MTRX2700/MTRX2700_Assignment2/stm32f303-definitions/Core/Inc" -O0 -ffunction-sections -fdata-sections -Wall -fstack-usage -fcyclomatic-complexity -MMD -MP -MF"Src/main.d" -MT"Src/main.o" --specs=nano.specs -mfpu=fpv4-sp-d16 -mfloat-abi=hard -mthumb -o "Src/main.o"
arm-none-eabi-gcc "../Src/timer.c" -mcpu=cortex-m4 -std=gnu11 -g3 -DDEBUG -DSTM32F303VCTx -DSTM32 -DSTM32F3 -DSTM32F3DISCOVERY -c -I../Inc -I"C:/Users/benri/OneDrive/Documents/MTRX2700/MTRX2700_Assignment2/stm32f303-definitions/Core/Inc" -O0 -ffunction-sections -fdata-sections -Wall -fstack-usage -fcyclomatic-complexity -MMD -MP -MF"Src/timer.d" -MT"Src/timer.o" --specs=nano.specs -mfpu=fpv4-sp-d16 -mfloat-abi=hard -mthumb -o "Src/timer.o"
../Src/main.c:9:4: warning: #warning "FPU is not initialized, but the project is compiling for an FPU. Please initialize the FPU before use." [-Wcpp]
    9 |   #warning "FPU is not initialized, but the project is compiling for an FPU. Please initialize the FPU before use."
      |    ^~~~~~~
../Src/main.c: In function 'main':
../Src/main.c:49:18: error: invalid use of incomplete typedef 'HardwareTimer' {aka 'struct _HardwareTimer'}
   49 |         TIM2_init.setPeriod(5000000);
      |                  ^
make: *** [Src/subdir.mk:31: Src/main.o] Error 1
make: *** Waiting for unfinished jobs....
../Src/timer.c:18:36: error: expected ':', ',', ';', '}' or '__attribute__' before '{' token
   18 |         uint16_t getPrescaleValue(){
      |                                    ^
make: *** [Src/subdir.mk:31: Src/timer.o] Error 1
"make -j20 all" terminated with exit code 2. Build might be incomplete.
21:09:41 **** Incremental Build of configuration Debug for project task_3_2 ****
make -j20 all 
arm-none-eabi-gcc "../Src/main.c" -mcpu=cortex-m4 -std=gnu11 -g3 -DDEBUG -DSTM32F303VCTx -DSTM32 -DSTM32F3 -DSTM32F3DISCOVERY -c -I../Inc -I"C:/Users/benri/OneDrive/Documents/MTRX2700/MTRX2700_Assignment2/stm32f303-definitions/Core/Inc" -O0 -ffunction-sections -fdata-sections -Wall -fstack-usage -fcyclomatic-complexity -MMD -MP -MF"Src/main.d" -MT"Src/main.o" --specs=nano.specs -mfpu=fpv4-sp-d16 -mfloat-abi=hard -mthumb -o "Src/main.o"
arm-none-eabi-gcc "../Src/timer.c" -mcpu=cortex-m4 -std=gnu11 -g3 -DDEBUG -DSTM32F303VCTx -DSTM32 -DSTM32F3 -DSTM32F3DISCOVERY -c -I../Inc -I"C:/Users/benri/OneDrive/Documents/MTRX2700/MTRX2700_Assignment2/stm32f303-definitions/Core/Inc" -O0 -ffunction-sections -fdata-sections -Wall -fstack-usage -fcyclomatic-complexity -MMD -MP -MF"Src/timer.d" -MT"Src/timer.o" --specs=nano.specs -mfpu=fpv4-sp-d16 -mfloat-abi=hard -mthumb -o "Src/timer.o"
../Src/main.c:9:4: warning: #warning "FPU is not initialized, but the project is compiling for an FPU. Please initialize the FPU before use." [-Wcpp]
    9 |   #warning "FPU is not initialized, but the project is compiling for an FPU. Please initialize the FPU before use."
      |    ^~~~~~~
../Src/main.c: In function 'main':
../Src/main.c:49:9: error: 'TIM2_init' has an incomplete type 'HardwareTimer' {aka 'struct _HardwareTimer'}
   49 |         TIM2_init->setPeriod(5000000);
      |         ^~~~~~~~~
make: *** [Src/subdir.mk:31: Src/main.o] Error 1
make: *** Waiting for unfinished jobs....
../Src/timer.c:18:36: error: expected ':', ',', ';', '}' or '__attribute__' before '{' token
   18 |         uint16_t getPrescaleValue(){
      |                                    ^
make: *** [Src/subdir.mk:31: Src/timer.o] Error 1
"make -j20 all" terminated with exit code 2. Build might be incomplete.
21:10:09 **** Incremental Build of configuration Debug for project task_3_2 ****
make -j20 all 
arm-none-eabi-gcc "../Src/main.c" -mcpu=cortex-m4 -std=gnu11 -g3 -DDEBUG -DSTM32F303VCTx -DSTM32 -DSTM32F3 -DSTM32F3DISCOVERY -c -I../Inc -I"C:/Users/benri/OneDrive/Documents/MTRX2700/MTRX2700_Assignment2/stm32f303-definitions/Core/Inc" -O0 -ffunction-sections -fdata-sections -Wall -fstack-usage -fcyclomatic-complexity -MMD -MP -MF"Src/main.d" -MT"Src/main.o" --specs=nano.specs -mfpu=fpv4-sp-d16 -mfloat-abi=hard -mthumb -o "Src/main.o"
arm-none-eabi-gcc "../Src/timer.c" -mcpu=cortex-m4 -std=gnu11 -g3 -DDEBUG -DSTM32F303VCTx -DSTM32 -DSTM32F3 -DSTM32F3DISCOVERY -c -I../Inc -I"C:/Users/benri/OneDrive/Documents/MTRX2700/MTRX2700_Assignment2/stm32f303-definitions/Core/Inc" -O0 -ffunction-sections -fdata-sections -Wall -fstack-usage -fcyclomatic-complexity -MMD -MP -MF"Src/timer.d" -MT"Src/timer.o" --specs=nano.specs -mfpu=fpv4-sp-d16 -mfloat-abi=hard -mthumb -o "Src/timer.o"
../Src/main.c:9:4: warning: #warning "FPU is not initialized, but the project is compiling for an FPU. Please initialize the FPU before use." [-Wcpp]
    9 |   #warning "FPU is not initialized, but the project is compiling for an FPU. Please initialize the FPU before use."
      |    ^~~~~~~
../Src/main.c: In function 'main':
../Src/main.c:49:10: error: 'TIM2_init' has an incomplete type 'HardwareTimer' {aka 'struct _HardwareTimer'}
   49 |         &TIM2_init->setPeriod(5000000);
      |          ^~~~~~~~~
make: *** [Src/subdir.mk:31: Src/main.o] Error 1
make: *** Waiting for unfinished jobs....
../Src/timer.c:18:36: error: expected ':', ',', ';', '}' or '__attribute__' before '{' token
   18 |         uint16_t getPrescaleValue(){
      |                                    ^
make: *** [Src/subdir.mk:31: Src/timer.o] Error 1
"make -j20 all" terminated with exit code 2. Build might be incomplete.
21:19:37 **** Incremental Build of configuration Debug for project task_3_2 ****
make -j20 all 
arm-none-eabi-gcc "../Src/main.c" -mcpu=cortex-m4 -std=gnu11 -g3 -DDEBUG -DSTM32F303VCTx -DSTM32 -DSTM32F3 -DSTM32F3DISCOVERY -c -I../Inc -I"C:/Users/benri/OneDrive/Documents/MTRX2700/MTRX2700_Assignment2/stm32f303-definitions/Core/Inc" -O0 -ffunction-sections -fdata-sections -Wall -fstack-usage -fcyclomatic-complexity -MMD -MP -MF"Src/main.d" -MT"Src/main.o" --specs=nano.specs -mfpu=fpv4-sp-d16 -mfloat-abi=hard -mthumb -o "Src/main.o"
arm-none-eabi-gcc "../Src/timer.c" -mcpu=cortex-m4 -std=gnu11 -g3 -DDEBUG -DSTM32F303VCTx -DSTM32 -DSTM32F3 -DSTM32F3DISCOVERY -c -I../Inc -I"C:/Users/benri/OneDrive/Documents/MTRX2700/MTRX2700_Assignment2/stm32f303-definitions/Core/Inc" -O0 -ffunction-sections -fdata-sections -Wall -fstack-usage -fcyclomatic-complexity -MMD -MP -MF"Src/timer.d" -MT"Src/timer.o" --specs=nano.specs -mfpu=fpv4-sp-d16 -mfloat-abi=hard -mthumb -o "Src/timer.o"
../Src/main.c:9:4: warning: #warning "FPU is not initialized, but the project is compiling for an FPU. Please initialize the FPU before use." [-Wcpp]
    9 |   #warning "FPU is not initialized, but the project is compiling for an FPU. Please initialize the FPU before use."
      |    ^~~~~~~
../Src/main.c: In function 'main':
../Src/main.c:49:9: error: 'TIM2_init' has an incomplete type 'HardwareTimer' {aka 'struct _HardwareTimer'}
   49 |         TIM2_init->setPeriod(5000000);
      |         ^~~~~~~~~
make: *** [Src/subdir.mk:31: Src/main.o] Error 1
make: *** Waiting for unfinished jobs....
../Src/timer.c:34:18: error: 'getPrescaleValue' undeclared here (not in a function)
   34 |                 &getPrescaleValue,
      |                  ^~~~~~~~~~~~~~~~
../Src/timer.c:35:18: error: 'getARRValue' undeclared here (not in a function)
   35 |                 &getARRValue,
      |                  ^~~~~~~~~~~
../Src/timer.c:36:18: error: 'setPrescaleValue' undeclared here (not in a function)
   36 |                 &setPrescaleValue,
      |                  ^~~~~~~~~~~~~~~~
../Src/timer.c:37:18: error: 'setARRValue' undeclared here (not in a function)
   37 |                 &setARRValue,
      |                  ^~~~~~~~~~~
../Src/timer.c:38:18: error: 'setPeriod' undeclared here (not in a function)
   38 |                 &setPeriod
      |                  ^~~~~~~~~
../Src/timer.c: In function 'getPrescaleValue':
../Src/timer.c:78:16: error: 'PrescaleValue' undeclared (first use in this function); did you mean 'getPrescaleValue'?
   78 |         return PrescaleValue;
      |                ^~~~~~~~~~~~~
      |                getPrescaleValue
../Src/timer.c:78:16: note: each undeclared identifier is reported only once for each function it appears in
../Src/timer.c: In function 'setPrescaleValue':
../Src/timer.c:84:9: error: 'PrescaleValue' undeclared (first use in this function); did you mean 'setPrescaleValue'?
   84 |         PrescaleValue = value;
      |         ^~~~~~~~~~~~~
      |         setPrescaleValue
../Src/timer.c:85:13: error: 'TIMx' undeclared (first use in this function); did you mean 'TIM1'?
   85 |         if (TIMx != NULL) {
      |             ^~~~
      |             TIM1
../Src/timer.c:85:21: error: 'NULL' undeclared (first use in this function)
   85 |         if (TIMx != NULL) {
      |                     ^~~~
../Src/timer.c:3:1: note: 'NULL' is defined in header '<stddef.h>'; did you forget to '#include <stddef.h>'?
    2 | #include "timer.h"
  +++ |+#include <stddef.h>
    3 | #include "stm32f303xc.h"
../Src/timer.c: In function 'getARRValue':
../Src/timer.c:91:16: error: 'ARRValue' undeclared (first use in this function); did you mean 'getARRValue'?
   91 |         return ARRValue;
      |                ^~~~~~~~
      |                getARRValue
../Src/timer.c: In function 'setARRValue':
../Src/timer.c:95:9: error: 'ARRValue' undeclared (first use in this function); did you mean 'setARRValue'?
   95 |         ARRValue = value;
      |         ^~~~~~~~
      |         setARRValue
../Src/timer.c: In function 'getPrescaleValue':
../Src/timer.c:79:1: warning: control reaches end of non-void function [-Wreturn-type]
   79 | }
      | ^
../Src/timer.c: In function 'getARRValue':
../Src/timer.c:92:1: warning: control reaches end of non-void function [-Wreturn-type]
   92 | }
      | ^
make: *** [Src/subdir.mk:31: Src/timer.o] Error 1
"make -j20 all" terminated with exit code 2. Build might be incomplete.
21:21:26 **** Incremental Build of configuration Debug for project task_3_2 ****
make -j20 all 
arm-none-eabi-gcc "../Src/main.c" -mcpu=cortex-m4 -std=gnu11 -g3 -DDEBUG -DSTM32F303VCTx -DSTM32 -DSTM32F3 -DSTM32F3DISCOVERY -c -I../Inc -I"C:/Users/benri/OneDrive/Documents/MTRX2700/MTRX2700_Assignment2/stm32f303-definitions/Core/Inc" -O0 -ffunction-sections -fdata-sections -Wall -fstack-usage -fcyclomatic-complexity -MMD -MP -MF"Src/main.d" -MT"Src/main.o" --specs=nano.specs -mfpu=fpv4-sp-d16 -mfloat-abi=hard -mthumb -o "Src/main.o"
arm-none-eabi-gcc "../Src/timer.c" -mcpu=cortex-m4 -std=gnu11 -g3 -DDEBUG -DSTM32F303VCTx -DSTM32 -DSTM32F3 -DSTM32F3DISCOVERY -c -I../Inc -I"C:/Users/benri/OneDrive/Documents/MTRX2700/MTRX2700_Assignment2/stm32f303-definitions/Core/Inc" -O0 -ffunction-sections -fdata-sections -Wall -fstack-usage -fcyclomatic-complexity -MMD -MP -MF"Src/timer.d" -MT"Src/timer.o" --specs=nano.specs -mfpu=fpv4-sp-d16 -mfloat-abi=hard -mthumb -o "Src/timer.o"
../Src/main.c:9:4: warning: #warning "FPU is not initialized, but the project is compiling for an FPU. Please initialize the FPU before use." [-Wcpp]
    9 |   #warning "FPU is not initialized, but the project is compiling for an FPU. Please initialize the FPU before use."
      |    ^~~~~~~
../Src/main.c: In function 'main':
../Src/main.c:49:9: error: 'TIM2_init' has an incomplete type 'HardwareTimer' {aka 'struct _HardwareTimer'}
   49 |         TIM2_init->setPeriod(5000000);
      |         ^~~~~~~~~
../Src/timer.c: In function 'getPrescaleValue':
../Src/timer.c:78:16: error: 'PrescaleValue' undeclared (first use in this function); did you mean 'setPrescaleValue'?
   78 |         return PrescaleValue;
      |                ^~~~~~~~~~~~~
      |                setPrescaleValue
../Src/timer.c:78:16: note: each undeclared identifier is reported only once for each function it appears in
../Src/timer.c: In function 'setPrescaleValue':
../Src/timer.c:84:9: error: 'PrescaleValue' undeclared (first use in this function); did you mean 'setPrescaleValue'?
   84 |         PrescaleValue = value;
      |         ^~~~~~~~~~~~~
      |         setPrescaleValue
../Src/timer.c:85:13: error: 'TIMx' undeclared (first use in this function); did you mean 'TIM1'?
   85 |         if (TIMx != NULL) {
      |             ^~~~
      |             TIM1
../Src/timer.c:85:21: error: 'NULL' undeclared (first use in this function)
   85 |         if (TIMx != NULL) {
      |                     ^~~~
../Src/timer.c:3:1: note: 'NULL' is defined in header '<stddef.h>'; did you forget to '#include <stddef.h>'?
    2 | #include "timer.h"
  +++ |+#include <stddef.h>
    3 | #include "stm32f303xc.h"
../Src/timer.c: In function 'getARRValue':
../Src/timer.c:91:16: error: 'ARRValue' undeclared (first use in this function); did you mean 'setARRValue'?
   91 |         return ARRValue;
      |                ^~~~~~~~
      |                setARRValue
../Src/timer.c: In function 'setARRValue':
../Src/timer.c:95:9: error: 'ARRValue' undeclared (first use in this function); did you mean 'setARRValue'?
   95 |         ARRValue = value;
      |         ^~~~~~~~
      |         setARRValue
../Src/timer.c: In function 'getPrescaleValue':
../Src/timer.c:79:1: warning: control reaches end of non-void function [-Wreturn-type]
   79 | }
      | ^
../Src/timer.c: In function 'getARRValue':
../Src/timer.c:92:1: warning: control reaches end of non-void function [-Wreturn-type]
   92 | }
      | ^
make: *** [Src/subdir.mk:31: Src/main.o] Error 1
make: *** Waiting for unfinished jobs....
make: *** [Src/subdir.mk:31: Src/timer.o] Error 1
"make -j20 all" terminated with exit code 2. Build might be incomplete.
21:22:24 **** Incremental Build of configuration Debug for project task_3_2 ****
make -j20 all 
arm-none-eabi-gcc "../Src/main.c" -mcpu=cortex-m4 -std=gnu11 -g3 -DDEBUG -DSTM32F303VCTx -DSTM32 -DSTM32F3 -DSTM32F3DISCOVERY -c -I../Inc -I"C:/Users/benri/OneDrive/Documents/MTRX2700/MTRX2700_Assignment2/stm32f303-definitions/Core/Inc" -O0 -ffunction-sections -fdata-sections -Wall -fstack-usage -fcyclomatic-complexity -MMD -MP -MF"Src/main.d" -MT"Src/main.o" --specs=nano.specs -mfpu=fpv4-sp-d16 -mfloat-abi=hard -mthumb -o "Src/main.o"
arm-none-eabi-gcc "../Src/timer.c" -mcpu=cortex-m4 -std=gnu11 -g3 -DDEBUG -DSTM32F303VCTx -DSTM32 -DSTM32F3 -DSTM32F3DISCOVERY -c -I../Inc -I"C:/Users/benri/OneDrive/Documents/MTRX2700/MTRX2700_Assignment2/stm32f303-definitions/Core/Inc" -O0 -ffunction-sections -fdata-sections -Wall -fstack-usage -fcyclomatic-complexity -MMD -MP -MF"Src/timer.d" -MT"Src/timer.o" --specs=nano.specs -mfpu=fpv4-sp-d16 -mfloat-abi=hard -mthumb -o "Src/timer.o"
../Src/main.c:9:4: warning: #warning "FPU is not initialized, but the project is compiling for an FPU. Please initialize the FPU before use." [-Wcpp]
    9 |   #warning "FPU is not initialized, but the project is compiling for an FPU. Please initialize the FPU before use."
      |    ^~~~~~~
../Src/main.c: In function 'main':
../Src/main.c:49:9: error: 'TIM2_init' has an incomplete type 'HardwareTimer' {aka 'struct _HardwareTimer'}
   49 |         TIM2_init->setPeriod(5000000);
      |         ^~~~~~~~~
make: *** [Src/subdir.mk:31: Src/main.o] Error 1
make: *** Waiting for unfinished jobs....
../Src/timer.c: In function 'getPrescaleValue':
../Src/timer.c:78:16: error: 'PrescaleValue' undeclared (first use in this function); did you mean 'setPrescaleValue'?
   78 |         return PrescaleValue;
      |                ^~~~~~~~~~~~~
      |                setPrescaleValue
../Src/timer.c:78:16: note: each undeclared identifier is reported only once for each function it appears in
../Src/timer.c: In function 'setPrescaleValue':
../Src/timer.c:84:9: error: 'PrescaleValue' undeclared (first use in this function); did you mean 'setPrescaleValue'?
   84 |         PrescaleValue = value;
      |         ^~~~~~~~~~~~~
      |         setPrescaleValue
../Src/timer.c:85:13: error: 'TIMx' undeclared (first use in this function); did you mean 'TIM1'?
   85 |         if (TIMx != NULL) {
      |             ^~~~
      |             TIM1
../Src/timer.c:85:21: error: 'NULL' undeclared (first use in this function)
   85 |         if (TIMx != NULL) {
      |                     ^~~~
../Src/timer.c:3:1: note: 'NULL' is defined in header '<stddef.h>'; did you forget to '#include <stddef.h>'?
    2 | #include "timer.h"
  +++ |+#include <stddef.h>
    3 | #include "stm32f303xc.h"
../Src/timer.c: In function 'getARRValue':
../Src/timer.c:91:16: error: 'ARRValue' undeclared (first use in this function); did you mean 'setARRValue'?
   91 |         return ARRValue;
      |                ^~~~~~~~
      |                setARRValue
../Src/timer.c: In function 'setARRValue':
../Src/timer.c:95:9: error: 'ARRValue' undeclared (first use in this function); did you mean 'setARRValue'?
   95 |         ARRValue = value;
      |         ^~~~~~~~
      |         setARRValue
../Src/timer.c: In function 'getPrescaleValue':
../Src/timer.c:79:1: warning: control reaches end of non-void function [-Wreturn-type]
   79 | }
      | ^
../Src/timer.c: In function 'getARRValue':
../Src/timer.c:92:1: warning: control reaches end of non-void function [-Wreturn-type]
   92 | }
      | ^
make: *** [Src/subdir.mk:31: Src/timer.o] Error 1
"make -j20 all" terminated with exit code 2. Build might be incomplete.
23:05:17 **** Incremental Build of configuration Debug for project task_3_2 ****
make -j20 all 
arm-none-eabi-gcc "../Src/main.c" -mcpu=cortex-m4 -std=gnu11 -g3 -DDEBUG -DSTM32F303VCTx -DSTM32 -DSTM32F3 -DSTM32F3DISCOVERY -c -I../Inc -I"C:/Users/benri/OneDrive/Documents/MTRX2700/MTRX2700_Assignment2/stm32f303-definitions/Core/Inc" -O0 -ffunction-sections -fdata-sections -Wall -fstack-usage -fcyclomatic-complexity -MMD -MP -MF"Src/main.d" -MT"Src/main.o" --specs=nano.specs -mfpu=fpv4-sp-d16 -mfloat-abi=hard -mthumb -o "Src/main.o"
arm-none-eabi-gcc "../Src/timer.c" -mcpu=cortex-m4 -std=gnu11 -g3 -DDEBUG -DSTM32F303VCTx -DSTM32 -DSTM32F3 -DSTM32F3DISCOVERY -c -I../Inc -I"C:/Users/benri/OneDrive/Documents/MTRX2700/MTRX2700_Assignment2/stm32f303-definitions/Core/Inc" -O0 -ffunction-sections -fdata-sections -Wall -fstack-usage -fcyclomatic-complexity -MMD -MP -MF"Src/timer.d" -MT"Src/timer.o" --specs=nano.specs -mfpu=fpv4-sp-d16 -mfloat-abi=hard -mthumb -o "Src/timer.o"
../Src/main.c:9:4: warning: #warning "FPU is not initialized, but the project is compiling for an FPU. Please initialize the FPU before use." [-Wcpp]
    9 |   #warning "FPU is not initialized, but the project is compiling for an FPU. Please initialize the FPU before use."
      |    ^~~~~~~
../Src/main.c: In function 'main':
../Src/main.c:50:9: error: 'TIM2_init' has an incomplete type 'HardwareTimer' {aka 'struct _HardwareTimer'}
   50 |         TIM2_init->setPeriod(5000000);
      |         ^~~~~~~~~
make: *** [Src/subdir.mk:31: Src/main.o] Error 1
make: *** Waiting for unfinished jobs....
"make -j20 all" terminated with exit code 2. Build might be incomplete.
23:06:03 **** Incremental Build of configuration Debug for project task_3_2 ****
make -j20 all 
arm-none-eabi-gcc "../Src/main.c" -mcpu=cortex-m4 -std=gnu11 -g3 -DDEBUG -DSTM32F303VCTx -DSTM32 -DSTM32F3 -DSTM32F3DISCOVERY -c -I../Inc -I"C:/Users/benri/OneDrive/Documents/MTRX2700/MTRX2700_Assignment2/stm32f303-definitions/Core/Inc" -O0 -ffunction-sections -fdata-sections -Wall -fstack-usage -fcyclomatic-complexity -MMD -MP -MF"Src/main.d" -MT"Src/main.o" --specs=nano.specs -mfpu=fpv4-sp-d16 -mfloat-abi=hard -mthumb -o "Src/main.o"
../Src/main.c:9:4: warning: #warning "FPU is not initialized, but the project is compiling for an FPU. Please initialize the FPU before use." [-Wcpp]
    9 |   #warning "FPU is not initialized, but the project is compiling for an FPU. Please initialize the FPU before use."
      |    ^~~~~~~
arm-none-eabi-gcc -o "task_3_2.elf" @"objects.list"   -mcpu=cortex-m4 -T"C:\Users\benri\OneDrive\Documents\MTRX2700\MTRX2700_Assignment2\exercise_3\task_3_2\STM32F303VCTX_FLASH.ld" --specs=nosys.specs -Wl,-Map="task_3_2.map" -Wl,--gc-sections -static --specs=nano.specs -mfpu=fpv4-sp-d16 -mfloat-abi=hard -mthumb -Wl,--start-group -lc -lm -Wl,--end-group
Finished building target: task_3_2.elf
 
arm-none-eabi-size  task_3_2.elf 
arm-none-eabi-objdump -h -S task_3_2.elf  > "task_3_2.list"
   text	   data	    bss	    dec	    hex	filename
   1276	     44	   1572	   2892	    b4c	task_3_2.elf
Finished building: default.size.stdout
 
Finished building: task_3_2.list
 
23:06:50 **** Incremental Build of configuration Debug for project task_3_2 ****
make -j20 all 
arm-none-eabi-gcc "../Src/main.c" -mcpu=cortex-m4 -std=gnu11 -g3 -DDEBUG -DSTM32F303VCTx -DSTM32 -DSTM32F3 -DSTM32F3DISCOVERY -c -I../Inc -I"C:/Users/benri/OneDrive/Documents/MTRX2700/MTRX2700_Assignment2/stm32f303-definitions/Core/Inc" -O0 -ffunction-sections -fdata-sections -Wall -fstack-usage -fcyclomatic-complexity -MMD -MP -MF"Src/main.d" -MT"Src/main.o" --specs=nano.specs -mfpu=fpv4-sp-d16 -mfloat-abi=hard -mthumb -o "Src/main.o"
../Src/main.c:9:4: warning: #warning "FPU is not initialized, but the project is compiling for an FPU. Please initialize the FPU before use." [-Wcpp]
    9 |   #warning "FPU is not initialized, but the project is compiling for an FPU. Please initialize the FPU before use."
      |    ^~~~~~~
arm-none-eabi-gcc -o "task_3_2.elf" @"objects.list"   -mcpu=cortex-m4 -T"C:\Users\benri\OneDrive\Documents\MTRX2700\MTRX2700_Assignment2\exercise_3\task_3_2\STM32F303VCTX_FLASH.ld" --specs=nosys.specs -Wl,-Map="task_3_2.map" -Wl,--gc-sections -static --specs=nano.specs -mfpu=fpv4-sp-d16 -mfloat-abi=hard -mthumb -Wl,--start-group -lc -lm -Wl,--end-group
Finished building target: task_3_2.elf
 
arm-none-eabi-size  task_3_2.elf 
arm-none-eabi-objdump -h -S task_3_2.elf  > "task_3_2.list"
   text	   data	    bss	    dec	    hex	filename
   1272	     44	   1572	   2888	    b48	task_3_2.elf
Finished building: default.size.stdout
 
Finished building: task_3_2.list
 
23:07:37 **** Incremental Build of configuration Debug for project task_3_2 ****
make -j20 all 
arm-none-eabi-gcc "../Src/main.c" -mcpu=cortex-m4 -std=gnu11 -g3 -DDEBUG -DSTM32F303VCTx -DSTM32 -DSTM32F3 -DSTM32F3DISCOVERY -c -I../Inc -I"C:/Users/benri/OneDrive/Documents/MTRX2700/MTRX2700_Assignment2/stm32f303-definitions/Core/Inc" -O0 -ffunction-sections -fdata-sections -Wall -fstack-usage -fcyclomatic-complexity -MMD -MP -MF"Src/main.d" -MT"Src/main.o" --specs=nano.specs -mfpu=fpv4-sp-d16 -mfloat-abi=hard -mthumb -o "Src/main.o"
../Src/main.c:9:4: warning: #warning "FPU is not initialized, but the project is compiling for an FPU. Please initialize the FPU before use." [-Wcpp]
    9 |   #warning "FPU is not initialized, but the project is compiling for an FPU. Please initialize the FPU before use."
      |    ^~~~~~~
arm-none-eabi-gcc -o "task_3_2.elf" @"objects.list"   -mcpu=cortex-m4 -T"C:\Users\benri\OneDrive\Documents\MTRX2700\MTRX2700_Assignment2\exercise_3\task_3_2\STM32F303VCTX_FLASH.ld" --specs=nosys.specs -Wl,-Map="task_3_2.map" -Wl,--gc-sections -static --specs=nano.specs -mfpu=fpv4-sp-d16 -mfloat-abi=hard -mthumb -Wl,--start-group -lc -lm -Wl,--end-group
Finished building target: task_3_2.elf
 
arm-none-eabi-size  task_3_2.elf 
arm-none-eabi-objdump -h -S task_3_2.elf  > "task_3_2.list"
   text	   data	    bss	    dec	    hex	filename
   1272	     44	   1572	   2888	    b48	task_3_2.elf
Finished building: default.size.stdout
 
Finished building: task_3_2.list
 
23:08:08 **** Incremental Build of configuration Debug for project task_3_2 ****
make -j20 all 
arm-none-eabi-gcc "../Src/main.c" -mcpu=cortex-m4 -std=gnu11 -g3 -DDEBUG -DSTM32F303VCTx -DSTM32 -DSTM32F3 -DSTM32F3DISCOVERY -c -I../Inc -I"C:/Users/benri/OneDrive/Documents/MTRX2700/MTRX2700_Assignment2/stm32f303-definitions/Core/Inc" -O0 -ffunction-sections -fdata-sections -Wall -fstack-usage -fcyclomatic-complexity -MMD -MP -MF"Src/main.d" -MT"Src/main.o" --specs=nano.specs -mfpu=fpv4-sp-d16 -mfloat-abi=hard -mthumb -o "Src/main.o"
../Src/main.c:9:4: warning: #warning "FPU is not initialized, but the project is compiling for an FPU. Please initialize the FPU before use." [-Wcpp]
    9 |   #warning "FPU is not initialized, but the project is compiling for an FPU. Please initialize the FPU before use."
      |    ^~~~~~~
arm-none-eabi-gcc -o "task_3_2.elf" @"objects.list"   -mcpu=cortex-m4 -T"C:\Users\benri\OneDrive\Documents\MTRX2700\MTRX2700_Assignment2\exercise_3\task_3_2\STM32F303VCTX_FLASH.ld" --specs=nosys.specs -Wl,-Map="task_3_2.map" -Wl,--gc-sections -static --specs=nano.specs -mfpu=fpv4-sp-d16 -mfloat-abi=hard -mthumb -Wl,--start-group -lc -lm -Wl,--end-group
Finished building target: task_3_2.elf
 
arm-none-eabi-size  task_3_2.elf 
arm-none-eabi-objdump -h -S task_3_2.elf  > "task_3_2.list"
   text	   data	    bss	    dec	    hex	filename
   1276	     44	   1572	   2892	    b4c	task_3_2.elf
Finished building: default.size.stdout
 
Finished building: task_3_2.list
 
23:09:27 **** Incremental Build of configuration Debug for project task_3_2 ****
make -j20 all 
arm-none-eabi-gcc "../Src/main.c" -mcpu=cortex-m4 -std=gnu11 -g3 -DDEBUG -DSTM32F303VCTx -DSTM32 -DSTM32F3 -DSTM32F3DISCOVERY -c -I../Inc -I"C:/Users/benri/OneDrive/Documents/MTRX2700/MTRX2700_Assignment2/stm32f303-definitions/Core/Inc" -O0 -ffunction-sections -fdata-sections -Wall -fstack-usage -fcyclomatic-complexity -MMD -MP -MF"Src/main.d" -MT"Src/main.o" --specs=nano.specs -mfpu=fpv4-sp-d16 -mfloat-abi=hard -mthumb -o "Src/main.o"
arm-none-eabi-gcc "../Src/timer.c" -mcpu=cortex-m4 -std=gnu11 -g3 -DDEBUG -DSTM32F303VCTx -DSTM32 -DSTM32F3 -DSTM32F3DISCOVERY -c -I../Inc -I"C:/Users/benri/OneDrive/Documents/MTRX2700/MTRX2700_Assignment2/stm32f303-definitions/Core/Inc" -O0 -ffunction-sections -fdata-sections -Wall -fstack-usage -fcyclomatic-complexity -MMD -MP -MF"Src/timer.d" -MT"Src/timer.o" --specs=nano.specs -mfpu=fpv4-sp-d16 -mfloat-abi=hard -mthumb -o "Src/timer.o"
../Src/main.c:9:4: warning: #warning "FPU is not initialized, but the project is compiling for an FPU. Please initialize the FPU before use." [-Wcpp]
    9 |   #warning "FPU is not initialized, but the project is compiling for an FPU. Please initialize the FPU before use."
      |    ^~~~~~~
arm-none-eabi-gcc -o "task_3_2.elf" @"objects.list"   -mcpu=cortex-m4 -T"C:\Users\benri\OneDrive\Documents\MTRX2700\MTRX2700_Assignment2\exercise_3\task_3_2\STM32F303VCTX_FLASH.ld" --specs=nosys.specs -Wl,-Map="task_3_2.map" -Wl,--gc-sections -static --specs=nano.specs -mfpu=fpv4-sp-d16 -mfloat-abi=hard -mthumb -Wl,--start-group -lc -lm -Wl,--end-group
Finished building target: task_3_2.elf
 
arm-none-eabi-size  task_3_2.elf 
arm-none-eabi-objdump -h -S task_3_2.elf  > "task_3_2.list"
   text	   data	    bss	    dec	    hex	filename
   1276	     44	   1572	   2892	    b4c	task_3_2.elf
Finished building: default.size.stdout
 
Finished building: task_3_2.list
 
23:27:34 **** Incremental Build of configuration Debug for project task_3_2 ****
make -j20 all 
arm-none-eabi-gcc "../Src/main.c" -mcpu=cortex-m4 -std=gnu11 -g3 -DDEBUG -DSTM32F303VCTx -DSTM32 -DSTM32F3 -DSTM32F3DISCOVERY -c -I../Inc -I"C:/Users/benri/OneDrive/Documents/MTRX2700/MTRX2700_Assignment2/stm32f303-definitions/Core/Inc" -O0 -ffunction-sections -fdata-sections -Wall -fstack-usage -fcyclomatic-complexity -MMD -MP -MF"Src/main.d" -MT"Src/main.o" --specs=nano.specs -mfpu=fpv4-sp-d16 -mfloat-abi=hard -mthumb -o "Src/main.o"
arm-none-eabi-gcc "../Src/timer.c" -mcpu=cortex-m4 -std=gnu11 -g3 -DDEBUG -DSTM32F303VCTx -DSTM32 -DSTM32F3 -DSTM32F3DISCOVERY -c -I../Inc -I"C:/Users/benri/OneDrive/Documents/MTRX2700/MTRX2700_Assignment2/stm32f303-definitions/Core/Inc" -O0 -ffunction-sections -fdata-sections -Wall -fstack-usage -fcyclomatic-complexity -MMD -MP -MF"Src/timer.d" -MT"Src/timer.o" --specs=nano.specs -mfpu=fpv4-sp-d16 -mfloat-abi=hard -mthumb -o "Src/timer.o"
../Src/main.c:9:4: warning: #warning "FPU is not initialized, but the project is compiling for an FPU. Please initialize the FPU before use." [-Wcpp]
    9 |   #warning "FPU is not initialized, but the project is compiling for an FPU. Please initialize the FPU before use."
      |    ^~~~~~~
../Src/main.c: In function 'timer_completion_function':
../Src/main.c:17:23: error: invalid use of undefined type 'struct _HardwareTimer'
   17 |     if (hardware_timer->TIMx->SR & TIM_SR_UIF) {
      |                       ^~
../Src/main.c:19:23: error: invalid use of undefined type 'struct _HardwareTimer'
   19 |         hardware_timer->TIMx->SR &= ~TIM_SR_UIF;
      |                       ^~
../Src/main.c: In function 'main':
../Src/main.c:49:37: warning: passing argument 2 of 'TimerInitialise' from incompatible pointer type [-Wincompatible-pointer-types]
   49 |         TimerInitialise(&TIM2_init, &timer_completion_function);
      |                                     ^~~~~~~~~~~~~~~~~~~~~~~~~~
      |                                     |
      |                                     void (*)(struct _HardwareTimer *)
In file included from ../Src/main.c:5:
../Inc/timer.h:21:60: note: expected 'void (*)(void)' but argument is of type 'void (*)(struct _HardwareTimer *)'
   21 | void TimerInitialise(HardwareTimer *hardware_timer, void (*completion_function)(void));
      |                                                     ~~~~~~~^~~~~~~~~~~~~~~~~~~~~~~~~~
make: *** [Src/subdir.mk:31: Src/main.o] Error 1
make: *** Waiting for unfinished jobs....
../Src/timer.c: In function 'TIM2_IRQHandler':
../Src/timer.c:32:13: error: 'timer_completion_function' undeclared (first use in this function)
   32 |         if (timer_completion_function != 0x00) {
      |             ^~~~~~~~~~~~~~~~~~~~~~~~~
../Src/timer.c:32:13: note: each undeclared identifier is reported only once for each function it appears in
../Src/timer.c:33:17: warning: implicit declaration of function 'timer_completion_function' [-Wimplicit-function-declaration]
   33 |                 timer_completion_function();
      |                 ^~~~~~~~~~~~~~~~~~~~~~~~~
../Src/timer.c: At top level:
../Src/timer.c:38:6: error: conflicting types for 'TimerInitialise'; have 'void(HardwareTimer *, void (*)(struct _HardwareTimer))' {aka 'void(struct _HardwareTimer *, void (*)(struct _HardwareTimer))'}
   38 | void TimerInitialise(HardwareTimer *hardware_timer, void (*completion_function)(struct _HardwareTimer)) {
      |      ^~~~~~~~~~~~~~~
In file included from ../Src/timer.c:2:
../Inc/timer.h:21:6: note: previous declaration of 'TimerInitialise' with type 'void(HardwareTimer *, void (*)(void))' {aka 'void(struct _HardwareTimer *, void (*)(void))'}
   21 | void TimerInitialise(HardwareTimer *hardware_timer, void (*completion_function)(void));
      |      ^~~~~~~~~~~~~~~
../Src/timer.c: In function 'TimerInitialise':
../Src/timer.c:40:9: error: 'timer_completion_function' undeclared (first use in this function); did you mean 'completion_function'?
   40 |         timer_completion_function = completion_function;
      |         ^~~~~~~~~~~~~~~~~~~~~~~~~
      |         completion_function
../Src/timer.c:41:45: warning: assignment to 'void (*)(uint32_t)' {aka 'void (*)(long unsigned int)'} from incompatible pointer type 'void (*)(struct _HardwareTimer)' [-Wincompatible-pointer-types]
   41 |         hardware_timer->completion_function = completion_function;
      |                                             ^
make: *** [Src/subdir.mk:31: Src/timer.o] Error 1
"make -j20 all" terminated with exit code 2. Build might be incomplete.
23:31:15 **** Incremental Build of configuration Debug for project task_3_2 ****
make -j20 all 
arm-none-eabi-gcc "../Src/main.c" -mcpu=cortex-m4 -std=gnu11 -g3 -DDEBUG -DSTM32F303VCTx -DSTM32 -DSTM32F3 -DSTM32F3DISCOVERY -c -I../Inc -I"C:/Users/benri/OneDrive/Documents/MTRX2700/MTRX2700_Assignment2/stm32f303-definitions/Core/Inc" -O0 -ffunction-sections -fdata-sections -Wall -fstack-usage -fcyclomatic-complexity -MMD -MP -MF"Src/main.d" -MT"Src/main.o" --specs=nano.specs -mfpu=fpv4-sp-d16 -mfloat-abi=hard -mthumb -o "Src/main.o"
arm-none-eabi-gcc "../Src/timer.c" -mcpu=cortex-m4 -std=gnu11 -g3 -DDEBUG -DSTM32F303VCTx -DSTM32 -DSTM32F3 -DSTM32F3DISCOVERY -c -I../Inc -I"C:/Users/benri/OneDrive/Documents/MTRX2700/MTRX2700_Assignment2/stm32f303-definitions/Core/Inc" -O0 -ffunction-sections -fdata-sections -Wall -fstack-usage -fcyclomatic-complexity -MMD -MP -MF"Src/timer.d" -MT"Src/timer.o" --specs=nano.specs -mfpu=fpv4-sp-d16 -mfloat-abi=hard -mthumb -o "Src/timer.o"
../Src/main.c:9:4: warning: #warning "FPU is not initialized, but the project is compiling for an FPU. Please initialize the FPU before use." [-Wcpp]
    9 |   #warning "FPU is not initialized, but the project is compiling for an FPU. Please initialize the FPU before use."
      |    ^~~~~~~
../Src/main.c: In function 'timer_completion_function':
../Src/main.c:17:23: error: invalid use of undefined type 'struct _HardwareTimer'
   17 |     if (hardware_timer->TIMx->SR & TIM_SR_UIF) {
      |                       ^~
../Src/main.c:19:23: error: invalid use of undefined type 'struct _HardwareTimer'
   19 |         hardware_timer->TIMx->SR &= ~TIM_SR_UIF;
      |                       ^~
../Src/main.c: In function 'main':
../Src/main.c:49:37: warning: passing argument 2 of 'TimerInitialise' from incompatible pointer type [-Wincompatible-pointer-types]
   49 |         TimerInitialise(&TIM2_init, &timer_completion_function);
      |                                     ^~~~~~~~~~~~~~~~~~~~~~~~~~
      |                                     |
      |                                     void (*)(struct _HardwareTimer *)
In file included from ../Src/main.c:5:
../Inc/timer.h:21:60: note: expected 'void (*)(struct _HardwareTimer)' but argument is of type 'void (*)(struct _HardwareTimer *)'
   21 | void TimerInitialise(HardwareTimer *hardware_timer, void (*completion_function)(struct _HardwareTimer));
      |                                                     ~~~~~~~^~~~~~~~~~~~~~~~~~~~~~~~~~~~~~~~~~~~~~~~~~~
make: *** [Src/subdir.mk:31: Src/main.o] Error 1
make: *** Waiting for unfinished jobs....
../Src/timer.c: In function 'TIM2_IRQHandler':
../Src/timer.c:32:13: error: 'timer_completion_function' undeclared (first use in this function)
   32 |         if (timer_completion_function != 0x00) {
      |             ^~~~~~~~~~~~~~~~~~~~~~~~~
../Src/timer.c:32:13: note: each undeclared identifier is reported only once for each function it appears in
../Src/timer.c:33:17: warning: implicit declaration of function 'timer_completion_function' [-Wimplicit-function-declaration]
   33 |                 timer_completion_function();
      |                 ^~~~~~~~~~~~~~~~~~~~~~~~~
../Src/timer.c: In function 'TimerInitialise':
../Src/timer.c:40:9: error: 'timer_completion_function' undeclared (first use in this function); did you mean 'completion_function'?
   40 |         timer_completion_function = completion_function;
      |         ^~~~~~~~~~~~~~~~~~~~~~~~~
      |         completion_function
../Src/timer.c:41:45: warning: assignment to 'void (*)(uint32_t)' {aka 'void (*)(long unsigned int)'} from incompatible pointer type 'void (*)(struct _HardwareTimer)' [-Wincompatible-pointer-types]
   41 |         hardware_timer->completion_function = completion_function;
      |                                             ^
make: *** [Src/subdir.mk:31: Src/timer.o] Error 1
"make -j20 all" terminated with exit code 2. Build might be incomplete.
23:36:44 **** Incremental Build of configuration Debug for project task_3_2 ****
make -j20 all 
arm-none-eabi-gcc "../Src/main.c" -mcpu=cortex-m4 -std=gnu11 -g3 -DDEBUG -DSTM32F303VCTx -DSTM32 -DSTM32F3 -DSTM32F3DISCOVERY -c -I../Inc -I"C:/Users/benri/OneDrive/Documents/MTRX2700/MTRX2700_Assignment2/stm32f303-definitions/Core/Inc" -O0 -ffunction-sections -fdata-sections -Wall -fstack-usage -fcyclomatic-complexity -MMD -MP -MF"Src/main.d" -MT"Src/main.o" --specs=nano.specs -mfpu=fpv4-sp-d16 -mfloat-abi=hard -mthumb -o "Src/main.o"
arm-none-eabi-gcc "../Src/timer.c" -mcpu=cortex-m4 -std=gnu11 -g3 -DDEBUG -DSTM32F303VCTx -DSTM32 -DSTM32F3 -DSTM32F3DISCOVERY -c -I../Inc -I"C:/Users/benri/OneDrive/Documents/MTRX2700/MTRX2700_Assignment2/stm32f303-definitions/Core/Inc" -O0 -ffunction-sections -fdata-sections -Wall -fstack-usage -fcyclomatic-complexity -MMD -MP -MF"Src/timer.d" -MT"Src/timer.o" --specs=nano.specs -mfpu=fpv4-sp-d16 -mfloat-abi=hard -mthumb -o "Src/timer.o"
../Src/main.c:9:4: warning: #warning "FPU is not initialized, but the project is compiling for an FPU. Please initialize the FPU before use." [-Wcpp]
    9 |   #warning "FPU is not initialized, but the project is compiling for an FPU. Please initialize the FPU before use."
      |    ^~~~~~~
../Src/timer.c: In function 'TIM2_IRQHandler':
../Src/timer.c:48:25: error: too few arguments to function 'completion_function'
   48 |                         completion_function();
      |                         ^~~~~~~~~~~~~~~~~~~
At top level:
../Src/timer.c:40:14: warning: 'TIM2_IRQHandler' defined but not used [-Wunused-function]
   40 |         void TIM2_IRQHandler() {
      |              ^~~~~~~~~~~~~~~
make: *** [Src/subdir.mk:31: Src/timer.o] Error 1
make: *** Waiting for unfinished jobs....
"make -j20 all" terminated with exit code 2. Build might be incomplete.
23:37:18 **** Incremental Build of configuration Debug for project task_3_2 ****
make -j20 all 
arm-none-eabi-gcc "../Src/main.c" -mcpu=cortex-m4 -std=gnu11 -g3 -DDEBUG -DSTM32F303VCTx -DSTM32 -DSTM32F3 -DSTM32F3DISCOVERY -c -I../Inc -I"C:/Users/benri/OneDrive/Documents/MTRX2700/MTRX2700_Assignment2/stm32f303-definitions/Core/Inc" -O0 -ffunction-sections -fdata-sections -Wall -fstack-usage -fcyclomatic-complexity -MMD -MP -MF"Src/main.d" -MT"Src/main.o" --specs=nano.specs -mfpu=fpv4-sp-d16 -mfloat-abi=hard -mthumb -o "Src/main.o"
arm-none-eabi-gcc "../Src/timer.c" -mcpu=cortex-m4 -std=gnu11 -g3 -DDEBUG -DSTM32F303VCTx -DSTM32 -DSTM32F3 -DSTM32F3DISCOVERY -c -I../Inc -I"C:/Users/benri/OneDrive/Documents/MTRX2700/MTRX2700_Assignment2/stm32f303-definitions/Core/Inc" -O0 -ffunction-sections -fdata-sections -Wall -fstack-usage -fcyclomatic-complexity -MMD -MP -MF"Src/timer.d" -MT"Src/timer.o" --specs=nano.specs -mfpu=fpv4-sp-d16 -mfloat-abi=hard -mthumb -o "Src/timer.o"
../Src/main.c:9:4: warning: #warning "FPU is not initialized, but the project is compiling for an FPU. Please initialize the FPU before use." [-Wcpp]
    9 |   #warning "FPU is not initialized, but the project is compiling for an FPU. Please initialize the FPU before use."
      |    ^~~~~~~
../Src/timer.c:40:14: warning: 'TIM2_IRQHandler' defined but not used [-Wunused-function]
   40 |         void TIM2_IRQHandler() {
      |              ^~~~~~~~~~~~~~~
arm-none-eabi-gcc -o "task_3_2.elf" @"objects.list"   -mcpu=cortex-m4 -T"C:\Users\benri\OneDrive\Documents\MTRX2700\MTRX2700_Assignment2\exercise_3\task_3_2\STM32F303VCTX_FLASH.ld" --specs=nosys.specs -Wl,-Map="task_3_2.map" -Wl,--gc-sections -static --specs=nano.specs -mfpu=fpv4-sp-d16 -mfloat-abi=hard -mthumb -Wl,--start-group -lc -lm -Wl,--end-group
Finished building target: task_3_2.elf
 
arm-none-eabi-size  task_3_2.elf 
arm-none-eabi-objdump -h -S task_3_2.elf  > "task_3_2.list"
   text	   data	    bss	    dec	    hex	filename
   1228	     44	   1564	   2836	    b14	task_3_2.elf
Finished building: default.size.stdout
 
Finished building: task_3_2.list
 
23:38:40 **** Incremental Build of configuration Debug for project task_3_2 ****
make -j20 all 
arm-none-eabi-gcc "../Src/timer.c" -mcpu=cortex-m4 -std=gnu11 -g3 -DDEBUG -DSTM32F303VCTx -DSTM32 -DSTM32F3 -DSTM32F3DISCOVERY -c -I../Inc -I"C:/Users/benri/OneDrive/Documents/MTRX2700/MTRX2700_Assignment2/stm32f303-definitions/Core/Inc" -O0 -ffunction-sections -fdata-sections -Wall -fstack-usage -fcyclomatic-complexity -MMD -MP -MF"Src/timer.d" -MT"Src/timer.o" --specs=nano.specs -mfpu=fpv4-sp-d16 -mfloat-abi=hard -mthumb -o "Src/timer.o"
../Src/timer.c: In function 'TimerInitialise':
../Src/timer.c:40:21: error: nested function 'TIM2_IRQHandler' declared 'extern'
   40 |         extern void TIM2_IRQHandler() {
      |                     ^~~~~~~~~~~~~~~
At top level:
../Src/timer.c:40:21: warning: 'TIM2_IRQHandler' defined but not used [-Wunused-function]
make: *** [Src/subdir.mk:31: Src/timer.o] Error 1
"make -j20 all" terminated with exit code 2. Build might be incomplete.
23:39:03 **** Incremental Build of configuration Debug for project task_3_2 ****
make -j20 all 
arm-none-eabi-gcc "../Src/timer.c" -mcpu=cortex-m4 -std=gnu11 -g3 -DDEBUG -DSTM32F303VCTx -DSTM32 -DSTM32F3 -DSTM32F3DISCOVERY -c -I../Inc -I"C:/Users/benri/OneDrive/Documents/MTRX2700/MTRX2700_Assignment2/stm32f303-definitions/Core/Inc" -O0 -ffunction-sections -fdata-sections -Wall -fstack-usage -fcyclomatic-complexity -MMD -MP -MF"Src/timer.d" -MT"Src/timer.o" --specs=nano.specs -mfpu=fpv4-sp-d16 -mfloat-abi=hard -mthumb -o "Src/timer.o"
../Src/timer.c: In function 'TimerInitialise':
../Src/timer.c:40:21: error: invalid storage class for function 'TIM2_IRQHandler'
   40 |         static void TIM2_IRQHandler() {
      |                     ^~~~~~~~~~~~~~~
At top level:
../Src/timer.c:40:21: warning: 'TIM2_IRQHandler' defined but not used [-Wunused-function]
make: *** [Src/subdir.mk:31: Src/timer.o] Error 1
"make -j20 all" terminated with exit code 2. Build might be incomplete.
14:26:13 **** Clean-only build of configuration Debug for project task_3_2 ****
make -j20 clean 
rm -rf ./Startup/startup_stm32f303vctx.d ./Startup/startup_stm32f303vctx.o
rm -rf ./Src/initialise.cyclo ./Src/initialise.d ./Src/initialise.o ./Src/initialise.su ./Src/main.cyclo ./Src/main.d ./Src/main.o ./Src/main.su ./Src/syscalls.cyclo ./Src/syscalls.d ./Src/syscalls.o ./Src/syscalls.su ./Src/sysmem.cyclo ./Src/sysmem.d ./Src/sysmem.o ./Src/sysmem.su ./Src/timer.cyclo ./Src/timer.d ./Src/timer.o ./Src/timer.su
rm -rf default.size.stdout task_3_2.elf task_3_2.list task_3_2.map
 
14:26:13 **** Incremental Build of configuration Debug for project task_3_2 ****
make -j20 all 
arm-none-eabi-gcc -mcpu=cortex-m4 -g3 -DDEBUG -c -x assembler-with-cpp -MMD -MP -MF"Startup/startup_stm32f303vctx.d" -MT"Startup/startup_stm32f303vctx.o" --specs=nano.specs -mfpu=fpv4-sp-d16 -mfloat-abi=hard -mthumb -o "Startup/startup_stm32f303vctx.o" "../Startup/startup_stm32f303vctx.s"
arm-none-eabi-gcc "../Src/initialise.c" -mcpu=cortex-m4 -std=gnu11 -g3 -DDEBUG -DSTM32F303VCTx -DSTM32 -DSTM32F3 -DSTM32F3DISCOVERY -c -I../Inc -I"C:/Users/benri/OneDrive/Documents/MTRX2700/MTRX2700_Assignment2/stm32f303-definitions/Core/Inc" -O0 -ffunction-sections -fdata-sections -Wall -fstack-usage -fcyclomatic-complexity -MMD -MP -MF"Src/initialise.d" -MT"Src/initialise.o" --specs=nano.specs -mfpu=fpv4-sp-d16 -mfloat-abi=hard -mthumb -o "Src/initialise.o"
arm-none-eabi-gcc "../Src/main.c" -mcpu=cortex-m4 -std=gnu11 -g3 -DDEBUG -DSTM32F303VCTx -DSTM32 -DSTM32F3 -DSTM32F3DISCOVERY -c -I../Inc -I"C:/Users/benri/OneDrive/Documents/MTRX2700/MTRX2700_Assignment2/stm32f303-definitions/Core/Inc" -O0 -ffunction-sections -fdata-sections -Wall -fstack-usage -fcyclomatic-complexity -MMD -MP -MF"Src/main.d" -MT"Src/main.o" --specs=nano.specs -mfpu=fpv4-sp-d16 -mfloat-abi=hard -mthumb -o "Src/main.o"
arm-none-eabi-gcc "../Src/syscalls.c" -mcpu=cortex-m4 -std=gnu11 -g3 -DDEBUG -DSTM32F303VCTx -DSTM32 -DSTM32F3 -DSTM32F3DISCOVERY -c -I../Inc -I"C:/Users/benri/OneDrive/Documents/MTRX2700/MTRX2700_Assignment2/stm32f303-definitions/Core/Inc" -O0 -ffunction-sections -fdata-sections -Wall -fstack-usage -fcyclomatic-complexity -MMD -MP -MF"Src/syscalls.d" -MT"Src/syscalls.o" --specs=nano.specs -mfpu=fpv4-sp-d16 -mfloat-abi=hard -mthumb -o "Src/syscalls.o"
arm-none-eabi-gcc "../Src/sysmem.c" -mcpu=cortex-m4 -std=gnu11 -g3 -DDEBUG -DSTM32F303VCTx -DSTM32 -DSTM32F3 -DSTM32F3DISCOVERY -c -I../Inc -I"C:/Users/benri/OneDrive/Documents/MTRX2700/MTRX2700_Assignment2/stm32f303-definitions/Core/Inc" -O0 -ffunction-sections -fdata-sections -Wall -fstack-usage -fcyclomatic-complexity -MMD -MP -MF"Src/sysmem.d" -MT"Src/sysmem.o" --specs=nano.specs -mfpu=fpv4-sp-d16 -mfloat-abi=hard -mthumb -o "Src/sysmem.o"
arm-none-eabi-gcc "../Src/timer.c" -mcpu=cortex-m4 -std=gnu11 -g3 -DDEBUG -DSTM32F303VCTx -DSTM32 -DSTM32F3 -DSTM32F3DISCOVERY -c -I../Inc -I"C:/Users/benri/OneDrive/Documents/MTRX2700/MTRX2700_Assignment2/stm32f303-definitions/Core/Inc" -O0 -ffunction-sections -fdata-sections -Wall -fstack-usage -fcyclomatic-complexity -MMD -MP -MF"Src/timer.d" -MT"Src/timer.o" --specs=nano.specs -mfpu=fpv4-sp-d16 -mfloat-abi=hard -mthumb -o "Src/timer.o"
../Src/main.c:9:4: warning: #warning "FPU is not initialized, but the project is compiling for an FPU. Please initialize the FPU before use." [-Wcpp]
    9 |   #warning "FPU is not initialized, but the project is compiling for an FPU. Please initialize the FPU before use."
      |    ^~~~~~~
../Src/main.c: In function 'main':
../Src/main.c:35:50: error: 'TIM2_IRQHandler' undeclared (first use in this function); did you mean 'TIM12_IRQHandler'?
   35 |         TimerInitialise(&TIM2_init, &chase_led, &TIM2_IRQHandler);
      |                                                  ^~~~~~~~~~~~~~~
      |                                                  TIM12_IRQHandler
../Src/main.c:35:50: note: each undeclared identifier is reported only once for each function it appears in
make: *** [Src/subdir.mk:31: Src/main.o] Error 1
make: *** Waiting for unfinished jobs....
../Src/timer.c: In function 'interrupt_handler':
../Src/timer.c:77:33: error: too few arguments to function 'completion_function'
   77 |                                 completion_function();
      |                                 ^~~~~~~~~~~~~~~~~~~
../Src/timer.c: In function 'TimerInitialise':
../Src/timer.c:83:12: error: 'handler_function' redeclared as different kind of symbol
   83 |     void (*handler_function)(void) = &interrupt_handler;
      |            ^~~~~~~~~~~~~~~~
../Src/timer.c:31:120: note: previous definition of 'handler_function' with type 'void (*)(void)'
   31 | void TimerInitialise(HardwareTimer *hardware_timer, void (*completion_function)(HardwareTimer *hardware_timer), void (*handler_function)(void)) {
      |                                                                                                                 ~~~~~~~^~~~~~~~~~~~~~~~~~~~~~~
../Src/timer.c:83:12: warning: unused variable 'handler_function' [-Wunused-variable]
   83 |     void (*handler_function)(void) = &interrupt_handler;
      |            ^~~~~~~~~~~~~~~~
make: *** [Src/subdir.mk:31: Src/timer.o] Error 1
"make -j20 all" terminated with exit code 2. Build might be incomplete.
14:28:34 **** Incremental Build of configuration Debug for project task_3_2 ****
make -j20 all 
arm-none-eabi-gcc "../Src/main.c" -mcpu=cortex-m4 -std=gnu11 -g3 -DDEBUG -DSTM32F303VCTx -DSTM32 -DSTM32F3 -DSTM32F3DISCOVERY -c -I../Inc -I"C:/Users/benri/OneDrive/Documents/MTRX2700/MTRX2700_Assignment2/stm32f303-definitions/Core/Inc" -O0 -ffunction-sections -fdata-sections -Wall -fstack-usage -fcyclomatic-complexity -MMD -MP -MF"Src/main.d" -MT"Src/main.o" --specs=nano.specs -mfpu=fpv4-sp-d16 -mfloat-abi=hard -mthumb -o "Src/main.o"
arm-none-eabi-gcc "../Src/timer.c" -mcpu=cortex-m4 -std=gnu11 -g3 -DDEBUG -DSTM32F303VCTx -DSTM32 -DSTM32F3 -DSTM32F3DISCOVERY -c -I../Inc -I"C:/Users/benri/OneDrive/Documents/MTRX2700/MTRX2700_Assignment2/stm32f303-definitions/Core/Inc" -O0 -ffunction-sections -fdata-sections -Wall -fstack-usage -fcyclomatic-complexity -MMD -MP -MF"Src/timer.d" -MT"Src/timer.o" --specs=nano.specs -mfpu=fpv4-sp-d16 -mfloat-abi=hard -mthumb -o "Src/timer.o"
../Src/main.c:9:4: warning: #warning "FPU is not initialized, but the project is compiling for an FPU. Please initialize the FPU before use." [-Wcpp]
    9 |   #warning "FPU is not initialized, but the project is compiling for an FPU. Please initialize the FPU before use."
      |    ^~~~~~~
../Src/main.c: In function 'main':
../Src/main.c:36:49: warning: passing argument 3 of 'TimerInitialise' from incompatible pointer type [-Wincompatible-pointer-types]
   36 |         TimerInitialise(&TIM2_init, &chase_led, &TIM2_IRQHandler);
      |                                                 ^~~~~~~~~~~~~~~~
      |                                                 |
      |                                                 void (**)()
In file included from ../Src/main.c:5:
../Inc/timer.h:21:120: note: expected 'void (*)(void)' but argument is of type 'void (**)()'
   21 | void TimerInitialise(HardwareTimer *hardware_timer, void (*completion_function)(HardwareTimer *hardware_timer), void (*handler_function)(void));
      |                                                                                                                 ~~~~~~~^~~~~~~~~~~~~~~~~~~~~~~
../Src/timer.c: In function 'interrupt_handler':
../Src/timer.c:77:33: error: too few arguments to function 'completion_function'
   77 |                                 completion_function();
      |                                 ^~~~~~~~~~~~~~~~~~~
../Src/timer.c: In function 'TimerInitialise':
../Src/timer.c:83:12: error: 'handler_function' redeclared as different kind of symbol
   83 |     void (*handler_function)(void) = &interrupt_handler;
      |            ^~~~~~~~~~~~~~~~
../Src/timer.c:31:120: note: previous definition of 'handler_function' with type 'void (*)(void)'
   31 | void TimerInitialise(HardwareTimer *hardware_timer, void (*completion_function)(HardwareTimer *hardware_timer), void (*handler_function)(void)) {
      |                                                                                                                 ~~~~~~~^~~~~~~~~~~~~~~~~~~~~~~
../Src/timer.c:83:12: warning: unused variable 'handler_function' [-Wunused-variable]
   83 |     void (*handler_function)(void) = &interrupt_handler;
      |            ^~~~~~~~~~~~~~~~
make: *** [Src/subdir.mk:31: Src/timer.o] Error 1
make: *** Waiting for unfinished jobs....
"make -j20 all" terminated with exit code 2. Build might be incomplete.
14:29:09 **** Incremental Build of configuration Debug for project task_3_2 ****
make -j20 all 
arm-none-eabi-gcc "../Src/main.c" -mcpu=cortex-m4 -std=gnu11 -g3 -DDEBUG -DSTM32F303VCTx -DSTM32 -DSTM32F3 -DSTM32F3DISCOVERY -c -I../Inc -I"C:/Users/benri/OneDrive/Documents/MTRX2700/MTRX2700_Assignment2/stm32f303-definitions/Core/Inc" -O0 -ffunction-sections -fdata-sections -Wall -fstack-usage -fcyclomatic-complexity -MMD -MP -MF"Src/main.d" -MT"Src/main.o" --specs=nano.specs -mfpu=fpv4-sp-d16 -mfloat-abi=hard -mthumb -o "Src/main.o"
arm-none-eabi-gcc "../Src/timer.c" -mcpu=cortex-m4 -std=gnu11 -g3 -DDEBUG -DSTM32F303VCTx -DSTM32 -DSTM32F3 -DSTM32F3DISCOVERY -c -I../Inc -I"C:/Users/benri/OneDrive/Documents/MTRX2700/MTRX2700_Assignment2/stm32f303-definitions/Core/Inc" -O0 -ffunction-sections -fdata-sections -Wall -fstack-usage -fcyclomatic-complexity -MMD -MP -MF"Src/timer.d" -MT"Src/timer.o" --specs=nano.specs -mfpu=fpv4-sp-d16 -mfloat-abi=hard -mthumb -o "Src/timer.o"
../Src/main.c:9:4: warning: #warning "FPU is not initialized, but the project is compiling for an FPU. Please initialize the FPU before use." [-Wcpp]
    9 |   #warning "FPU is not initialized, but the project is compiling for an FPU. Please initialize the FPU before use."
      |    ^~~~~~~
../Src/timer.c: In function 'interrupt_handler':
../Src/timer.c:77:33: error: too few arguments to function 'completion_function'
   77 |                                 completion_function();
      |                                 ^~~~~~~~~~~~~~~~~~~
../Src/timer.c: In function 'TimerInitialise':
../Src/timer.c:83:12: error: 'handler_function' redeclared as different kind of symbol
   83 |     void (*handler_function)(void) = &interrupt_handler;
      |            ^~~~~~~~~~~~~~~~
../Src/timer.c:31:120: note: previous definition of 'handler_function' with type 'void (*)(void)'
   31 | void TimerInitialise(HardwareTimer *hardware_timer, void (*completion_function)(HardwareTimer *hardware_timer), void (*handler_function)(void)) {
      |                                                                                                                 ~~~~~~~^~~~~~~~~~~~~~~~~~~~~~~
../Src/timer.c:83:12: warning: unused variable 'handler_function' [-Wunused-variable]
   83 |     void (*handler_function)(void) = &interrupt_handler;
      |            ^~~~~~~~~~~~~~~~
make: *** [Src/subdir.mk:31: Src/timer.o] Error 1
make: *** Waiting for unfinished jobs....
"make -j20 all" terminated with exit code 2. Build might be incomplete.
14:31:10 **** Incremental Build of configuration Debug for project task_3_2 ****
make -j20 all 
arm-none-eabi-gcc "../Src/main.c" -mcpu=cortex-m4 -std=gnu11 -g3 -DDEBUG -DSTM32F303VCTx -DSTM32 -DSTM32F3 -DSTM32F3DISCOVERY -c -I../Inc -I"C:/Users/benri/OneDrive/Documents/MTRX2700/MTRX2700_Assignment2/stm32f303-definitions/Core/Inc" -O0 -ffunction-sections -fdata-sections -Wall -fstack-usage -fcyclomatic-complexity -MMD -MP -MF"Src/main.d" -MT"Src/main.o" --specs=nano.specs -mfpu=fpv4-sp-d16 -mfloat-abi=hard -mthumb -o "Src/main.o"
arm-none-eabi-gcc "../Src/timer.c" -mcpu=cortex-m4 -std=gnu11 -g3 -DDEBUG -DSTM32F303VCTx -DSTM32 -DSTM32F3 -DSTM32F3DISCOVERY -c -I../Inc -I"C:/Users/benri/OneDrive/Documents/MTRX2700/MTRX2700_Assignment2/stm32f303-definitions/Core/Inc" -O0 -ffunction-sections -fdata-sections -Wall -fstack-usage -fcyclomatic-complexity -MMD -MP -MF"Src/timer.d" -MT"Src/timer.o" --specs=nano.specs -mfpu=fpv4-sp-d16 -mfloat-abi=hard -mthumb -o "Src/timer.o"
../Src/main.c:9:4: warning: #warning "FPU is not initialized, but the project is compiling for an FPU. Please initialize the FPU before use." [-Wcpp]
    9 |   #warning "FPU is not initialized, but the project is compiling for an FPU. Please initialize the FPU before use."
      |    ^~~~~~~
../Src/timer.c: In function 'TimerInitialise':
../Src/timer.c:83:12: error: 'handler_function' redeclared as different kind of symbol
   83 |     void (*handler_function)(void) = &interrupt_handler;
      |            ^~~~~~~~~~~~~~~~
../Src/timer.c:31:91: note: previous definition of 'handler_function' with type 'void (*)()'
   31 | void TimerInitialise(HardwareTimer *hardware_timer, void (*completion_function)(), void (*handler_function)()) {
      |                                                                                    ~~~~~~~^~~~~~~~~~~~~~~~~~~
../Src/timer.c:83:12: warning: unused variable 'handler_function' [-Wunused-variable]
   83 |     void (*handler_function)(void) = &interrupt_handler;
      |            ^~~~~~~~~~~~~~~~
make: *** [Src/subdir.mk:31: Src/timer.o] Error 1
make: *** Waiting for unfinished jobs....
"make -j20 all" terminated with exit code 2. Build might be incomplete.
14:31:58 **** Incremental Build of configuration Debug for project task_3_2 ****
make -j20 all 
arm-none-eabi-gcc "../Src/timer.c" -mcpu=cortex-m4 -std=gnu11 -g3 -DDEBUG -DSTM32F303VCTx -DSTM32 -DSTM32F3 -DSTM32F3DISCOVERY -c -I../Inc -I"C:/Users/benri/OneDrive/Documents/MTRX2700/MTRX2700_Assignment2/stm32f303-definitions/Core/Inc" -O0 -ffunction-sections -fdata-sections -Wall -fstack-usage -fcyclomatic-complexity -MMD -MP -MF"Src/timer.d" -MT"Src/timer.o" --specs=nano.specs -mfpu=fpv4-sp-d16 -mfloat-abi=hard -mthumb -o "Src/timer.o"
../Src/timer.c: In function 'TimerInitialise':
../Src/timer.c:83:5: warning: statement with no effect [-Wunused-value]
   83 |     *handler_function) = &interrupt_handler;
      |     ^
../Src/timer.c:83:22: error: expected ';' before ')' token
   83 |     *handler_function) = &interrupt_handler;
      |                      ^
      |                      ;
../Src/timer.c:83:22: error: expected statement before ')' token
../Src/timer.c:83:24: error: expected expression before '=' token
   83 |     *handler_function) = &interrupt_handler;
      |                        ^
make: *** [Src/subdir.mk:31: Src/timer.o] Error 1
"make -j20 all" terminated with exit code 2. Build might be incomplete.
14:32:15 **** Incremental Build of configuration Debug for project task_3_2 ****
make -j20 all 
arm-none-eabi-gcc "../Src/timer.c" -mcpu=cortex-m4 -std=gnu11 -g3 -DDEBUG -DSTM32F303VCTx -DSTM32 -DSTM32F3 -DSTM32F3DISCOVERY -c -I../Inc -I"C:/Users/benri/OneDrive/Documents/MTRX2700/MTRX2700_Assignment2/stm32f303-definitions/Core/Inc" -O0 -ffunction-sections -fdata-sections -Wall -fstack-usage -fcyclomatic-complexity -MMD -MP -MF"Src/timer.d" -MT"Src/timer.o" --specs=nano.specs -mfpu=fpv4-sp-d16 -mfloat-abi=hard -mthumb -o "Src/timer.o"
../Src/timer.c: In function 'TimerInitialise':
../Src/timer.c:83:23: error: lvalue required as left operand of assignment
   83 |     *handler_function = &interrupt_handler;
      |                       ^
make: *** [Src/subdir.mk:31: Src/timer.o] Error 1
"make -j20 all" terminated with exit code 2. Build might be incomplete.
14:32:40 **** Incremental Build of configuration Debug for project task_3_2 ****
make -j20 all 
arm-none-eabi-gcc "../Src/timer.c" -mcpu=cortex-m4 -std=gnu11 -g3 -DDEBUG -DSTM32F303VCTx -DSTM32 -DSTM32F3 -DSTM32F3DISCOVERY -c -I../Inc -I"C:/Users/benri/OneDrive/Documents/MTRX2700/MTRX2700_Assignment2/stm32f303-definitions/Core/Inc" -O0 -ffunction-sections -fdata-sections -Wall -fstack-usage -fcyclomatic-complexity -MMD -MP -MF"Src/timer.d" -MT"Src/timer.o" --specs=nano.specs -mfpu=fpv4-sp-d16 -mfloat-abi=hard -mthumb -o "Src/timer.o"
../Src/timer.c: In function 'TimerInitialise':
../Src/timer.c:83:23: error: lvalue required as left operand of assignment
   83 |     *handler_function = interrupt_handler;
      |                       ^
make: *** [Src/subdir.mk:31: Src/timer.o] Error 1
"make -j20 all" terminated with exit code 2. Build might be incomplete.
14:34:35 **** Incremental Build of configuration Debug for project task_3_2 ****
make -j20 all 
arm-none-eabi-gcc "../Src/timer.c" -mcpu=cortex-m4 -std=gnu11 -g3 -DDEBUG -DSTM32F303VCTx -DSTM32 -DSTM32F3 -DSTM32F3DISCOVERY -c -I../Inc -I"C:/Users/benri/OneDrive/Documents/MTRX2700/MTRX2700_Assignment2/stm32f303-definitions/Core/Inc" -O0 -ffunction-sections -fdata-sections -Wall -fstack-usage -fcyclomatic-complexity -MMD -MP -MF"Src/timer.d" -MT"Src/timer.o" --specs=nano.specs -mfpu=fpv4-sp-d16 -mfloat-abi=hard -mthumb -o "Src/timer.o"
arm-none-eabi-gcc -o "task_3_2.elf" @"objects.list"   -mcpu=cortex-m4 -T"C:\Users\benri\OneDrive\Documents\MTRX2700\MTRX2700_Assignment2\exercise_3\task_3_2\STM32F303VCTX_FLASH.ld" --specs=nosys.specs -Wl,-Map="task_3_2.map" -Wl,--gc-sections -static --specs=nano.specs -mfpu=fpv4-sp-d16 -mfloat-abi=hard -mthumb -Wl,--start-group -lc -lm -Wl,--end-group
Finished building target: task_3_2.elf
 
arm-none-eabi-size  task_3_2.elf 
arm-none-eabi-objdump -h -S task_3_2.elf  > "task_3_2.list"
   text	   data	    bss	    dec	    hex	filename
   1356	     44	   1564	   2964	    b94	task_3_2.elf
Finished building: default.size.stdout
 
Finished building: task_3_2.list
 
14:35:40 **** Incremental Build of configuration Debug for project task_3_2 ****
make -j20 all 
arm-none-eabi-size  task_3_2.elf 
   text	   data	    bss	    dec	    hex	filename
   1356	     44	   1564	   2964	    b94	task_3_2.elf
Finished building: default.size.stdout
 
14:40:11 **** Incremental Build of configuration Debug for project task_3_2 ****
make -j20 all 
arm-none-eabi-size  task_3_2.elf 
   text	   data	    bss	    dec	    hex	filename
   1356	     44	   1564	   2964	    b94	task_3_2.elf
Finished building: default.size.stdout
 
14:42:16 **** Incremental Build of configuration Debug for project task_3_2 ****
make -j20 all 
arm-none-eabi-gcc "../Src/timer.c" -mcpu=cortex-m4 -std=gnu11 -g3 -DDEBUG -DSTM32F303VCTx -DSTM32 -DSTM32F3 -DSTM32F3DISCOVERY -c -I../Inc -I"C:/Users/benri/OneDrive/Documents/MTRX2700/MTRX2700_Assignment2/stm32f303-definitions/Core/Inc" -O0 -ffunction-sections -fdata-sections -Wall -fstack-usage -fcyclomatic-complexity -MMD -MP -MF"Src/timer.d" -MT"Src/timer.o" --specs=nano.specs -mfpu=fpv4-sp-d16 -mfloat-abi=hard -mthumb -o "Src/timer.o"
../Src/timer.c: In function 'TimerInitialise':
../Src/timer.c:83:23: error: lvalue required as left operand of assignment
   83 |     *handler_function = interrupt_handler;
      |                       ^
make: *** [Src/subdir.mk:31: Src/timer.o] Error 1
"make -j20 all" terminated with exit code 2. Build might be incomplete.
14:42:30 **** Incremental Build of configuration Debug for project task_3_2 ****
make -j20 all 
arm-none-eabi-gcc "../Src/timer.c" -mcpu=cortex-m4 -std=gnu11 -g3 -DDEBUG -DSTM32F303VCTx -DSTM32 -DSTM32F3 -DSTM32F3DISCOVERY -c -I../Inc -I"C:/Users/benri/OneDrive/Documents/MTRX2700/MTRX2700_Assignment2/stm32f303-definitions/Core/Inc" -O0 -ffunction-sections -fdata-sections -Wall -fstack-usage -fcyclomatic-complexity -MMD -MP -MF"Src/timer.d" -MT"Src/timer.o" --specs=nano.specs -mfpu=fpv4-sp-d16 -mfloat-abi=hard -mthumb -o "Src/timer.o"
../Src/timer.c: In function 'TimerInitialise':
../Src/timer.c:83:23: error: lvalue required as left operand of assignment
   83 |     *handler_function = &interrupt_handler;
      |                       ^
make: *** [Src/subdir.mk:31: Src/timer.o] Error 1
"make -j20 all" terminated with exit code 2. Build might be incomplete.
14:42:50 **** Incremental Build of configuration Debug for project task_3_2 ****
make -j20 all 
arm-none-eabi-gcc "../Src/timer.c" -mcpu=cortex-m4 -std=gnu11 -g3 -DDEBUG -DSTM32F303VCTx -DSTM32 -DSTM32F3 -DSTM32F3DISCOVERY -c -I../Inc -I"C:/Users/benri/OneDrive/Documents/MTRX2700/MTRX2700_Assignment2/stm32f303-definitions/Core/Inc" -O0 -ffunction-sections -fdata-sections -Wall -fstack-usage -fcyclomatic-complexity -MMD -MP -MF"Src/timer.d" -MT"Src/timer.o" --specs=nano.specs -mfpu=fpv4-sp-d16 -mfloat-abi=hard -mthumb -o "Src/timer.o"
../Src/timer.c: In function 'TimerInitialise':
../Src/timer.c:83:23: error: lvalue required as left operand of assignment
   83 |     &handler_function = &interrupt_handler;
      |                       ^
make: *** [Src/subdir.mk:31: Src/timer.o] Error 1
"make -j20 all" terminated with exit code 2. Build might be incomplete.
14:43:04 **** Incremental Build of configuration Debug for project task_3_2 ****
make -j20 all 
arm-none-eabi-gcc "../Src/timer.c" -mcpu=cortex-m4 -std=gnu11 -g3 -DDEBUG -DSTM32F303VCTx -DSTM32 -DSTM32F3 -DSTM32F3DISCOVERY -c -I../Inc -I"C:/Users/benri/OneDrive/Documents/MTRX2700/MTRX2700_Assignment2/stm32f303-definitions/Core/Inc" -O0 -ffunction-sections -fdata-sections -Wall -fstack-usage -fcyclomatic-complexity -MMD -MP -MF"Src/timer.d" -MT"Src/timer.o" --specs=nano.specs -mfpu=fpv4-sp-d16 -mfloat-abi=hard -mthumb -o "Src/timer.o"
arm-none-eabi-gcc -o "task_3_2.elf" @"objects.list"   -mcpu=cortex-m4 -T"C:\Users\benri\OneDrive\Documents\MTRX2700\MTRX2700_Assignment2\exercise_3\task_3_2\STM32F303VCTX_FLASH.ld" --specs=nosys.specs -Wl,-Map="task_3_2.map" -Wl,--gc-sections -static --specs=nano.specs -mfpu=fpv4-sp-d16 -mfloat-abi=hard -mthumb -Wl,--start-group -lc -lm -Wl,--end-group
Finished building target: task_3_2.elf
 
arm-none-eabi-size  task_3_2.elf 
arm-none-eabi-objdump -h -S task_3_2.elf  > "task_3_2.list"
   text	   data	    bss	    dec	    hex	filename
   1356	     44	   1564	   2964	    b94	task_3_2.elf
Finished building: default.size.stdout
 
Finished building: task_3_2.list
 
14:44:35 **** Incremental Build of configuration Debug for project task_3_2 ****
make -j20 all 
arm-none-eabi-gcc "../Src/timer.c" -mcpu=cortex-m4 -std=gnu11 -g3 -DDEBUG -DSTM32F303VCTx -DSTM32 -DSTM32F3 -DSTM32F3DISCOVERY -c -I../Inc -I"C:/Users/benri/OneDrive/Documents/MTRX2700/MTRX2700_Assignment2/stm32f303-definitions/Core/Inc" -O0 -ffunction-sections -fdata-sections -Wall -fstack-usage -fcyclomatic-complexity -MMD -MP -MF"Src/timer.d" -MT"Src/timer.o" --specs=nano.specs -mfpu=fpv4-sp-d16 -mfloat-abi=hard -mthumb -o "Src/timer.o"
../Src/timer.c: In function 'TimerInitialise':
../Src/timer.c:85:9: warning: unused variable 'x' [-Wunused-variable]
   85 |     int x=2;
      |         ^
arm-none-eabi-gcc -o "task_3_2.elf" @"objects.list"   -mcpu=cortex-m4 -T"C:\Users\benri\OneDrive\Documents\MTRX2700\MTRX2700_Assignment2\exercise_3\task_3_2\STM32F303VCTX_FLASH.ld" --specs=nosys.specs -Wl,-Map="task_3_2.map" -Wl,--gc-sections -static --specs=nano.specs -mfpu=fpv4-sp-d16 -mfloat-abi=hard -mthumb -Wl,--start-group -lc -lm -Wl,--end-group
Finished building target: task_3_2.elf
 
arm-none-eabi-size  task_3_2.elf 
arm-none-eabi-objdump -h -S task_3_2.elf  > "task_3_2.list"
   text	   data	    bss	    dec	    hex	filename
   1360	     44	   1564	   2968	    b98	task_3_2.elf
Finished building: default.size.stdout
 
Finished building: task_3_2.list
 
14:47:56 **** Incremental Build of configuration Debug for project task_3_2 ****
make -j20 all 
arm-none-eabi-gcc "../Src/main.c" -mcpu=cortex-m4 -std=gnu11 -g3 -DDEBUG -DSTM32F303VCTx -DSTM32 -DSTM32F3 -DSTM32F3DISCOVERY -c -I../Inc -I"C:/Users/benri/OneDrive/Documents/MTRX2700/MTRX2700_Assignment2/stm32f303-definitions/Core/Inc" -O0 -ffunction-sections -fdata-sections -Wall -fstack-usage -fcyclomatic-complexity -MMD -MP -MF"Src/main.d" -MT"Src/main.o" --specs=nano.specs -mfpu=fpv4-sp-d16 -mfloat-abi=hard -mthumb -o "Src/main.o"
../Src/main.c:9:4: warning: #warning "FPU is not initialized, but the project is compiling for an FPU. Please initialize the FPU before use." [-Wcpp]
    9 |   #warning "FPU is not initialized, but the project is compiling for an FPU. Please initialize the FPU before use."
      |    ^~~~~~~
../Src/main.c: In function 'main':
../Src/main.c:36:50: error: 'TIM2_IRQHandler' undeclared (first use in this function); did you mean 'TIM12_IRQHandler'?
   36 |         TimerInitialise(&TIM2_init, &chase_led, &TIM2_IRQHandler);
      |                                                  ^~~~~~~~~~~~~~~
      |                                                  TIM12_IRQHandler
../Src/main.c:36:50: note: each undeclared identifier is reported only once for each function it appears in
make: *** [Src/subdir.mk:31: Src/main.o] Error 1
"make -j20 all" terminated with exit code 2. Build might be incomplete.
14:48:08 **** Incremental Build of configuration Debug for project task_3_2 ****
make -j20 all 
arm-none-eabi-gcc "../Src/main.c" -mcpu=cortex-m4 -std=gnu11 -g3 -DDEBUG -DSTM32F303VCTx -DSTM32 -DSTM32F3 -DSTM32F3DISCOVERY -c -I../Inc -I"C:/Users/benri/OneDrive/Documents/MTRX2700/MTRX2700_Assignment2/stm32f303-definitions/Core/Inc" -O0 -ffunction-sections -fdata-sections -Wall -fstack-usage -fcyclomatic-complexity -MMD -MP -MF"Src/main.d" -MT"Src/main.o" --specs=nano.specs -mfpu=fpv4-sp-d16 -mfloat-abi=hard -mthumb -o "Src/main.o"
../Src/main.c:9:4: warning: #warning "FPU is not initialized, but the project is compiling for an FPU. Please initialize the FPU before use." [-Wcpp]
    9 |   #warning "FPU is not initialized, but the project is compiling for an FPU. Please initialize the FPU before use."
      |    ^~~~~~~
../Src/main.c: In function 'main':
../Src/main.c:36:50: error: 'TIM2_IRQHandler' undeclared (first use in this function); did you mean 'TIM12_IRQHandler'?
   36 |         TimerInitialise(&TIM2_init, &chase_led, &TIM2_IRQHandler);
      |                                                  ^~~~~~~~~~~~~~~
      |                                                  TIM12_IRQHandler
../Src/main.c:36:50: note: each undeclared identifier is reported only once for each function it appears in
make: *** [Src/subdir.mk:31: Src/main.o] Error 1
"make -j20 all" terminated with exit code 2. Build might be incomplete.
14:48:45 **** Incremental Build of configuration Debug for project task_3_2 ****
make -j20 all 
arm-none-eabi-gcc "../Src/main.c" -mcpu=cortex-m4 -std=gnu11 -g3 -DDEBUG -DSTM32F303VCTx -DSTM32 -DSTM32F3 -DSTM32F3DISCOVERY -c -I../Inc -I"C:/Users/benri/OneDrive/Documents/MTRX2700/MTRX2700_Assignment2/stm32f303-definitions/Core/Inc" -O0 -ffunction-sections -fdata-sections -Wall -fstack-usage -fcyclomatic-complexity -MMD -MP -MF"Src/main.d" -MT"Src/main.o" --specs=nano.specs -mfpu=fpv4-sp-d16 -mfloat-abi=hard -mthumb -o "Src/main.o"
../Src/main.c:9:4: warning: #warning "FPU is not initialized, but the project is compiling for an FPU. Please initialize the FPU before use." [-Wcpp]
    9 |   #warning "FPU is not initialized, but the project is compiling for an FPU. Please initialize the FPU before use."
      |    ^~~~~~~
arm-none-eabi-gcc -o "task_3_2.elf" @"objects.list"   -mcpu=cortex-m4 -T"C:\Users\benri\OneDrive\Documents\MTRX2700\MTRX2700_Assignment2\exercise_3\task_3_2\STM32F303VCTX_FLASH.ld" --specs=nosys.specs -Wl,-Map="task_3_2.map" -Wl,--gc-sections -static --specs=nano.specs -mfpu=fpv4-sp-d16 -mfloat-abi=hard -mthumb -Wl,--start-group -lc -lm -Wl,--end-group
Finished building target: task_3_2.elf
 
arm-none-eabi-size  task_3_2.elf 
arm-none-eabi-objdump -h -S task_3_2.elf  > "task_3_2.list"
   text	   data	    bss	    dec	    hex	filename
   1360	     44	   1564	   2968	    b98	task_3_2.elf
Finished building: default.size.stdout
 
Finished building: task_3_2.list
 
14:51:12 **** Incremental Build of configuration Debug for project task_3_2 ****
make -j20 all 
arm-none-eabi-gcc "../Src/main.c" -mcpu=cortex-m4 -std=gnu11 -g3 -DDEBUG -DSTM32F303VCTx -DSTM32 -DSTM32F3 -DSTM32F3DISCOVERY -c -I../Inc -I"C:/Users/benri/OneDrive/Documents/MTRX2700/MTRX2700_Assignment2/stm32f303-definitions/Core/Inc" -O0 -ffunction-sections -fdata-sections -Wall -fstack-usage -fcyclomatic-complexity -MMD -MP -MF"Src/main.d" -MT"Src/main.o" --specs=nano.specs -mfpu=fpv4-sp-d16 -mfloat-abi=hard -mthumb -o "Src/main.o"
../Src/main.c:9:4: warning: #warning "FPU is not initialized, but the project is compiling for an FPU. Please initialize the FPU before use." [-Wcpp]
    9 |   #warning "FPU is not initialized, but the project is compiling for an FPU. Please initialize the FPU before use."
      |    ^~~~~~~
../Src/main.c: In function 'TIM2_IRQHandler':
../Src/main.c:16:13: error: 'completion_function' undeclared (first use in this function)
   16 |         if (completion_function != 0x00) { // make sure the handler is not null
      |             ^~~~~~~~~~~~~~~~~~~
../Src/main.c:16:13: note: each undeclared identifier is reported only once for each function it appears in
../Src/main.c:17:17: warning: implicit declaration of function 'completion_function' [-Wimplicit-function-declaration]
   17 |                 completion_function();
      |                 ^~~~~~~~~~~~~~~~~~~
make: *** [Src/subdir.mk:31: Src/main.o] Error 1
"make -j20 all" terminated with exit code 2. Build might be incomplete.
14:51:59 **** Incremental Build of configuration Debug for project task_3_2 ****
make -j20 all 
arm-none-eabi-gcc "../Src/main.c" -mcpu=cortex-m4 -std=gnu11 -g3 -DDEBUG -DSTM32F303VCTx -DSTM32 -DSTM32F3 -DSTM32F3DISCOVERY -c -I../Inc -I"C:/Users/benri/OneDrive/Documents/MTRX2700/MTRX2700_Assignment2/stm32f303-definitions/Core/Inc" -O0 -ffunction-sections -fdata-sections -Wall -fstack-usage -fcyclomatic-complexity -MMD -MP -MF"Src/main.d" -MT"Src/main.o" --specs=nano.specs -mfpu=fpv4-sp-d16 -mfloat-abi=hard -mthumb -o "Src/main.o"
../Src/main.c:9:4: warning: #warning "FPU is not initialized, but the project is compiling for an FPU. Please initialize the FPU before use." [-Wcpp]
    9 |   #warning "FPU is not initialized, but the project is compiling for an FPU. Please initialize the FPU before use."
      |    ^~~~~~~
arm-none-eabi-gcc -o "task_3_2.elf" @"objects.list"   -mcpu=cortex-m4 -T"C:\Users\benri\OneDrive\Documents\MTRX2700\MTRX2700_Assignment2\exercise_3\task_3_2\STM32F303VCTX_FLASH.ld" --specs=nosys.specs -Wl,-Map="task_3_2.map" -Wl,--gc-sections -static --specs=nano.specs -mfpu=fpv4-sp-d16 -mfloat-abi=hard -mthumb -Wl,--start-group -lc -lm -Wl,--end-group
Finished building target: task_3_2.elf
 
arm-none-eabi-size  task_3_2.elf 
arm-none-eabi-objdump -h -S task_3_2.elf  > "task_3_2.list"
   text	   data	    bss	    dec	    hex	filename
   1400	     44	   1572	   3016	    bc8	task_3_2.elf
Finished building: default.size.stdout
 
Finished building: task_3_2.list
 
15:01:18 **** Incremental Build of configuration Debug for project task_3_2 ****
make -j20 all 
arm-none-eabi-gcc "../Src/main.c" -mcpu=cortex-m4 -std=gnu11 -g3 -DDEBUG -DSTM32F303VCTx -DSTM32 -DSTM32F3 -DSTM32F3DISCOVERY -c -I../Inc -I"C:/Users/benri/OneDrive/Documents/MTRX2700/MTRX2700_Assignment2/stm32f303-definitions/Core/Inc" -O0 -ffunction-sections -fdata-sections -Wall -fstack-usage -fcyclomatic-complexity -MMD -MP -MF"Src/main.d" -MT"Src/main.o" --specs=nano.specs -mfpu=fpv4-sp-d16 -mfloat-abi=hard -mthumb -o "Src/main.o"
arm-none-eabi-gcc "../Src/timer.c" -mcpu=cortex-m4 -std=gnu11 -g3 -DDEBUG -DSTM32F303VCTx -DSTM32 -DSTM32F3 -DSTM32F3DISCOVERY -c -I../Inc -I"C:/Users/benri/OneDrive/Documents/MTRX2700/MTRX2700_Assignment2/stm32f303-definitions/Core/Inc" -O0 -ffunction-sections -fdata-sections -Wall -fstack-usage -fcyclomatic-complexity -MMD -MP -MF"Src/timer.d" -MT"Src/timer.o" --specs=nano.specs -mfpu=fpv4-sp-d16 -mfloat-abi=hard -mthumb -o "Src/timer.o"
../Src/main.c:9:4: warning: #warning "FPU is not initialized, but the project is compiling for an FPU. Please initialize the FPU before use." [-Wcpp]
    9 |   #warning "FPU is not initialized, but the project is compiling for an FPU. Please initialize the FPU before use."
      |    ^~~~~~~
../Src/timer.c: In function 'TimerInitialise':
../Src/timer.c:83:12: error: 'handler_function' redeclared as different kind of symbol
   83 |     void (*handler_function)(void) = &interrupt_handler;
      |            ^~~~~~~~~~~~~~~~
../Src/timer.c:31:91: note: previous definition of 'handler_function' with type 'void (*)()'
   31 | void TimerInitialise(HardwareTimer *hardware_timer, void (*completion_function)(), void (*handler_function)()) {
      |                                                                                    ~~~~~~~^~~~~~~~~~~~~~~~~~~
../Src/timer.c:85:9: warning: unused variable 'x' [-Wunused-variable]
   85 |     int x=2;
      |         ^
../Src/timer.c:83:12: warning: unused variable 'handler_function' [-Wunused-variable]
   83 |     void (*handler_function)(void) = &interrupt_handler;
      |            ^~~~~~~~~~~~~~~~
make: *** [Src/subdir.mk:31: Src/timer.o] Error 1
make: *** Waiting for unfinished jobs....
"make -j20 all" terminated with exit code 2. Build might be incomplete.
15:02:04 **** Incremental Build of configuration Debug for project task_3_2 ****
make -j20 all 
arm-none-eabi-gcc "../Src/main.c" -mcpu=cortex-m4 -std=gnu11 -g3 -DDEBUG -DSTM32F303VCTx -DSTM32 -DSTM32F3 -DSTM32F3DISCOVERY -c -I../Inc -I"C:/Users/benri/OneDrive/Documents/MTRX2700/MTRX2700_Assignment2/stm32f303-definitions/Core/Inc" -O0 -ffunction-sections -fdata-sections -Wall -fstack-usage -fcyclomatic-complexity -MMD -MP -MF"Src/main.d" -MT"Src/main.o" --specs=nano.specs -mfpu=fpv4-sp-d16 -mfloat-abi=hard -mthumb -o "Src/main.o"
arm-none-eabi-gcc "../Src/timer.c" -mcpu=cortex-m4 -std=gnu11 -g3 -DDEBUG -DSTM32F303VCTx -DSTM32 -DSTM32F3 -DSTM32F3DISCOVERY -c -I../Inc -I"C:/Users/benri/OneDrive/Documents/MTRX2700/MTRX2700_Assignment2/stm32f303-definitions/Core/Inc" -O0 -ffunction-sections -fdata-sections -Wall -fstack-usage -fcyclomatic-complexity -MMD -MP -MF"Src/timer.d" -MT"Src/timer.o" --specs=nano.specs -mfpu=fpv4-sp-d16 -mfloat-abi=hard -mthumb -o "Src/timer.o"
../Src/main.c:9:4: warning: #warning "FPU is not initialized, but the project is compiling for an FPU. Please initialize the FPU before use." [-Wcpp]
    9 |   #warning "FPU is not initialized, but the project is compiling for an FPU. Please initialize the FPU before use."
      |    ^~~~~~~
../Src/timer.c: In function 'TimerInitialise':
../Src/timer.c:83:12: error: 'handler_function' redeclared as different kind of symbol
   83 |     void (*handler_function)(void) = &interrupt_handler;
      |            ^~~~~~~~~~~~~~~~
../Src/timer.c:31:91: note: previous definition of 'handler_function' with type 'void (*)()'
   31 | void TimerInitialise(HardwareTimer *hardware_timer, void (*completion_function)(), void (*handler_function)()) {
      |                                                                                    ~~~~~~~^~~~~~~~~~~~~~~~~~~
../Src/timer.c:85:9: warning: unused variable 'x' [-Wunused-variable]
   85 |     int x=2;
      |         ^
../Src/timer.c:83:12: warning: unused variable 'handler_function' [-Wunused-variable]
   83 |     void (*handler_function)(void) = &interrupt_handler;
      |            ^~~~~~~~~~~~~~~~
make: *** [Src/subdir.mk:31: Src/timer.o] Error 1
make: *** Waiting for unfinished jobs....
"make -j20 all" terminated with exit code 2. Build might be incomplete.
15:03:06 **** Incremental Build of configuration Debug for project task_3_2 ****
make -j20 all 
arm-none-eabi-gcc "../Src/timer.c" -mcpu=cortex-m4 -std=gnu11 -g3 -DDEBUG -DSTM32F303VCTx -DSTM32 -DSTM32F3 -DSTM32F3DISCOVERY -c -I../Inc -I"C:/Users/benri/OneDrive/Documents/MTRX2700/MTRX2700_Assignment2/stm32f303-definitions/Core/Inc" -O0 -ffunction-sections -fdata-sections -Wall -fstack-usage -fcyclomatic-complexity -MMD -MP -MF"Src/timer.d" -MT"Src/timer.o" --specs=nano.specs -mfpu=fpv4-sp-d16 -mfloat-abi=hard -mthumb -o "Src/timer.o"
../Src/timer.c: In function 'TimerInitialise':
../Src/timer.c:83:12: error: 'handler_function' redeclared as different kind of symbol
   83 |     void (*handler_function)(void) = &interrupt_handler;
      |            ^~~~~~~~~~~~~~~~
../Src/timer.c:31:91: note: previous definition of 'handler_function' with type 'void (*)(void)'
   31 | void TimerInitialise(HardwareTimer *hardware_timer, void (*completion_function)(), void (*handler_function)(void)) {
      |                                                                                    ~~~~~~~^~~~~~~~~~~~~~~~~~~~~~~
../Src/timer.c:85:9: warning: unused variable 'x' [-Wunused-variable]
   85 |     int x=2;
      |         ^
../Src/timer.c:83:12: warning: unused variable 'handler_function' [-Wunused-variable]
   83 |     void (*handler_function)(void) = &interrupt_handler;
      |            ^~~~~~~~~~~~~~~~
make: *** [Src/subdir.mk:31: Src/timer.o] Error 1
"make -j20 all" terminated with exit code 2. Build might be incomplete.
15:04:00 **** Incremental Build of configuration Debug for project task_3_2 ****
make -j20 all 
arm-none-eabi-gcc "../Src/timer.c" -mcpu=cortex-m4 -std=gnu11 -g3 -DDEBUG -DSTM32F303VCTx -DSTM32 -DSTM32F3 -DSTM32F3DISCOVERY -c -I../Inc -I"C:/Users/benri/OneDrive/Documents/MTRX2700/MTRX2700_Assignment2/stm32f303-definitions/Core/Inc" -O0 -ffunction-sections -fdata-sections -Wall -fstack-usage -fcyclomatic-complexity -MMD -MP -MF"Src/timer.d" -MT"Src/timer.o" --specs=nano.specs -mfpu=fpv4-sp-d16 -mfloat-abi=hard -mthumb -o "Src/timer.o"
../Src/timer.c: In function 'TimerInitialise':
../Src/timer.c:83:12: error: 'handler_function' redeclared as different kind of symbol
   83 |     void (*handler_function)(void) = &interrupt_handler;
      |            ^~~~~~~~~~~~~~~~
../Src/timer.c:31:91: note: previous definition of 'handler_function' with type 'void (*)(void)'
   31 | void TimerInitialise(HardwareTimer *hardware_timer, void (*completion_function)(), void (*handler_function)(void)) {
      |                                                                                    ~~~~~~~^~~~~~~~~~~~~~~~~~~~~~~
../Src/timer.c:85:9: warning: unused variable 'x' [-Wunused-variable]
   85 |     int x=2;
      |         ^
../Src/timer.c:83:12: warning: unused variable 'handler_function' [-Wunused-variable]
   83 |     void (*handler_function)(void) = &interrupt_handler;
      |            ^~~~~~~~~~~~~~~~
make: *** [Src/subdir.mk:31: Src/timer.o] Error 1
"make -j20 all" terminated with exit code 2. Build might be incomplete.
15:06:47 **** Incremental Build of configuration Debug for project task_3_2 ****
make -j20 all 
arm-none-eabi-gcc "../Src/timer.c" -mcpu=cortex-m4 -std=gnu11 -g3 -DDEBUG -DSTM32F303VCTx -DSTM32 -DSTM32F3 -DSTM32F3DISCOVERY -c -I../Inc -I"C:/Users/benri/OneDrive/Documents/MTRX2700/MTRX2700_Assignment2/stm32f303-definitions/Core/Inc" -O0 -ffunction-sections -fdata-sections -Wall -fstack-usage -fcyclomatic-complexity -MMD -MP -MF"Src/timer.d" -MT"Src/timer.o" --specs=nano.specs -mfpu=fpv4-sp-d16 -mfloat-abi=hard -mthumb -o "Src/timer.o"
../Src/timer.c: In function 'TimerInitialise':
../Src/timer.c:85:9: warning: unused variable 'x' [-Wunused-variable]
   85 |     int x=2;
      |         ^
arm-none-eabi-gcc -o "task_3_2.elf" @"objects.list"   -mcpu=cortex-m4 -T"C:\Users\benri\OneDrive\Documents\MTRX2700\MTRX2700_Assignment2\exercise_3\task_3_2\STM32F303VCTX_FLASH.ld" --specs=nosys.specs -Wl,-Map="task_3_2.map" -Wl,--gc-sections -static --specs=nano.specs -mfpu=fpv4-sp-d16 -mfloat-abi=hard -mthumb -Wl,--start-group -lc -lm -Wl,--end-group
Finished building target: task_3_2.elf
 
arm-none-eabi-size  task_3_2.elf 
arm-none-eabi-objdump -h -S task_3_2.elf  > "task_3_2.list"
   text	   data	    bss	    dec	    hex	filename
   1364	     44	   1572	   2980	    ba4	task_3_2.elf
Finished building: default.size.stdout
 
Finished building: task_3_2.list
 
15:07:12 **** Incremental Build of configuration Debug for project task_3_2 ****
make -j20 all 
arm-none-eabi-size  task_3_2.elf 
   text	   data	    bss	    dec	    hex	filename
   1364	     44	   1572	   2980	    ba4	task_3_2.elf
Finished building: default.size.stdout
 
15:08:50 **** Incremental Build of configuration Debug for project task_3_2 ****
make -j20 all 
arm-none-eabi-gcc "../Src/timer.c" -mcpu=cortex-m4 -std=gnu11 -g3 -DDEBUG -DSTM32F303VCTx -DSTM32 -DSTM32F3 -DSTM32F3DISCOVERY -c -I../Inc -I"C:/Users/benri/OneDrive/Documents/MTRX2700/MTRX2700_Assignment2/stm32f303-definitions/Core/Inc" -O0 -ffunction-sections -fdata-sections -Wall -fstack-usage -fcyclomatic-complexity -MMD -MP -MF"Src/timer.d" -MT"Src/timer.o" --specs=nano.specs -mfpu=fpv4-sp-d16 -mfloat-abi=hard -mthumb -o "Src/timer.o"
../Src/timer.c: In function 'TimerInitialise':
../Src/timer.c:83:23: error: lvalue required as left operand of assignment
   83 |     *handler_function = &interrupt_handler;
      |                       ^
../Src/timer.c:85:9: warning: unused variable 'x' [-Wunused-variable]
   85 |     int x=2;
      |         ^
make: *** [Src/subdir.mk:31: Src/timer.o] Error 1
"make -j20 all" terminated with exit code 2. Build might be incomplete.
15:09:14 **** Incremental Build of configuration Debug for project task_3_2 ****
make -j20 all 
arm-none-eabi-gcc "../Src/timer.c" -mcpu=cortex-m4 -std=gnu11 -g3 -DDEBUG -DSTM32F303VCTx -DSTM32 -DSTM32F3 -DSTM32F3DISCOVERY -c -I../Inc -I"C:/Users/benri/OneDrive/Documents/MTRX2700/MTRX2700_Assignment2/stm32f303-definitions/Core/Inc" -O0 -ffunction-sections -fdata-sections -Wall -fstack-usage -fcyclomatic-complexity -MMD -MP -MF"Src/timer.d" -MT"Src/timer.o" --specs=nano.specs -mfpu=fpv4-sp-d16 -mfloat-abi=hard -mthumb -o "Src/timer.o"
../Src/timer.c: In function 'TimerInitialise':
../Src/timer.c:83:23: error: lvalue required as left operand of assignment
   83 |     *handler_function = interrupt_handler;
      |                       ^
../Src/timer.c:85:9: warning: unused variable 'x' [-Wunused-variable]
   85 |     int x=2;
      |         ^
make: *** [Src/subdir.mk:31: Src/timer.o] Error 1
"make -j20 all" terminated with exit code 2. Build might be incomplete.
15:17:34 **** Incremental Build of configuration Debug for project task_3_2 ****
make -j20 all 
arm-none-eabi-gcc "../Src/main.c" -mcpu=cortex-m4 -std=gnu11 -g3 -DDEBUG -DSTM32F303VCTx -DSTM32 -DSTM32F3 -DSTM32F3DISCOVERY -c -I../Inc -I"C:/Users/benri/OneDrive/Documents/MTRX2700/MTRX2700_Assignment2/stm32f303-definitions/Core/Inc" -O0 -ffunction-sections -fdata-sections -Wall -fstack-usage -fcyclomatic-complexity -MMD -MP -MF"Src/main.d" -MT"Src/main.o" --specs=nano.specs -mfpu=fpv4-sp-d16 -mfloat-abi=hard -mthumb -o "Src/main.o"
arm-none-eabi-gcc "../Src/timer.c" -mcpu=cortex-m4 -std=gnu11 -g3 -DDEBUG -DSTM32F303VCTx -DSTM32 -DSTM32F3 -DSTM32F3DISCOVERY -c -I../Inc -I"C:/Users/benri/OneDrive/Documents/MTRX2700/MTRX2700_Assignment2/stm32f303-definitions/Core/Inc" -O0 -ffunction-sections -fdata-sections -Wall -fstack-usage -fcyclomatic-complexity -MMD -MP -MF"Src/timer.d" -MT"Src/timer.o" --specs=nano.specs -mfpu=fpv4-sp-d16 -mfloat-abi=hard -mthumb -o "Src/timer.o"
../Src/main.c:9:4: warning: #warning "FPU is not initialized, but the project is compiling for an FPU. Please initialize the FPU before use." [-Wcpp]
    9 |   #warning "FPU is not initialized, but the project is compiling for an FPU. Please initialize the FPU before use."
      |    ^~~~~~~
../Src/main.c: In function 'main':
../Src/main.c:36:49: warning: passing argument 3 of 'TimerInitialise' from incompatible pointer type [-Wincompatible-pointer-types]
   36 |         TimerInitialise(&TIM2_init, &chase_led, &TIM2_IRQHandler);
      |                                                 ^~~~~~~~~~~~~~~~
      |                                                 |
      |                                                 void (**)(void)
In file included from ../Src/main.c:5:
../Inc/timer.h:21:91: note: expected 'void (*)()' but argument is of type 'void (**)(void)'
   21 | void TimerInitialise(HardwareTimer *hardware_timer, void (*completion_function)(), void (*handler_function)());
      |                                                                                    ~~~~~~~^~~~~~~~~~~~~~~~~~~
../Src/timer.c:31:6: error: conflicting types for 'TimerInitialise'; have 'void(HardwareTimer *, void (*)(), void (**)(void))' {aka 'void(struct _HardwareTimer *, void (*)(), void (**)(void))'}
   31 | void TimerInitialise(HardwareTimer *hardware_timer, void (*completion_function)(), void (**handler_function)(void)) {
      |      ^~~~~~~~~~~~~~~
In file included from ../Src/timer.c:2:
../Inc/timer.h:21:6: note: previous declaration of 'TimerInitialise' with type 'void(HardwareTimer *, void (*)(), void (*)())' {aka 'void(struct _HardwareTimer *, void (*)(), void (*)())'}
   21 | void TimerInitialise(HardwareTimer *hardware_timer, void (*completion_function)(), void (*handler_function)());
      |      ^~~~~~~~~~~~~~~
../Src/timer.c: In function 'TimerInitialise':
../Src/timer.c:68:9: warning: unused variable 'x' [-Wunused-variable]
   68 |     int x=2;
      |         ^
make: *** [Src/subdir.mk:31: Src/timer.o] Error 1
make: *** Waiting for unfinished jobs....
"make -j20 all" terminated with exit code 2. Build might be incomplete.
15:17:58 **** Incremental Build of configuration Debug for project task_3_2 ****
make -j20 all 
arm-none-eabi-gcc "../Src/main.c" -mcpu=cortex-m4 -std=gnu11 -g3 -DDEBUG -DSTM32F303VCTx -DSTM32 -DSTM32F3 -DSTM32F3DISCOVERY -c -I../Inc -I"C:/Users/benri/OneDrive/Documents/MTRX2700/MTRX2700_Assignment2/stm32f303-definitions/Core/Inc" -O0 -ffunction-sections -fdata-sections -Wall -fstack-usage -fcyclomatic-complexity -MMD -MP -MF"Src/main.d" -MT"Src/main.o" --specs=nano.specs -mfpu=fpv4-sp-d16 -mfloat-abi=hard -mthumb -o "Src/main.o"
arm-none-eabi-gcc "../Src/timer.c" -mcpu=cortex-m4 -std=gnu11 -g3 -DDEBUG -DSTM32F303VCTx -DSTM32 -DSTM32F3 -DSTM32F3DISCOVERY -c -I../Inc -I"C:/Users/benri/OneDrive/Documents/MTRX2700/MTRX2700_Assignment2/stm32f303-definitions/Core/Inc" -O0 -ffunction-sections -fdata-sections -Wall -fstack-usage -fcyclomatic-complexity -MMD -MP -MF"Src/timer.d" -MT"Src/timer.o" --specs=nano.specs -mfpu=fpv4-sp-d16 -mfloat-abi=hard -mthumb -o "Src/timer.o"
../Src/main.c:9:4: warning: #warning "FPU is not initialized, but the project is compiling for an FPU. Please initialize the FPU before use." [-Wcpp]
    9 |   #warning "FPU is not initialized, but the project is compiling for an FPU. Please initialize the FPU before use."
      |    ^~~~~~~
../Src/timer.c: In function 'TimerInitialise':
../Src/timer.c:68:9: warning: unused variable 'x' [-Wunused-variable]
   68 |     int x=2;
      |         ^
arm-none-eabi-gcc -o "task_3_2.elf" @"objects.list"   -mcpu=cortex-m4 -T"C:\Users\benri\OneDrive\Documents\MTRX2700\MTRX2700_Assignment2\exercise_3\task_3_2\STM32F303VCTX_FLASH.ld" --specs=nosys.specs -Wl,-Map="task_3_2.map" -Wl,--gc-sections -static --specs=nano.specs -mfpu=fpv4-sp-d16 -mfloat-abi=hard -mthumb -Wl,--start-group -lc -lm -Wl,--end-group
Finished building target: task_3_2.elf
 
arm-none-eabi-size  task_3_2.elf 
arm-none-eabi-objdump -h -S task_3_2.elf  > "task_3_2.list"
   text	   data	    bss	    dec	    hex	filename
   1364	     44	   1572	   2980	    ba4	task_3_2.elf
Finished building: default.size.stdout
 
Finished building: task_3_2.list
 
15:18:28 **** Incremental Build of configuration Debug for project task_3_2 ****
make -j20 all 
arm-none-eabi-size  task_3_2.elf 
   text	   data	    bss	    dec	    hex	filename
   1364	     44	   1572	   2980	    ba4	task_3_2.elf
Finished building: default.size.stdout
 
15:20:10 **** Incremental Build of configuration Debug for project task_3_2 ****
make -j20 all 
arm-none-eabi-size  task_3_2.elf 
   text	   data	    bss	    dec	    hex	filename
   1364	     44	   1572	   2980	    ba4	task_3_2.elf
Finished building: default.size.stdout
 
15:23:29 **** Incremental Build of configuration Debug for project task_3_2 ****
make -j20 all 
arm-none-eabi-size  task_3_2.elf 
   text	   data	    bss	    dec	    hex	filename
   1364	     44	   1572	   2980	    ba4	task_3_2.elf
Finished building: default.size.stdout
 
15:25:55 **** Incremental Build of configuration Debug for project task_3_2 ****
make -j20 all 
arm-none-eabi-size  task_3_2.elf 
   text	   data	    bss	    dec	    hex	filename
   1364	     44	   1572	   2980	    ba4	task_3_2.elf
Finished building: default.size.stdout
 
15:31:24 **** Incremental Build of configuration Debug for project task_3_2 ****
make -j20 all 
arm-none-eabi-gcc "../Src/timer.c" -mcpu=cortex-m4 -std=gnu11 -g3 -DDEBUG -DSTM32F303VCTx -DSTM32 -DSTM32F3 -DSTM32F3DISCOVERY -c -I../Inc -I"C:/Users/benri/OneDrive/Documents/MTRX2700/MTRX2700_Assignment2/stm32f303-definitions/Core/Inc" -O0 -ffunction-sections -fdata-sections -Wall -fstack-usage -fcyclomatic-complexity -MMD -MP -MF"Src/timer.d" -MT"Src/timer.o" --specs=nano.specs -mfpu=fpv4-sp-d16 -mfloat-abi=hard -mthumb -o "Src/timer.o"
../Src/timer.c: In function 'TimerInitialise':
../Src/timer.c:72:9: warning: unused variable 'x' [-Wunused-variable]
   72 |     int x=2;
      |         ^
arm-none-eabi-gcc -o "task_3_2.elf" @"objects.list"   -mcpu=cortex-m4 -T"C:\Users\benri\OneDrive\Documents\MTRX2700\MTRX2700_Assignment2\exercise_3\task_3_2\STM32F303VCTX_FLASH.ld" --specs=nosys.specs -Wl,-Map="task_3_2.map" -Wl,--gc-sections -static --specs=nano.specs -mfpu=fpv4-sp-d16 -mfloat-abi=hard -mthumb -Wl,--start-group -lc -lm -Wl,--end-group
Finished building target: task_3_2.elf
 
arm-none-eabi-size  task_3_2.elf 
arm-none-eabi-objdump -h -S task_3_2.elf  > "task_3_2.list"
   text	   data	    bss	    dec	    hex	filename
   1380	     44	   1572	   2996	    bb4	task_3_2.elf
Finished building: default.size.stdout
 
Finished building: task_3_2.list
 
15:32:13 **** Incremental Build of configuration Debug for project task_3_2 ****
make -j20 all 
arm-none-eabi-gcc "../Src/timer.c" -mcpu=cortex-m4 -std=gnu11 -g3 -DDEBUG -DSTM32F303VCTx -DSTM32 -DSTM32F3 -DSTM32F3DISCOVERY -c -I../Inc -I"C:/Users/benri/OneDrive/Documents/MTRX2700/MTRX2700_Assignment2/stm32f303-definitions/Core/Inc" -O0 -ffunction-sections -fdata-sections -Wall -fstack-usage -fcyclomatic-complexity -MMD -MP -MF"Src/timer.d" -MT"Src/timer.o" --specs=nano.specs -mfpu=fpv4-sp-d16 -mfloat-abi=hard -mthumb -o "Src/timer.o"
../Src/timer.c: In function 'TimerInitialise':
../Src/timer.c:77:9: warning: unused variable 'x' [-Wunused-variable]
   77 |     int x=2;
      |         ^
arm-none-eabi-gcc -o "task_3_2.elf" @"objects.list"   -mcpu=cortex-m4 -T"C:\Users\benri\OneDrive\Documents\MTRX2700\MTRX2700_Assignment2\exercise_3\task_3_2\STM32F303VCTX_FLASH.ld" --specs=nosys.specs -Wl,-Map="task_3_2.map" -Wl,--gc-sections -static --specs=nano.specs -mfpu=fpv4-sp-d16 -mfloat-abi=hard -mthumb -Wl,--start-group -lc -lm -Wl,--end-group
Finished building target: task_3_2.elf
 
arm-none-eabi-size  task_3_2.elf 
arm-none-eabi-objdump -h -S task_3_2.elf  > "task_3_2.list"
   text	   data	    bss	    dec	    hex	filename
   1396	     44	   1572	   3012	    bc4	task_3_2.elf
Finished building: default.size.stdout
 
Finished building: task_3_2.list
 
15:33:48 **** Incremental Build of configuration Debug for project task_3_2 ****
make -j20 all 
arm-none-eabi-gcc "../Src/timer.c" -mcpu=cortex-m4 -std=gnu11 -g3 -DDEBUG -DSTM32F303VCTx -DSTM32 -DSTM32F3 -DSTM32F3DISCOVERY -c -I../Inc -I"C:/Users/benri/OneDrive/Documents/MTRX2700/MTRX2700_Assignment2/stm32f303-definitions/Core/Inc" -O0 -ffunction-sections -fdata-sections -Wall -fstack-usage -fcyclomatic-complexity -MMD -MP -MF"Src/timer.d" -MT"Src/timer.o" --specs=nano.specs -mfpu=fpv4-sp-d16 -mfloat-abi=hard -mthumb -o "Src/timer.o"
../Src/timer.c: In function 'TimerInitialise':
../Src/timer.c:73:9: warning: unused variable 'x' [-Wunused-variable]
   73 |     int x=2;
      |         ^
arm-none-eabi-gcc -o "task_3_2.elf" @"objects.list"   -mcpu=cortex-m4 -T"C:\Users\benri\OneDrive\Documents\MTRX2700\MTRX2700_Assignment2\exercise_3\task_3_2\STM32F303VCTX_FLASH.ld" --specs=nosys.specs -Wl,-Map="task_3_2.map" -Wl,--gc-sections -static --specs=nano.specs -mfpu=fpv4-sp-d16 -mfloat-abi=hard -mthumb -Wl,--start-group -lc -lm -Wl,--end-group
Finished building target: task_3_2.elf
 
arm-none-eabi-size  task_3_2.elf 
arm-none-eabi-objdump -h -S task_3_2.elf  > "task_3_2.list"
   text	   data	    bss	    dec	    hex	filename
   1380	     44	   1572	   2996	    bb4	task_3_2.elf
Finished building: default.size.stdout
 
Finished building: task_3_2.list
 
15:34:56 **** Incremental Build of configuration Debug for project task_3_2 ****
make -j20 all 
arm-none-eabi-gcc "../Src/timer.c" -mcpu=cortex-m4 -std=gnu11 -g3 -DDEBUG -DSTM32F303VCTx -DSTM32 -DSTM32F3 -DSTM32F3DISCOVERY -c -I../Inc -I"C:/Users/benri/OneDrive/Documents/MTRX2700/MTRX2700_Assignment2/stm32f303-definitions/Core/Inc" -O0 -ffunction-sections -fdata-sections -Wall -fstack-usage -fcyclomatic-complexity -MMD -MP -MF"Src/timer.d" -MT"Src/timer.o" --specs=nano.specs -mfpu=fpv4-sp-d16 -mfloat-abi=hard -mthumb -o "Src/timer.o"
../Src/timer.c: In function 'TimerInitialise':
../Src/timer.c:69:9: warning: unused variable 'x' [-Wunused-variable]
   69 |     int x=2;
      |         ^
arm-none-eabi-gcc -o "task_3_2.elf" @"objects.list"   -mcpu=cortex-m4 -T"C:\Users\benri\OneDrive\Documents\MTRX2700\MTRX2700_Assignment2\exercise_3\task_3_2\STM32F303VCTX_FLASH.ld" --specs=nosys.specs -Wl,-Map="task_3_2.map" -Wl,--gc-sections -static --specs=nano.specs -mfpu=fpv4-sp-d16 -mfloat-abi=hard -mthumb -Wl,--start-group -lc -lm -Wl,--end-group
Finished building target: task_3_2.elf
 
arm-none-eabi-size  task_3_2.elf 
arm-none-eabi-objdump -h -S task_3_2.elf  > "task_3_2.list"
   text	   data	    bss	    dec	    hex	filename
   1364	     44	   1572	   2980	    ba4	task_3_2.elf
Finished building: default.size.stdout
 
Finished building: task_3_2.list
 
15:43:40 **** Incremental Build of configuration Debug for project task_3_2 ****
make -j20 all 
arm-none-eabi-gcc "../Src/main.c" -mcpu=cortex-m4 -std=gnu11 -g3 -DDEBUG -DSTM32F303VCTx -DSTM32 -DSTM32F3 -DSTM32F3DISCOVERY -c -I../Inc -I"C:/Users/benri/OneDrive/Documents/MTRX2700/MTRX2700_Assignment2/stm32f303-definitions/Core/Inc" -O0 -ffunction-sections -fdata-sections -Wall -fstack-usage -fcyclomatic-complexity -MMD -MP -MF"Src/main.d" -MT"Src/main.o" --specs=nano.specs -mfpu=fpv4-sp-d16 -mfloat-abi=hard -mthumb -o "Src/main.o"
arm-none-eabi-gcc "../Src/timer.c" -mcpu=cortex-m4 -std=gnu11 -g3 -DDEBUG -DSTM32F303VCTx -DSTM32 -DSTM32F3 -DSTM32F3DISCOVERY -c -I../Inc -I"C:/Users/benri/OneDrive/Documents/MTRX2700/MTRX2700_Assignment2/stm32f303-definitions/Core/Inc" -O0 -ffunction-sections -fdata-sections -Wall -fstack-usage -fcyclomatic-complexity -MMD -MP -MF"Src/timer.d" -MT"Src/timer.o" --specs=nano.specs -mfpu=fpv4-sp-d16 -mfloat-abi=hard -mthumb -o "Src/timer.o"
../Src/main.c:9:4: warning: #warning "FPU is not initialized, but the project is compiling for an FPU. Please initialize the FPU before use." [-Wcpp]
    9 |   #warning "FPU is not initialized, but the project is compiling for an FPU. Please initialize the FPU before use."
      |    ^~~~~~~
../Src/timer.c: In function 'TimerInitialise':
../Src/timer.c:67:23: warning: assignment to 'void (*)(void)' from incompatible pointer type 'void (**)()' [-Wincompatible-pointer-types]
   67 |     *handler_function = &completion_function;
      |                       ^
../Src/timer.c:69:9: warning: unused variable 'x' [-Wunused-variable]
   69 |     int x=2;
      |         ^
../Src/main.c: In function 'interrupt_handler':
../Src/main.c:20:13: error: 'hardware_timer' undeclared (first use in this function); did you mean 'HardwareTimer'?
   20 |         if (hardware_timer->TIMx->SR & TIM_SR_UIF) {
      |             ^~~~~~~~~~~~~~
      |             HardwareTimer
../Src/main.c:20:13: note: each undeclared identifier is reported only once for each function it appears in
make: *** [Src/subdir.mk:31: Src/main.o] Error 1
make: *** Waiting for unfinished jobs....
"make -j20 all" terminated with exit code 2. Build might be incomplete.
15:44:33 **** Incremental Build of configuration Debug for project task_3_2 ****
make -j20 all 
arm-none-eabi-gcc "../Src/main.c" -mcpu=cortex-m4 -std=gnu11 -g3 -DDEBUG -DSTM32F303VCTx -DSTM32 -DSTM32F3 -DSTM32F3DISCOVERY -c -I../Inc -I"C:/Users/benri/OneDrive/Documents/MTRX2700/MTRX2700_Assignment2/stm32f303-definitions/Core/Inc" -O0 -ffunction-sections -fdata-sections -Wall -fstack-usage -fcyclomatic-complexity -MMD -MP -MF"Src/main.d" -MT"Src/main.o" --specs=nano.specs -mfpu=fpv4-sp-d16 -mfloat-abi=hard -mthumb -o "Src/main.o"
../Src/main.c:9:4: warning: #warning "FPU is not initialized, but the project is compiling for an FPU. Please initialize the FPU before use." [-Wcpp]
    9 |   #warning "FPU is not initialized, but the project is compiling for an FPU. Please initialize the FPU before use."
      |    ^~~~~~~
arm-none-eabi-gcc -o "task_3_2.elf" @"objects.list"   -mcpu=cortex-m4 -T"C:\Users\benri\OneDrive\Documents\MTRX2700\MTRX2700_Assignment2\exercise_3\task_3_2\STM32F303VCTX_FLASH.ld" --specs=nosys.specs -Wl,-Map="task_3_2.map" -Wl,--gc-sections -static --specs=nano.specs -mfpu=fpv4-sp-d16 -mfloat-abi=hard -mthumb -Wl,--start-group -lc -lm -Wl,--end-group
Finished building target: task_3_2.elf
 
arm-none-eabi-size  task_3_2.elf 
arm-none-eabi-objdump -h -S task_3_2.elf  > "task_3_2.list"
   text	   data	    bss	    dec	    hex	filename
   1304	     44	   1572	   2920	    b68	task_3_2.elf
Finished building: default.size.stdout
 
Finished building: task_3_2.list
 
15:45:24 **** Incremental Build of configuration Debug for project task_3_2 ****
make -j20 all 
arm-none-eabi-size  task_3_2.elf 
   text	   data	    bss	    dec	    hex	filename
   1304	     44	   1572	   2920	    b68	task_3_2.elf
Finished building: default.size.stdout
 
15:47:35 **** Incremental Build of configuration Debug for project task_3_2 ****
make -j20 all 
arm-none-eabi-size  task_3_2.elf 
   text	   data	    bss	    dec	    hex	filename
   1304	     44	   1572	   2920	    b68	task_3_2.elf
Finished building: default.size.stdout
 
15:48:31 **** Incremental Build of configuration Debug for project task_3_2 ****
make -j20 all 
arm-none-eabi-size  task_3_2.elf 
   text	   data	    bss	    dec	    hex	filename
   1304	     44	   1572	   2920	    b68	task_3_2.elf
Finished building: default.size.stdout
 
15:50:17 **** Incremental Build of configuration Debug for project task_3_2 ****
make -j20 all 
arm-none-eabi-gcc "../Src/main.c" -mcpu=cortex-m4 -std=gnu11 -g3 -DDEBUG -DSTM32F303VCTx -DSTM32 -DSTM32F3 -DSTM32F3DISCOVERY -c -I../Inc -I"C:/Users/benri/OneDrive/Documents/MTRX2700/MTRX2700_Assignment2/stm32f303-definitions/Core/Inc" -O0 -ffunction-sections -fdata-sections -Wall -fstack-usage -fcyclomatic-complexity -MMD -MP -MF"Src/main.d" -MT"Src/main.o" --specs=nano.specs -mfpu=fpv4-sp-d16 -mfloat-abi=hard -mthumb -o "Src/main.o"
arm-none-eabi-gcc "../Src/timer.c" -mcpu=cortex-m4 -std=gnu11 -g3 -DDEBUG -DSTM32F303VCTx -DSTM32 -DSTM32F3 -DSTM32F3DISCOVERY -c -I../Inc -I"C:/Users/benri/OneDrive/Documents/MTRX2700/MTRX2700_Assignment2/stm32f303-definitions/Core/Inc" -O0 -ffunction-sections -fdata-sections -Wall -fstack-usage -fcyclomatic-complexity -MMD -MP -MF"Src/timer.d" -MT"Src/timer.o" --specs=nano.specs -mfpu=fpv4-sp-d16 -mfloat-abi=hard -mthumb -o "Src/timer.o"
../Src/main.c:9:4: warning: #warning "FPU is not initialized, but the project is compiling for an FPU. Please initialize the FPU before use." [-Wcpp]
    9 |   #warning "FPU is not initialized, but the project is compiling for an FPU. Please initialize the FPU before use."
      |    ^~~~~~~
../Src/timer.c: In function 'TimerInitialise':
../Src/timer.c:69:9: warning: unused variable 'x' [-Wunused-variable]
   69 |     int x=2;
      |         ^
arm-none-eabi-gcc -o "task_3_2.elf" @"objects.list"   -mcpu=cortex-m4 -T"C:\Users\benri\OneDrive\Documents\MTRX2700\MTRX2700_Assignment2\exercise_3\task_3_2\STM32F303VCTX_FLASH.ld" --specs=nosys.specs -Wl,-Map="task_3_2.map" -Wl,--gc-sections -static --specs=nano.specs -mfpu=fpv4-sp-d16 -mfloat-abi=hard -mthumb -Wl,--start-group -lc -lm -Wl,--end-group
Finished building target: task_3_2.elf
 
arm-none-eabi-size  task_3_2.elf 
arm-none-eabi-objdump -h -S task_3_2.elf  > "task_3_2.list"
   text	   data	    bss	    dec	    hex	filename
   1300	     44	   1572	   2916	    b64	task_3_2.elf
Finished building: default.size.stdout
 
Finished building: task_3_2.list
 
15:51:00 **** Incremental Build of configuration Debug for project task_3_2 ****
make -j20 all 
arm-none-eabi-size  task_3_2.elf 
   text	   data	    bss	    dec	    hex	filename
   1300	     44	   1572	   2916	    b64	task_3_2.elf
Finished building: default.size.stdout
 
15:52:08 **** Incremental Build of configuration Debug for project task_3_2 ****
make -j20 all 
arm-none-eabi-gcc "../Src/main.c" -mcpu=cortex-m4 -std=gnu11 -g3 -DDEBUG -DSTM32F303VCTx -DSTM32 -DSTM32F3 -DSTM32F3DISCOVERY -c -I../Inc -I"C:/Users/benri/OneDrive/Documents/MTRX2700/MTRX2700_Assignment2/stm32f303-definitions/Core/Inc" -O0 -ffunction-sections -fdata-sections -Wall -fstack-usage -fcyclomatic-complexity -MMD -MP -MF"Src/main.d" -MT"Src/main.o" --specs=nano.specs -mfpu=fpv4-sp-d16 -mfloat-abi=hard -mthumb -o "Src/main.o"
../Src/main.c:9:4: warning: #warning "FPU is not initialized, but the project is compiling for an FPU. Please initialize the FPU before use." [-Wcpp]
    9 |   #warning "FPU is not initialized, but the project is compiling for an FPU. Please initialize the FPU before use."
      |    ^~~~~~~
arm-none-eabi-gcc -o "task_3_2.elf" @"objects.list"   -mcpu=cortex-m4 -T"C:\Users\benri\OneDrive\Documents\MTRX2700\MTRX2700_Assignment2\exercise_3\task_3_2\STM32F303VCTX_FLASH.ld" --specs=nosys.specs -Wl,-Map="task_3_2.map" -Wl,--gc-sections -static --specs=nano.specs -mfpu=fpv4-sp-d16 -mfloat-abi=hard -mthumb -Wl,--start-group -lc -lm -Wl,--end-group
Finished building target: task_3_2.elf
 
arm-none-eabi-size  task_3_2.elf 
arm-none-eabi-objdump -h -S task_3_2.elf  > "task_3_2.list"
   text	   data	    bss	    dec	    hex	filename
   1300	     44	   1572	   2916	    b64	task_3_2.elf
Finished building: default.size.stdout
 
Finished building: task_3_2.list
 
15:57:22 **** Incremental Build of configuration Debug for project task_3_2 ****
make -j20 all 
arm-none-eabi-gcc "../Src/main.c" -mcpu=cortex-m4 -std=gnu11 -g3 -DDEBUG -DSTM32F303VCTx -DSTM32 -DSTM32F3 -DSTM32F3DISCOVERY -c -I../Inc -I"C:/Users/benri/OneDrive/Documents/MTRX2700/MTRX2700_Assignment2/stm32f303-definitions/Core/Inc" -O0 -ffunction-sections -fdata-sections -Wall -fstack-usage -fcyclomatic-complexity -MMD -MP -MF"Src/main.d" -MT"Src/main.o" --specs=nano.specs -mfpu=fpv4-sp-d16 -mfloat-abi=hard -mthumb -o "Src/main.o"
../Src/main.c:9:4: warning: #warning "FPU is not initialized, but the project is compiling for an FPU. Please initialize the FPU before use." [-Wcpp]
    9 |   #warning "FPU is not initialized, but the project is compiling for an FPU. Please initialize the FPU before use."
      |    ^~~~~~~
arm-none-eabi-gcc -o "task_3_2.elf" @"objects.list"   -mcpu=cortex-m4 -T"C:\Users\benri\OneDrive\Documents\MTRX2700\MTRX2700_Assignment2\exercise_3\task_3_2\STM32F303VCTX_FLASH.ld" --specs=nosys.specs -Wl,-Map="task_3_2.map" -Wl,--gc-sections -static --specs=nano.specs -mfpu=fpv4-sp-d16 -mfloat-abi=hard -mthumb -Wl,--start-group -lc -lm -Wl,--end-group
Finished building target: task_3_2.elf
 
arm-none-eabi-size  task_3_2.elf 
arm-none-eabi-objdump -h -S task_3_2.elf  > "task_3_2.list"
   text	   data	    bss	    dec	    hex	filename
   1320	     44	   1572	   2936	    b78	task_3_2.elf
Finished building: default.size.stdout
 
Finished building: task_3_2.list
 
15:58:07 **** Incremental Build of configuration Debug for project task_3_2 ****
make -j20 all 
arm-none-eabi-gcc "../Src/main.c" -mcpu=cortex-m4 -std=gnu11 -g3 -DDEBUG -DSTM32F303VCTx -DSTM32 -DSTM32F3 -DSTM32F3DISCOVERY -c -I../Inc -I"C:/Users/benri/OneDrive/Documents/MTRX2700/MTRX2700_Assignment2/stm32f303-definitions/Core/Inc" -O0 -ffunction-sections -fdata-sections -Wall -fstack-usage -fcyclomatic-complexity -MMD -MP -MF"Src/main.d" -MT"Src/main.o" --specs=nano.specs -mfpu=fpv4-sp-d16 -mfloat-abi=hard -mthumb -o "Src/main.o"
../Src/main.c:9:4: warning: #warning "FPU is not initialized, but the project is compiling for an FPU. Please initialize the FPU before use." [-Wcpp]
    9 |   #warning "FPU is not initialized, but the project is compiling for an FPU. Please initialize the FPU before use."
      |    ^~~~~~~
arm-none-eabi-gcc -o "task_3_2.elf" @"objects.list"   -mcpu=cortex-m4 -T"C:\Users\benri\OneDrive\Documents\MTRX2700\MTRX2700_Assignment2\exercise_3\task_3_2\STM32F303VCTX_FLASH.ld" --specs=nosys.specs -Wl,-Map="task_3_2.map" -Wl,--gc-sections -static --specs=nano.specs -mfpu=fpv4-sp-d16 -mfloat-abi=hard -mthumb -Wl,--start-group -lc -lm -Wl,--end-group
Finished building target: task_3_2.elf
 
arm-none-eabi-size  task_3_2.elf 
arm-none-eabi-objdump -h -S task_3_2.elf  > "task_3_2.list"
   text	   data	    bss	    dec	    hex	filename
   1320	     44	   1572	   2936	    b78	task_3_2.elf
Finished building: default.size.stdout
 
Finished building: task_3_2.list
 
15:59:57 **** Incremental Build of configuration Debug for project task_3_2 ****
make -j20 all 
arm-none-eabi-gcc "../Src/main.c" -mcpu=cortex-m4 -std=gnu11 -g3 -DDEBUG -DSTM32F303VCTx -DSTM32 -DSTM32F3 -DSTM32F3DISCOVERY -c -I../Inc -I"C:/Users/benri/OneDrive/Documents/MTRX2700/MTRX2700_Assignment2/stm32f303-definitions/Core/Inc" -O0 -ffunction-sections -fdata-sections -Wall -fstack-usage -fcyclomatic-complexity -MMD -MP -MF"Src/main.d" -MT"Src/main.o" --specs=nano.specs -mfpu=fpv4-sp-d16 -mfloat-abi=hard -mthumb -o "Src/main.o"
../Src/main.c:9:4: warning: #warning "FPU is not initialized, but the project is compiling for an FPU. Please initialize the FPU before use." [-Wcpp]
    9 |   #warning "FPU is not initialized, but the project is compiling for an FPU. Please initialize the FPU before use."
      |    ^~~~~~~
../Src/main.c: In function 'main':
../Src/main.c:69:28: error: 'interrupt_handler' undeclared (first use in this function)
   69 |         TIM2_IRQHandler = &interrupt_handler;
      |                            ^~~~~~~~~~~~~~~~~
../Src/main.c:69:28: note: each undeclared identifier is reported only once for each function it appears in
../Src/main.c:72:57: warning: passing argument 3 of 'TimerInitialise' from incompatible pointer type [-Wincompatible-pointer-types]
   72 |         TimerInitialise(&TIM2_init, &interrupt_handler, &TIM2_IRQHandler);
      |                                                         ^~~~~~~~~~~~~~~~
      |                                                         |
      |                                                         void (*)(void)
In file included from ../Src/main.c:5:
../Inc/timer.h:21:92: note: expected 'void (**)()' but argument is of type 'void (*)(void)'
   21 | void TimerInitialise(HardwareTimer *hardware_timer, void (*completion_function)(), void (**handler_function)());
      |                                                                                    ~~~~~~~~^~~~~~~~~~~~~~~~~~~
make: *** [Src/subdir.mk:31: Src/main.o] Error 1
"make -j20 all" terminated with exit code 2. Build might be incomplete.
16:00:33 **** Incremental Build of configuration Debug for project task_3_2 ****
make -j20 all 
arm-none-eabi-gcc "../Src/main.c" -mcpu=cortex-m4 -std=gnu11 -g3 -DDEBUG -DSTM32F303VCTx -DSTM32 -DSTM32F3 -DSTM32F3DISCOVERY -c -I../Inc -I"C:/Users/benri/OneDrive/Documents/MTRX2700/MTRX2700_Assignment2/stm32f303-definitions/Core/Inc" -O0 -ffunction-sections -fdata-sections -Wall -fstack-usage -fcyclomatic-complexity -MMD -MP -MF"Src/main.d" -MT"Src/main.o" --specs=nano.specs -mfpu=fpv4-sp-d16 -mfloat-abi=hard -mthumb -o "Src/main.o"
../Src/main.c:9:4: warning: #warning "FPU is not initialized, but the project is compiling for an FPU. Please initialize the FPU before use." [-Wcpp]
    9 |   #warning "FPU is not initialized, but the project is compiling for an FPU. Please initialize the FPU before use."
      |    ^~~~~~~
arm-none-eabi-gcc -o "task_3_2.elf" @"objects.list"   -mcpu=cortex-m4 -T"C:\Users\benri\OneDrive\Documents\MTRX2700\MTRX2700_Assignment2\exercise_3\task_3_2\STM32F303VCTX_FLASH.ld" --specs=nosys.specs -Wl,-Map="task_3_2.map" -Wl,--gc-sections -static --specs=nano.specs -mfpu=fpv4-sp-d16 -mfloat-abi=hard -mthumb -Wl,--start-group -lc -lm -Wl,--end-group
Finished building target: task_3_2.elf
 
arm-none-eabi-size  task_3_2.elf 
arm-none-eabi-objdump -h -S task_3_2.elf  > "task_3_2.list"
   text	   data	    bss	    dec	    hex	filename
   1304	     44	   1572	   2920	    b68	task_3_2.elf
Finished building: default.size.stdout
 
Finished building: task_3_2.list
 
16:01:26 **** Incremental Build of configuration Debug for project task_3_2 ****
make -j20 all 
arm-none-eabi-gcc "../Src/main.c" -mcpu=cortex-m4 -std=gnu11 -g3 -DDEBUG -DSTM32F303VCTx -DSTM32 -DSTM32F3 -DSTM32F3DISCOVERY -c -I../Inc -I"C:/Users/benri/OneDrive/Documents/MTRX2700/MTRX2700_Assignment2/stm32f303-definitions/Core/Inc" -O0 -ffunction-sections -fdata-sections -Wall -fstack-usage -fcyclomatic-complexity -MMD -MP -MF"Src/main.d" -MT"Src/main.o" --specs=nano.specs -mfpu=fpv4-sp-d16 -mfloat-abi=hard -mthumb -o "Src/main.o"
../Src/main.c:9:4: warning: #warning "FPU is not initialized, but the project is compiling for an FPU. Please initialize the FPU before use." [-Wcpp]
    9 |   #warning "FPU is not initialized, but the project is compiling for an FPU. Please initialize the FPU before use."
      |    ^~~~~~~
arm-none-eabi-gcc -o "task_3_2.elf" @"objects.list"   -mcpu=cortex-m4 -T"C:\Users\benri\OneDrive\Documents\MTRX2700\MTRX2700_Assignment2\exercise_3\task_3_2\STM32F303VCTX_FLASH.ld" --specs=nosys.specs -Wl,-Map="task_3_2.map" -Wl,--gc-sections -static --specs=nano.specs -mfpu=fpv4-sp-d16 -mfloat-abi=hard -mthumb -Wl,--start-group -lc -lm -Wl,--end-group
Finished building target: task_3_2.elf
 
arm-none-eabi-size  task_3_2.elf 
arm-none-eabi-objdump -h -S task_3_2.elf  > "task_3_2.list"
   text	   data	    bss	    dec	    hex	filename
   1288	     44	   1572	   2904	    b58	task_3_2.elf
Finished building: default.size.stdout
 
Finished building: task_3_2.list
 
21:22:05 **** Incremental Build of configuration Debug for project task_3_2 ****
make -j20 all 
arm-none-eabi-gcc "../Src/main.c" -mcpu=cortex-m4 -std=gnu11 -g3 -DDEBUG -DSTM32F303VCTx -DSTM32 -DSTM32F3 -DSTM32F3DISCOVERY -c -I../Inc -I"C:/Users/benri/OneDrive/Documents/MTRX2700/MTRX2700_Assignment2/stm32f303-definitions/Core/Inc" -O0 -ffunction-sections -fdata-sections -Wall -fstack-usage -fcyclomatic-complexity -MMD -MP -MF"Src/main.d" -MT"Src/main.o" --specs=nano.specs -mfpu=fpv4-sp-d16 -mfloat-abi=hard -mthumb -o "Src/main.o"
arm-none-eabi-gcc "../Src/timer.c" -mcpu=cortex-m4 -std=gnu11 -g3 -DDEBUG -DSTM32F303VCTx -DSTM32 -DSTM32F3 -DSTM32F3DISCOVERY -c -I../Inc -I"C:/Users/benri/OneDrive/Documents/MTRX2700/MTRX2700_Assignment2/stm32f303-definitions/Core/Inc" -O0 -ffunction-sections -fdata-sections -Wall -fstack-usage -fcyclomatic-complexity -MMD -MP -MF"Src/timer.d" -MT"Src/timer.o" --specs=nano.specs -mfpu=fpv4-sp-d16 -mfloat-abi=hard -mthumb -o "Src/timer.o"
../Src/main.c:9:4: warning: #warning "FPU is not initialized, but the project is compiling for an FPU. Please initialize the FPU before use." [-Wcpp]
    9 |   #warning "FPU is not initialized, but the project is compiling for an FPU. Please initialize the FPU before use."
      |    ^~~~~~~
../Src/timer.c:29:18: error: 'TIM2_IRQHandler' undeclared here (not in a function); did you mean 'TIM12_IRQHandler'?
   29 |                 &TIM2_IRQHandler,
      |                  ^~~~~~~~~~~~~~~
      |                  TIM12_IRQHandler
../Src/timer.c: In function 'TimerInitialise':
../Src/timer.c:54:48: error: void value not ignored as it ought to be
   54 |     hardware_timer->interrupt_handler_function = hardware_timer->timer_completion_function(hardware_timer, completion_function);
      |                                                ^
make: *** [Src/subdir.mk:31: Src/timer.o] Error 1
make: *** Waiting for unfinished jobs....
"make -j20 all" terminated with exit code 2. Build might be incomplete.
21:24:39 **** Incremental Build of configuration Debug for project task_3_2 ****
make -j20 all 
arm-none-eabi-gcc "../Src/main.c" -mcpu=cortex-m4 -std=gnu11 -g3 -DDEBUG -DSTM32F303VCTx -DSTM32 -DSTM32F3 -DSTM32F3DISCOVERY -c -I../Inc -I"C:/Users/benri/OneDrive/Documents/MTRX2700/MTRX2700_Assignment2/stm32f303-definitions/Core/Inc" -O0 -ffunction-sections -fdata-sections -Wall -fstack-usage -fcyclomatic-complexity -MMD -MP -MF"Src/main.d" -MT"Src/main.o" --specs=nano.specs -mfpu=fpv4-sp-d16 -mfloat-abi=hard -mthumb -o "Src/main.o"
arm-none-eabi-gcc "../Src/timer.c" -mcpu=cortex-m4 -std=gnu11 -g3 -DDEBUG -DSTM32F303VCTx -DSTM32 -DSTM32F3 -DSTM32F3DISCOVERY -c -I../Inc -I"C:/Users/benri/OneDrive/Documents/MTRX2700/MTRX2700_Assignment2/stm32f303-definitions/Core/Inc" -O0 -ffunction-sections -fdata-sections -Wall -fstack-usage -fcyclomatic-complexity -MMD -MP -MF"Src/timer.d" -MT"Src/timer.o" --specs=nano.specs -mfpu=fpv4-sp-d16 -mfloat-abi=hard -mthumb -o "Src/timer.o"
../Src/main.c:9:4: warning: #warning "FPU is not initialized, but the project is compiling for an FPU. Please initialize the FPU before use." [-Wcpp]
    9 |   #warning "FPU is not initialized, but the project is compiling for an FPU. Please initialize the FPU before use."
      |    ^~~~~~~
../Src/timer.c:29:18: error: 'TIM2_IRQHandler' undeclared here (not in a function); did you mean 'TIM12_IRQHandler'?
   29 |                 &TIM2_IRQHandler,
      |                  ^~~~~~~~~~~~~~~
      |                  TIM12_IRQHandler
../Src/timer.c: In function 'TimerInitialise':
../Src/timer.c:54:48: error: void value not ignored as it ought to be
   54 |     hardware_timer->interrupt_handler_function = hardware_timer->timer_completion_function(hardware_timer, completion_function);
      |                                                ^
make: *** [Src/subdir.mk:31: Src/timer.o] Error 1
make: *** Waiting for unfinished jobs....
"make -j20 all" terminated with exit code 2. Build might be incomplete.
21:25:05 **** Incremental Build of configuration Debug for project task_3_2 ****
make -j20 all 
arm-none-eabi-gcc "../Src/main.c" -mcpu=cortex-m4 -std=gnu11 -g3 -DDEBUG -DSTM32F303VCTx -DSTM32 -DSTM32F3 -DSTM32F3DISCOVERY -c -I../Inc -I"C:/Users/benri/OneDrive/Documents/MTRX2700/MTRX2700_Assignment2/stm32f303-definitions/Core/Inc" -O0 -ffunction-sections -fdata-sections -Wall -fstack-usage -fcyclomatic-complexity -MMD -MP -MF"Src/main.d" -MT"Src/main.o" --specs=nano.specs -mfpu=fpv4-sp-d16 -mfloat-abi=hard -mthumb -o "Src/main.o"
arm-none-eabi-gcc "../Src/timer.c" -mcpu=cortex-m4 -std=gnu11 -g3 -DDEBUG -DSTM32F303VCTx -DSTM32 -DSTM32F3 -DSTM32F3DISCOVERY -c -I../Inc -I"C:/Users/benri/OneDrive/Documents/MTRX2700/MTRX2700_Assignment2/stm32f303-definitions/Core/Inc" -O0 -ffunction-sections -fdata-sections -Wall -fstack-usage -fcyclomatic-complexity -MMD -MP -MF"Src/timer.d" -MT"Src/timer.o" --specs=nano.specs -mfpu=fpv4-sp-d16 -mfloat-abi=hard -mthumb -o "Src/timer.o"
../Src/main.c:9:4: warning: #warning "FPU is not initialized, but the project is compiling for an FPU. Please initialize the FPU before use." [-Wcpp]
    9 |   #warning "FPU is not initialized, but the project is compiling for an FPU. Please initialize the FPU before use."
      |    ^~~~~~~
../Src/timer.c:29:18: error: 'TIM2_IRQHandler' undeclared here (not in a function); did you mean 'TIM12_IRQHandler'?
   29 |                 &TIM2_IRQHandler,
      |                  ^~~~~~~~~~~~~~~
      |                  TIM12_IRQHandler
../Src/timer.c: In function 'TimerInitialise':
../Src/timer.c:54:48: error: void value not ignored as it ought to be
   54 |     hardware_timer->interrupt_handler_function = hardware_timer->timer_completion_function(hardware_timer, completion_function);
      |                                                ^
make: *** [Src/subdir.mk:31: Src/timer.o] Error 1
make: *** Waiting for unfinished jobs....
"make -j20 all" terminated with exit code 2. Build might be incomplete.
21:26:44 **** Incremental Build of configuration Debug for project task_3_2 ****
make -j20 all 
arm-none-eabi-gcc "../Src/main.c" -mcpu=cortex-m4 -std=gnu11 -g3 -DDEBUG -DSTM32F303VCTx -DSTM32 -DSTM32F3 -DSTM32F3DISCOVERY -c -I../Inc -I"C:/Users/benri/OneDrive/Documents/MTRX2700/MTRX2700_Assignment2/stm32f303-definitions/Core/Inc" -O0 -ffunction-sections -fdata-sections -Wall -fstack-usage -fcyclomatic-complexity -MMD -MP -MF"Src/main.d" -MT"Src/main.o" --specs=nano.specs -mfpu=fpv4-sp-d16 -mfloat-abi=hard -mthumb -o "Src/main.o"
arm-none-eabi-gcc "../Src/timer.c" -mcpu=cortex-m4 -std=gnu11 -g3 -DDEBUG -DSTM32F303VCTx -DSTM32 -DSTM32F3 -DSTM32F3DISCOVERY -c -I../Inc -I"C:/Users/benri/OneDrive/Documents/MTRX2700/MTRX2700_Assignment2/stm32f303-definitions/Core/Inc" -O0 -ffunction-sections -fdata-sections -Wall -fstack-usage -fcyclomatic-complexity -MMD -MP -MF"Src/timer.d" -MT"Src/timer.o" --specs=nano.specs -mfpu=fpv4-sp-d16 -mfloat-abi=hard -mthumb -o "Src/timer.o"
../Src/main.c:4:10: fatal error: startup_stm32f303vctx.s: No such file or directory
    4 | #include "startup_stm32f303vctx.s"
      |          ^~~~~~~~~~~~~~~~~~~~~~~~~
compilation terminated.
make: *** [Src/subdir.mk:31: Src/main.o] Error 1
make: *** Waiting for unfinished jobs....
../Src/timer.c:4:10: fatal error: startup_stm32f303vctx.s: No such file or directory
    4 | #include "startup_stm32f303vctx.s"
      |          ^~~~~~~~~~~~~~~~~~~~~~~~~
compilation terminated.
make: *** [Src/subdir.mk:31: Src/timer.o] Error 1
"make -j20 all" terminated with exit code 2. Build might be incomplete.
21:27:09 **** Incremental Build of configuration Debug for project task_3_2 ****
make -j20 all 
arm-none-eabi-gcc "../Src/main.c" -mcpu=cortex-m4 -std=gnu11 -g3 -DDEBUG -DSTM32F303VCTx -DSTM32 -DSTM32F3 -DSTM32F3DISCOVERY -c -I../Inc -I"C:/Users/benri/OneDrive/Documents/MTRX2700/MTRX2700_Assignment2/stm32f303-definitions/Core/Inc" -O0 -ffunction-sections -fdata-sections -Wall -fstack-usage -fcyclomatic-complexity -MMD -MP -MF"Src/main.d" -MT"Src/main.o" --specs=nano.specs -mfpu=fpv4-sp-d16 -mfloat-abi=hard -mthumb -o "Src/main.o"
arm-none-eabi-gcc "../Src/timer.c" -mcpu=cortex-m4 -std=gnu11 -g3 -DDEBUG -DSTM32F303VCTx -DSTM32 -DSTM32F3 -DSTM32F3DISCOVERY -c -I../Inc -I"C:/Users/benri/OneDrive/Documents/MTRX2700/MTRX2700_Assignment2/stm32f303-definitions/Core/Inc" -O0 -ffunction-sections -fdata-sections -Wall -fstack-usage -fcyclomatic-complexity -MMD -MP -MF"Src/timer.d" -MT"Src/timer.o" --specs=nano.specs -mfpu=fpv4-sp-d16 -mfloat-abi=hard -mthumb -o "Src/timer.o"
../Src/main.c:4:10: fatal error: Startup/startup_stm32f303vctx.s: No such file or directory
    4 | #include "Startup/startup_stm32f303vctx.s"
      |          ^~~~~~~~~~~~~~~~~~~~~~~~~~~~~~~~~
compilation terminated.
make: *** [Src/subdir.mk:31: Src/main.o] Error 1
make: *** Waiting for unfinished jobs....
../Src/timer.c:4:10: fatal error: Startup/startup_stm32f303vctx.s: No such file or directory
    4 | #include "Startup/startup_stm32f303vctx.s"
      |          ^~~~~~~~~~~~~~~~~~~~~~~~~~~~~~~~~
compilation terminated.
make: *** [Src/subdir.mk:31: Src/timer.o] Error 1
"make -j20 all" terminated with exit code 2. Build might be incomplete.
21:27:45 **** Incremental Build of configuration Debug for project task_3_2 ****
make -j20 all 
arm-none-eabi-gcc "../Src/main.c" -mcpu=cortex-m4 -std=gnu11 -g3 -DDEBUG -DSTM32F303VCTx -DSTM32 -DSTM32F3 -DSTM32F3DISCOVERY -c -I../Inc -I"C:/Users/benri/OneDrive/Documents/MTRX2700/MTRX2700_Assignment2/stm32f303-definitions/Core/Inc" -O0 -ffunction-sections -fdata-sections -Wall -fstack-usage -fcyclomatic-complexity -MMD -MP -MF"Src/main.d" -MT"Src/main.o" --specs=nano.specs -mfpu=fpv4-sp-d16 -mfloat-abi=hard -mthumb -o "Src/main.o"
arm-none-eabi-gcc "../Src/timer.c" -mcpu=cortex-m4 -std=gnu11 -g3 -DDEBUG -DSTM32F303VCTx -DSTM32 -DSTM32F3 -DSTM32F3DISCOVERY -c -I../Inc -I"C:/Users/benri/OneDrive/Documents/MTRX2700/MTRX2700_Assignment2/stm32f303-definitions/Core/Inc" -O0 -ffunction-sections -fdata-sections -Wall -fstack-usage -fcyclomatic-complexity -MMD -MP -MF"Src/timer.d" -MT"Src/timer.o" --specs=nano.specs -mfpu=fpv4-sp-d16 -mfloat-abi=hard -mthumb -o "Src/timer.o"
../Src/main.c:4:10: fatal error: ~/Startup/startup_stm32f303vctx.s: No such file or directory
    4 | #include "~/Startup/startup_stm32f303vctx.s"
      |          ^~~~~~~~~~~~~~~~~~~~~~~~~~~~~~~~~~~
compilation terminated.
make: *** [Src/subdir.mk:31: Src/main.o] Error 1
make: *** Waiting for unfinished jobs....
../Src/timer.c:4:10: fatal error: ~/Startup/startup_stm32f303vctx.s: No such file or directory
    4 | #include "~/Startup/startup_stm32f303vctx.s"
      |          ^~~~~~~~~~~~~~~~~~~~~~~~~~~~~~~~~~~
compilation terminated.
make: *** [Src/subdir.mk:31: Src/timer.o] Error 1
"make -j20 all" terminated with exit code 2. Build might be incomplete.
12:10:07 **** Incremental Build of configuration Debug for project task_3_2 ****
make -j20 all 
arm-none-eabi-gcc "../Src/main.c" -mcpu=cortex-m4 -std=gnu11 -g3 -DDEBUG -DSTM32F303VCTx -DSTM32 -DSTM32F3 -DSTM32F3DISCOVERY -c -I../Inc -I"C:/Users/benri/OneDrive/Documents/MTRX2700/MTRX2700_Assignment2/stm32f303-definitions/Core/Inc" -O0 -ffunction-sections -fdata-sections -Wall -fstack-usage -fcyclomatic-complexity -MMD -MP -MF"Src/main.d" -MT"Src/main.o" --specs=nano.specs -mfpu=fpv4-sp-d16 -mfloat-abi=hard -mthumb -o "Src/main.o"
arm-none-eabi-gcc "../Src/timer.c" -mcpu=cortex-m4 -std=gnu11 -g3 -DDEBUG -DSTM32F303VCTx -DSTM32 -DSTM32F3 -DSTM32F3DISCOVERY -c -I../Inc -I"C:/Users/benri/OneDrive/Documents/MTRX2700/MTRX2700_Assignment2/stm32f303-definitions/Core/Inc" -O0 -ffunction-sections -fdata-sections -Wall -fstack-usage -fcyclomatic-complexity -MMD -MP -MF"Src/timer.d" -MT"Src/timer.o" --specs=nano.specs -mfpu=fpv4-sp-d16 -mfloat-abi=hard -mthumb -o "Src/timer.o"
../Src/main.c:4:10: fatal error: ~/Startup/startup_stm32f303vctx.s: No such file or directory
    4 | #include "~/Startup/startup_stm32f303vctx.s"
      |          ^~~~~~~~~~~~~~~~~~~~~~~~~~~~~~~~~~~
../Src/timer.c:4:10: fatal error: ~/Startup/startup_stm32f303vctx.s: No such file or directory
    4 | #include "~/Startup/startup_stm32f303vctx.s"
      |          ^~~~~~~~~~~~~~~~~~~~~~~~~~~~~~~~~~~
compilation terminated.
compilation terminated.
make: *** [Src/subdir.mk:31: Src/timer.o] Error 1
make: *** Waiting for unfinished jobs....
make: *** [Src/subdir.mk:31: Src/main.o] Error 1
"make -j20 all" terminated with exit code 2. Build might be incomplete.
12:10:33 **** Incremental Build of configuration Debug for project task_3_2 ****
make -j20 all 
arm-none-eabi-gcc "../Src/main.c" -mcpu=cortex-m4 -std=gnu11 -g3 -DDEBUG -DSTM32F303VCTx -DSTM32 -DSTM32F3 -DSTM32F3DISCOVERY -c -I../Inc -I"C:/Users/benri/OneDrive/Documents/MTRX2700/MTRX2700_Assignment2/stm32f303-definitions/Core/Inc" -O0 -ffunction-sections -fdata-sections -Wall -fstack-usage -fcyclomatic-complexity -MMD -MP -MF"Src/main.d" -MT"Src/main.o" --specs=nano.specs -mfpu=fpv4-sp-d16 -mfloat-abi=hard -mthumb -o "Src/main.o"
arm-none-eabi-gcc "../Src/timer.c" -mcpu=cortex-m4 -std=gnu11 -g3 -DDEBUG -DSTM32F303VCTx -DSTM32 -DSTM32F3 -DSTM32F3DISCOVERY -c -I../Inc -I"C:/Users/benri/OneDrive/Documents/MTRX2700/MTRX2700_Assignment2/stm32f303-definitions/Core/Inc" -O0 -ffunction-sections -fdata-sections -Wall -fstack-usage -fcyclomatic-complexity -MMD -MP -MF"Src/timer.d" -MT"Src/timer.o" --specs=nano.specs -mfpu=fpv4-sp-d16 -mfloat-abi=hard -mthumb -o "Src/timer.o"
../Src/main.c:9:4: warning: #warning "FPU is not initialized, but the project is compiling for an FPU. Please initialize the FPU before use." [-Wcpp]
    9 |   #warning "FPU is not initialized, but the project is compiling for an FPU. Please initialize the FPU before use."
      |    ^~~~~~~
../Src/timer.c: In function 'TIM2_IRQHandler':
../Src/timer.c:38:30: error: invalid type argument of '->' (have 'HardwareTimer' {aka 'struct _HardwareTimer'})
   38 |                 if (TIM2_init->timer_completion_function != 0x00) { // make sure the handler is not null
      |                              ^~
../Src/timer.c:39:34: error: invalid type argument of '->' (have 'HardwareTimer' {aka 'struct _HardwareTimer'})
   39 |                         TIM2_init->timer_completion_function();
      |                                  ^~
../Src/timer.c: In function 'TimerInitialise':
../Src/timer.c:67:14: error: invalid type argument of '->' (have 'HardwareTimer' {aka 'struct _HardwareTimer'})
   67 |     TIM2_init->timer_completion_function = completion_function;
      |              ^~
make: *** [Src/subdir.mk:31: Src/timer.o] Error 1
make: *** Waiting for unfinished jobs....
"make -j20 all" terminated with exit code 2. Build might be incomplete.
12:11:38 **** Incremental Build of configuration Debug for project task_3_2 ****
make -j20 all 
arm-none-eabi-gcc "../Src/timer.c" -mcpu=cortex-m4 -std=gnu11 -g3 -DDEBUG -DSTM32F303VCTx -DSTM32 -DSTM32F3 -DSTM32F3DISCOVERY -c -I../Inc -I"C:/Users/benri/OneDrive/Documents/MTRX2700/MTRX2700_Assignment2/stm32f303-definitions/Core/Inc" -O0 -ffunction-sections -fdata-sections -Wall -fstack-usage -fcyclomatic-complexity -MMD -MP -MF"Src/timer.d" -MT"Src/timer.o" --specs=nano.specs -mfpu=fpv4-sp-d16 -mfloat-abi=hard -mthumb -o "Src/timer.o"
../Src/timer.c: In function 'TIM2_IRQHandler':
../Src/timer.c:39:25: error: too few arguments to function 'TIM2_init.timer_completion_function'
   39 |                         TIM2_init.timer_completion_function();
      |                         ^~~~~~~~~
../Src/timer.c: In function 'TimerInitialise':
../Src/timer.c:67:14: error: invalid type argument of '->' (have 'HardwareTimer' {aka 'struct _HardwareTimer'})
   67 |     TIM2_init->timer_completion_function = completion_function;
      |              ^~
make: *** [Src/subdir.mk:31: Src/timer.o] Error 1
"make -j20 all" terminated with exit code 2. Build might be incomplete.
12:12:17 **** Incremental Build of configuration Debug for project task_3_2 ****
make -j20 all 
arm-none-eabi-gcc "../Src/timer.c" -mcpu=cortex-m4 -std=gnu11 -g3 -DDEBUG -DSTM32F303VCTx -DSTM32 -DSTM32F3 -DSTM32F3DISCOVERY -c -I../Inc -I"C:/Users/benri/OneDrive/Documents/MTRX2700/MTRX2700_Assignment2/stm32f303-definitions/Core/Inc" -O0 -ffunction-sections -fdata-sections -Wall -fstack-usage -fcyclomatic-complexity -MMD -MP -MF"Src/timer.d" -MT"Src/timer.o" --specs=nano.specs -mfpu=fpv4-sp-d16 -mfloat-abi=hard -mthumb -o "Src/timer.o"
../Src/timer.c: In function 'TIM2_IRQHandler':
../Src/timer.c:38:21: error: too few arguments to function 'TIM2_init.timer_completion_function'
   38 |                 if (TIM2_init.timer_completion_function() != 0x00) { // make sure the handler is not null
      |                     ^~~~~~~~~
../Src/timer.c:39:25: error: too few arguments to function 'TIM2_init.timer_completion_function'
   39 |                         TIM2_init.timer_completion_function();
      |                         ^~~~~~~~~
../Src/timer.c: In function 'TimerInitialise':
../Src/timer.c:67:14: error: invalid type argument of '->' (have 'HardwareTimer' {aka 'struct _HardwareTimer'})
   67 |     TIM2_init->timer_completion_function = completion_function;
      |              ^~
make: *** [Src/subdir.mk:31: Src/timer.o] Error 1
"make -j20 all" terminated with exit code 2. Build might be incomplete.
12:13:19 **** Incremental Build of configuration Debug for project task_3_2 ****
make -j20 all 
arm-none-eabi-gcc "../Src/timer.c" -mcpu=cortex-m4 -std=gnu11 -g3 -DDEBUG -DSTM32F303VCTx -DSTM32 -DSTM32F3 -DSTM32F3DISCOVERY -c -I../Inc -I"C:/Users/benri/OneDrive/Documents/MTRX2700/MTRX2700_Assignment2/stm32f303-definitions/Core/Inc" -O0 -ffunction-sections -fdata-sections -Wall -fstack-usage -fcyclomatic-complexity -MMD -MP -MF"Src/timer.d" -MT"Src/timer.o" --specs=nano.specs -mfpu=fpv4-sp-d16 -mfloat-abi=hard -mthumb -o "Src/timer.o"
../Src/timer.c: In function 'TIM2_IRQHandler':
../Src/timer.c:38:21: error: too few arguments to function 'TIM2_init.timer_completion_function'
   38 |                 if (TIM2_init.timer_completion_function() != 0x00) { // make sure the handler is not null
      |                     ^~~~~~~~~
../Src/timer.c:39:25: error: too few arguments to function 'TIM2_init.timer_completion_function'
   39 |                         TIM2_init.timer_completion_function();
      |                         ^~~~~~~~~
../Src/timer.c: In function 'TimerInitialise':
../Src/timer.c:67:14: error: invalid type argument of '->' (have 'HardwareTimer' {aka 'struct _HardwareTimer'})
   67 |     TIM2_init->timer_completion_function() = completion_function();
      |              ^~
make: *** [Src/subdir.mk:31: Src/timer.o] Error 1
"make -j20 all" terminated with exit code 2. Build might be incomplete.
12:15:32 **** Incremental Build of configuration Debug for project task_3_2 ****
make -j20 all 
arm-none-eabi-gcc "../Src/timer.c" -mcpu=cortex-m4 -std=gnu11 -g3 -DDEBUG -DSTM32F303VCTx -DSTM32 -DSTM32F3 -DSTM32F3DISCOVERY -c -I../Inc -I"C:/Users/benri/OneDrive/Documents/MTRX2700/MTRX2700_Assignment2/stm32f303-definitions/Core/Inc" -O0 -ffunction-sections -fdata-sections -Wall -fstack-usage -fcyclomatic-complexity -MMD -MP -MF"Src/timer.d" -MT"Src/timer.o" --specs=nano.specs -mfpu=fpv4-sp-d16 -mfloat-abi=hard -mthumb -o "Src/timer.o"
../Src/timer.c: In function 'TIM2_IRQHandler':
../Src/timer.c:38:21: error: too few arguments to function 'TIM2_init.timer_completion_function'
   38 |                 if (TIM2_init.timer_completion_function() != 0x00) { // make sure the handler is not null
      |                     ^~~~~~~~~
../Src/timer.c:39:25: error: too few arguments to function 'TIM2_init.timer_completion_function'
   39 |                         TIM2_init.timer_completion_function();
      |                         ^~~~~~~~~
../Src/timer.c: In function 'TimerInitialise':
../Src/timer.c:67:14: error: invalid type argument of '->' (have 'HardwareTimer' {aka 'struct _HardwareTimer'})
   67 |     TIM2_init->timer_completion_function() = completion_function();
      |              ^~
make: *** [Src/subdir.mk:31: Src/timer.o] Error 1
"make -j20 all" terminated with exit code 2. Build might be incomplete.
12:16:49 **** Incremental Build of configuration Debug for project task_3_2 ****
make -j20 all 
arm-none-eabi-gcc "../Src/timer.c" -mcpu=cortex-m4 -std=gnu11 -g3 -DDEBUG -DSTM32F303VCTx -DSTM32 -DSTM32F3 -DSTM32F3DISCOVERY -c -I../Inc -I"C:/Users/benri/OneDrive/Documents/MTRX2700/MTRX2700_Assignment2/stm32f303-definitions/Core/Inc" -O0 -ffunction-sections -fdata-sections -Wall -fstack-usage -fcyclomatic-complexity -MMD -MP -MF"Src/timer.d" -MT"Src/timer.o" --specs=nano.specs -mfpu=fpv4-sp-d16 -mfloat-abi=hard -mthumb -o "Src/timer.o"
../Src/timer.c: In function 'TIM2_IRQHandler':
../Src/timer.c:38:21: error: too few arguments to function 'TIM2_init.timer_completion_function'
   38 |                 if (TIM2_init.timer_completion_function() != 0x00) { // make sure the handler is not null
      |                     ^~~~~~~~~
../Src/timer.c:39:25: error: too few arguments to function 'TIM2_init.timer_completion_function'
   39 |                         TIM2_init.timer_completion_function();
      |                         ^~~~~~~~~
../Src/timer.c: In function 'TimerInitialise':
../Src/timer.c:67:14: error: invalid type argument of '->' (have 'HardwareTimer' {aka 'struct _HardwareTimer'})
   67 |     TIM2_init->timer_completion_function = completion_function();
      |              ^~
make: *** [Src/subdir.mk:31: Src/timer.o] Error 1
"make -j20 all" terminated with exit code 2. Build might be incomplete.
12:18:57 **** Incremental Build of configuration Debug for project task_3_2 ****
make -j20 all 
arm-none-eabi-gcc "../Src/timer.c" -mcpu=cortex-m4 -std=gnu11 -g3 -DDEBUG -DSTM32F303VCTx -DSTM32 -DSTM32F3 -DSTM32F3DISCOVERY -c -I../Inc -I"C:/Users/benri/OneDrive/Documents/MTRX2700/MTRX2700_Assignment2/stm32f303-definitions/Core/Inc" -O0 -ffunction-sections -fdata-sections -Wall -fstack-usage -fcyclomatic-complexity -MMD -MP -MF"Src/timer.d" -MT"Src/timer.o" --specs=nano.specs -mfpu=fpv4-sp-d16 -mfloat-abi=hard -mthumb -o "Src/timer.o"
../Src/timer.c: In function 'TIM2_IRQHandler':
../Src/timer.c:38:21: error: too few arguments to function 'TIM2_init.timer_completion_function'
   38 |                 if (TIM2_init.timer_completion_function() != 0x00) { // make sure the handler is not null
      |                     ^~~~~~~~~
../Src/timer.c:39:25: error: too few arguments to function 'TIM2_init.timer_completion_function'
   39 |                         TIM2_init.timer_completion_function();
      |                         ^~~~~~~~~
../Src/timer.c: In function 'TimerInitialise':
../Src/timer.c:67:14: error: invalid type argument of '->' (have 'HardwareTimer' {aka 'struct _HardwareTimer'})
   67 |     TIM2_init->timer_completion_function = completion_function();
      |              ^~
make: *** [Src/subdir.mk:31: Src/timer.o] Error 1
"make -j20 all" terminated with exit code 2. Build might be incomplete.
12:19:39 **** Incremental Build of configuration Debug for project task_3_2 ****
make -j20 all 
arm-none-eabi-gcc "../Src/timer.c" -mcpu=cortex-m4 -std=gnu11 -g3 -DDEBUG -DSTM32F303VCTx -DSTM32 -DSTM32F3 -DSTM32F3DISCOVERY -c -I../Inc -I"C:/Users/benri/OneDrive/Documents/MTRX2700/MTRX2700_Assignment2/stm32f303-definitions/Core/Inc" -O0 -ffunction-sections -fdata-sections -Wall -fstack-usage -fcyclomatic-complexity -MMD -MP -MF"Src/timer.d" -MT"Src/timer.o" --specs=nano.specs -mfpu=fpv4-sp-d16 -mfloat-abi=hard -mthumb -o "Src/timer.o"
../Src/timer.c: In function 'TimerInitialise':
../Src/timer.c:67:14: error: invalid type argument of '->' (have 'HardwareTimer' {aka 'struct _HardwareTimer'})
   67 |     TIM2_init->timer_completion_function = completion_function();
      |              ^~
make: *** [Src/subdir.mk:31: Src/timer.o] Error 1
"make -j20 all" terminated with exit code 2. Build might be incomplete.
12:20:01 **** Incremental Build of configuration Debug for project task_3_2 ****
make -j20 all 
arm-none-eabi-gcc "../Src/timer.c" -mcpu=cortex-m4 -std=gnu11 -g3 -DDEBUG -DSTM32F303VCTx -DSTM32 -DSTM32F3 -DSTM32F3DISCOVERY -c -I../Inc -I"C:/Users/benri/OneDrive/Documents/MTRX2700/MTRX2700_Assignment2/stm32f303-definitions/Core/Inc" -O0 -ffunction-sections -fdata-sections -Wall -fstack-usage -fcyclomatic-complexity -MMD -MP -MF"Src/timer.d" -MT"Src/timer.o" --specs=nano.specs -mfpu=fpv4-sp-d16 -mfloat-abi=hard -mthumb -o "Src/timer.o"
../Src/timer.c: In function 'TimerInitialise':
../Src/timer.c:67:47: error: void value not ignored as it ought to be
   67 |     hardware_timer->timer_completion_function = completion_function();
      |                                               ^
make: *** [Src/subdir.mk:31: Src/timer.o] Error 1
"make -j20 all" terminated with exit code 2. Build might be incomplete.
12:20:17 **** Incremental Build of configuration Debug for project task_3_2 ****
make -j20 all 
arm-none-eabi-gcc "../Src/timer.c" -mcpu=cortex-m4 -std=gnu11 -g3 -DDEBUG -DSTM32F303VCTx -DSTM32 -DSTM32F3 -DSTM32F3DISCOVERY -c -I../Inc -I"C:/Users/benri/OneDrive/Documents/MTRX2700/MTRX2700_Assignment2/stm32f303-definitions/Core/Inc" -O0 -ffunction-sections -fdata-sections -Wall -fstack-usage -fcyclomatic-complexity -MMD -MP -MF"Src/timer.d" -MT"Src/timer.o" --specs=nano.specs -mfpu=fpv4-sp-d16 -mfloat-abi=hard -mthumb -o "Src/timer.o"
../Src/timer.c: In function 'TimerInitialise':
../Src/timer.c:67:5: error: too few arguments to function 'hardware_timer->timer_completion_function'
   67 |     hardware_timer->timer_completion_function() = completion_function);
      |     ^~~~~~~~~~~~~~
../Src/timer.c:67:70: error: expected ';' before ')' token
   67 |     hardware_timer->timer_completion_function() = completion_function);
      |                                                                      ^
      |                                                                      ;
../Src/timer.c:67:70: error: expected statement before ')' token
make: *** [Src/subdir.mk:31: Src/timer.o] Error 1
"make -j20 all" terminated with exit code 2. Build might be incomplete.
12:20:29 **** Incremental Build of configuration Debug for project task_3_2 ****
make -j20 all 
arm-none-eabi-gcc "../Src/timer.c" -mcpu=cortex-m4 -std=gnu11 -g3 -DDEBUG -DSTM32F303VCTx -DSTM32 -DSTM32F3 -DSTM32F3DISCOVERY -c -I../Inc -I"C:/Users/benri/OneDrive/Documents/MTRX2700/MTRX2700_Assignment2/stm32f303-definitions/Core/Inc" -O0 -ffunction-sections -fdata-sections -Wall -fstack-usage -fcyclomatic-complexity -MMD -MP -MF"Src/timer.d" -MT"Src/timer.o" --specs=nano.specs -mfpu=fpv4-sp-d16 -mfloat-abi=hard -mthumb -o "Src/timer.o"
../Src/timer.c: In function 'TimerInitialise':
../Src/timer.c:67:5: error: too few arguments to function 'hardware_timer->timer_completion_function'
   67 |     hardware_timer->timer_completion_function() = &completion_function);
      |     ^~~~~~~~~~~~~~
../Src/timer.c:67:71: error: expected ';' before ')' token
   67 |     hardware_timer->timer_completion_function() = &completion_function);
      |                                                                       ^
      |                                                                       ;
../Src/timer.c:67:71: error: expected statement before ')' token
make: *** [Src/subdir.mk:31: Src/timer.o] Error 1
"make -j20 all" terminated with exit code 2. Build might be incomplete.
12:20:46 **** Incremental Build of configuration Debug for project task_3_2 ****
make -j20 all 
arm-none-eabi-gcc "../Src/timer.c" -mcpu=cortex-m4 -std=gnu11 -g3 -DDEBUG -DSTM32F303VCTx -DSTM32 -DSTM32F3 -DSTM32F3DISCOVERY -c -I../Inc -I"C:/Users/benri/OneDrive/Documents/MTRX2700/MTRX2700_Assignment2/stm32f303-definitions/Core/Inc" -O0 -ffunction-sections -fdata-sections -Wall -fstack-usage -fcyclomatic-complexity -MMD -MP -MF"Src/timer.d" -MT"Src/timer.o" --specs=nano.specs -mfpu=fpv4-sp-d16 -mfloat-abi=hard -mthumb -o "Src/timer.o"
../Src/timer.c: In function 'TimerInitialise':
../Src/timer.c:67:47: warning: assignment to 'void (*)(struct _HardwareTimer *, void (*)(void))' from incompatible pointer type 'void (**)()' [-Wincompatible-pointer-types]
   67 |     hardware_timer->timer_completion_function = &completion_function);
      |                                               ^
../Src/timer.c:67:69: error: expected ';' before ')' token
   67 |     hardware_timer->timer_completion_function = &completion_function);
      |                                                                     ^
      |                                                                     ;
../Src/timer.c:67:69: error: expected statement before ')' token
make: *** [Src/subdir.mk:31: Src/timer.o] Error 1
"make -j20 all" terminated with exit code 2. Build might be incomplete.
12:21:02 **** Incremental Build of configuration Debug for project task_3_2 ****
make -j20 all 
arm-none-eabi-gcc "../Src/timer.c" -mcpu=cortex-m4 -std=gnu11 -g3 -DDEBUG -DSTM32F303VCTx -DSTM32 -DSTM32F3 -DSTM32F3DISCOVERY -c -I../Inc -I"C:/Users/benri/OneDrive/Documents/MTRX2700/MTRX2700_Assignment2/stm32f303-definitions/Core/Inc" -O0 -ffunction-sections -fdata-sections -Wall -fstack-usage -fcyclomatic-complexity -MMD -MP -MF"Src/timer.d" -MT"Src/timer.o" --specs=nano.specs -mfpu=fpv4-sp-d16 -mfloat-abi=hard -mthumb -o "Src/timer.o"
../Src/timer.c: In function 'TimerInitialise':
../Src/timer.c:67:47: warning: assignment to 'void (*)(struct _HardwareTimer *, void (*)(void))' from incompatible pointer type 'void (**)()' [-Wincompatible-pointer-types]
   67 |     hardware_timer->timer_completion_function = &completion_function;
      |                                               ^
arm-none-eabi-gcc -o "task_3_2.elf" @"objects.list"   -mcpu=cortex-m4 -T"C:\Users\benri\OneDrive\Documents\MTRX2700\MTRX2700_Assignment2\exercise_3\task_3_2\STM32F303VCTX_FLASH.ld" --specs=nosys.specs -Wl,-Map="task_3_2.map" -Wl,--gc-sections -static --specs=nano.specs -mfpu=fpv4-sp-d16 -mfloat-abi=hard -mthumb -Wl,--start-group -lc -lm -Wl,--end-group
Finished building target: task_3_2.elf
 
arm-none-eabi-size  task_3_2.elf 
arm-none-eabi-objdump -h -S task_3_2.elf  > "task_3_2.list"
   text	   data	    bss	    dec	    hex	filename
   1264	     44	   1564	   2872	    b38	task_3_2.elf
Finished building: default.size.stdout
 
Finished building: task_3_2.list
 
12:24:18 **** Incremental Build of configuration Debug for project task_3_2 ****
make -j20 all 
arm-none-eabi-size  task_3_2.elf 
   text	   data	    bss	    dec	    hex	filename
   1264	     44	   1564	   2872	    b38	task_3_2.elf
Finished building: default.size.stdout
 
12:27:06 **** Incremental Build of configuration Debug for project task_3_2 ****
make -j20 all 
arm-none-eabi-size  task_3_2.elf 
   text	   data	    bss	    dec	    hex	filename
   1264	     44	   1564	   2872	    b38	task_3_2.elf
Finished building: default.size.stdout
 
12:42:55 **** Incremental Build of configuration Debug for project task_3_2 ****
make -j20 all 
arm-none-eabi-gcc "../Src/timer.c" -mcpu=cortex-m4 -std=gnu11 -g3 -DDEBUG -DSTM32F303VCTx -DSTM32 -DSTM32F3 -DSTM32F3DISCOVERY -c -I../Inc -I"C:/Users/benri/OneDrive/Documents/MTRX2700/MTRX2700_Assignment2/stm32f303-definitions/Core/Inc" -O0 -ffunction-sections -fdata-sections -Wall -fstack-usage -fcyclomatic-complexity -MMD -MP -MF"Src/timer.d" -MT"Src/timer.o" --specs=nano.specs -mfpu=fpv4-sp-d16 -mfloat-abi=hard -mthumb -o "Src/timer.o"
../Src/timer.c: In function 'TIM2_IRQHandler':
../Src/timer.c:38:21: error: too few arguments to function 'TIM2_init.timer_completion_function'
   38 |                 if (TIM2_init.timer_completion_function() != 0x00) { // make sure the handler is not null
      |                     ^~~~~~~~~
../Src/timer.c:39:25: error: too few arguments to function 'TIM2_init.timer_completion_function'
   39 |                         TIM2_init.timer_completion_function();
      |                         ^~~~~~~~~
../Src/timer.c: In function 'TimerInitialise':
../Src/timer.c:67:47: warning: assignment to 'void (*)(struct _HardwareTimer *, void (*)(void))' from incompatible pointer type 'void (**)()' [-Wincompatible-pointer-types]
   67 |     hardware_timer->timer_completion_function = &completion_function;
      |                                               ^
../Src/timer.c: In function 'TIM2_IRQHandler':
../Src/timer.c:147:1: error: expected declaration or statement at end of input
  147 | }
      | ^
At top level:
../Src/timer.c:136:6: warning: 'timer_completion_func' defined but not used [-Wunused-function]
  136 | void timer_completion_func(struct _HardwareTimer *hardware_timer, void (*on_timer_overflow)(void)) {
      |      ^~~~~~~~~~~~~~~~~~~~~
../Src/timer.c:130:6: warning: 'setPeriod' defined but not used [-Wunused-function]
  130 | void setPeriod(struct _HardwareTimer *hardware_timer, uint32_t period) {
      |      ^~~~~~~~~
../Src/timer.c:112:10: warning: 'getARRValue' defined but not used [-Wunused-function]
  112 | uint32_t getARRValue(struct _HardwareTimer *hardware_timer){
      |          ^~~~~~~~~~~
../Src/timer.c:91:10: warning: 'getPrescaleValue' defined but not used [-Wunused-function]
   91 | uint16_t getPrescaleValue(struct _HardwareTimer *hardware_timer){
      |          ^~~~~~~~~~~~~~~~
../Src/timer.c:72:6: warning: 'enable_timer_interrupt' defined but not used [-Wunused-function]
   72 | void enable_timer_interrupt() {
      |      ^~~~~~~~~~~~~~~~~~~~~~
../Src/timer.c:46:6: warning: 'TimerInitialise' defined but not used [-Wunused-function]
   46 | void TimerInitialise(HardwareTimer *hardware_timer, void (*completion_function)()) {
      |      ^~~~~~~~~~~~~~~
make: *** [Src/subdir.mk:31: Src/timer.o] Error 1
"make -j20 all" terminated with exit code 2. Build might be incomplete.
12:43:26 **** Incremental Build of configuration Debug for project task_3_2 ****
make -j20 all 
arm-none-eabi-gcc "../Src/timer.c" -mcpu=cortex-m4 -std=gnu11 -g3 -DDEBUG -DSTM32F303VCTx -DSTM32 -DSTM32F3 -DSTM32F3DISCOVERY -c -I../Inc -I"C:/Users/benri/OneDrive/Documents/MTRX2700/MTRX2700_Assignment2/stm32f303-definitions/Core/Inc" -O0 -ffunction-sections -fdata-sections -Wall -fstack-usage -fcyclomatic-complexity -MMD -MP -MF"Src/timer.d" -MT"Src/timer.o" --specs=nano.specs -mfpu=fpv4-sp-d16 -mfloat-abi=hard -mthumb -o "Src/timer.o"
../Src/timer.c: In function 'TIM2_IRQHandler':
../Src/timer.c:38:17: error: too few arguments to function 'TIM2_init.timer_completion_function'
   38 |                 TIM2_init.timer_completion_function();
      |                 ^~~~~~~~~
../Src/timer.c: In function 'TimerInitialise':
../Src/timer.c:66:47: warning: assignment to 'void (*)(struct _HardwareTimer *, void (*)(void))' from incompatible pointer type 'void (**)()' [-Wincompatible-pointer-types]
   66 |     hardware_timer->timer_completion_function = &completion_function;
      |                                               ^
make: *** [Src/subdir.mk:31: Src/timer.o] Error 1
"make -j20 all" terminated with exit code 2. Build might be incomplete.
12:44:07 **** Incremental Build of configuration Debug for project task_3_2 ****
make -j20 all 
arm-none-eabi-gcc "../Src/timer.c" -mcpu=cortex-m4 -std=gnu11 -g3 -DDEBUG -DSTM32F303VCTx -DSTM32 -DSTM32F3 -DSTM32F3DISCOVERY -c -I../Inc -I"C:/Users/benri/OneDrive/Documents/MTRX2700/MTRX2700_Assignment2/stm32f303-definitions/Core/Inc" -O0 -ffunction-sections -fdata-sections -Wall -fstack-usage -fcyclomatic-complexity -MMD -MP -MF"Src/timer.d" -MT"Src/timer.o" --specs=nano.specs -mfpu=fpv4-sp-d16 -mfloat-abi=hard -mthumb -o "Src/timer.o"
../Src/timer.c: In function 'TimerInitialise':
../Src/timer.c:52:47: warning: assignment to 'void (*)(struct _HardwareTimer *, void (*)(void))' from incompatible pointer type 'void (**)()' [-Wincompatible-pointer-types]
   52 |     hardware_timer->timer_completion_function = &completion_function;
      |                                               ^
../Src/timer.c: In function 'TIM2_IRQHandler':
../Src/timer.c:63:17: error: too few arguments to function 'TIM2_init.timer_completion_function'
   63 |                 TIM2_init.timer_completion_function();
      |                 ^~~~~~~~~
make: *** [Src/subdir.mk:31: Src/timer.o] Error 1
"make -j20 all" terminated with exit code 2. Build might be incomplete.
12:44:43 **** Incremental Build of configuration Debug for project task_3_2 ****
make -j20 all 
arm-none-eabi-gcc "../Src/timer.c" -mcpu=cortex-m4 -std=gnu11 -g3 -DDEBUG -DSTM32F303VCTx -DSTM32 -DSTM32F3 -DSTM32F3DISCOVERY -c -I../Inc -I"C:/Users/benri/OneDrive/Documents/MTRX2700/MTRX2700_Assignment2/stm32f303-definitions/Core/Inc" -O0 -ffunction-sections -fdata-sections -Wall -fstack-usage -fcyclomatic-complexity -MMD -MP -MF"Src/timer.d" -MT"Src/timer.o" --specs=nano.specs -mfpu=fpv4-sp-d16 -mfloat-abi=hard -mthumb -o "Src/timer.o"
../Src/timer.c: In function 'TIM2_IRQHandler':
../Src/timer.c:63:17: error: too few arguments to function 'TIM2_init.timer_completion_function'
   63 |                 TIM2_init.timer_completion_function();
      |                 ^~~~~~~~~
make: *** [Src/subdir.mk:31: Src/timer.o] Error 1
"make -j20 all" terminated with exit code 2. Build might be incomplete.
12:45:13 **** Incremental Build of configuration Debug for project task_3_2 ****
make -j20 all 
arm-none-eabi-gcc "../Src/timer.c" -mcpu=cortex-m4 -std=gnu11 -g3 -DDEBUG -DSTM32F303VCTx -DSTM32 -DSTM32F3 -DSTM32F3DISCOVERY -c -I../Inc -I"C:/Users/benri/OneDrive/Documents/MTRX2700/MTRX2700_Assignment2/stm32f303-definitions/Core/Inc" -O0 -ffunction-sections -fdata-sections -Wall -fstack-usage -fcyclomatic-complexity -MMD -MP -MF"Src/timer.d" -MT"Src/timer.o" --specs=nano.specs -mfpu=fpv4-sp-d16 -mfloat-abi=hard -mthumb -o "Src/timer.o"
arm-none-eabi-gcc -o "task_3_2.elf" @"objects.list"   -mcpu=cortex-m4 -T"C:\Users\benri\OneDrive\Documents\MTRX2700\MTRX2700_Assignment2\exercise_3\task_3_2\STM32F303VCTX_FLASH.ld" --specs=nosys.specs -Wl,-Map="task_3_2.map" -Wl,--gc-sections -static --specs=nano.specs -mfpu=fpv4-sp-d16 -mfloat-abi=hard -mthumb -Wl,--start-group -lc -lm -Wl,--end-group
Finished building target: task_3_2.elf
 
arm-none-eabi-size  task_3_2.elf 
arm-none-eabi-objdump -h -S task_3_2.elf  > "task_3_2.list"
   text	   data	    bss	    dec	    hex	filename
   1264	     44	   1564	   2872	    b38	task_3_2.elf
Finished building: default.size.stdout
 
Finished building: task_3_2.list
 
12:46:39 **** Incremental Build of configuration Debug for project task_3_2 ****
make -j20 all 
arm-none-eabi-gcc "../Src/timer.c" -mcpu=cortex-m4 -std=gnu11 -g3 -DDEBUG -DSTM32F303VCTx -DSTM32 -DSTM32F3 -DSTM32F3DISCOVERY -c -I../Inc -I"C:/Users/benri/OneDrive/Documents/MTRX2700/MTRX2700_Assignment2/stm32f303-definitions/Core/Inc" -O0 -ffunction-sections -fdata-sections -Wall -fstack-usage -fcyclomatic-complexity -MMD -MP -MF"Src/timer.d" -MT"Src/timer.o" --specs=nano.specs -mfpu=fpv4-sp-d16 -mfloat-abi=hard -mthumb -o "Src/timer.o"
../Src/timer.c: In function 'TIM2_IRQHandler':
../Src/timer.c:63:17: error: too few arguments to function 'TIM2_init.timer_completion_function'
   63 |                 TIM2_init.timer_completion_function();
      |                 ^~~~~~~~~
make: *** [Src/subdir.mk:31: Src/timer.o] Error 1
"make -j20 all" terminated with exit code 2. Build might be incomplete.
22:25:19 **** Incremental Build of configuration Debug for project task_3_2 ****
make -j20 all 
arm-none-eabi-gcc "../Src/main.c" -mcpu=cortex-m4 -std=gnu11 -g3 -DDEBUG -DSTM32F303VCTx -DSTM32 -DSTM32F3 -DSTM32F3DISCOVERY -c -I../Inc -I"C:/Users/benri/OneDrive/Documents/MTRX2700/MTRX2700_Assignment2/stm32f303-definitions/Core/Inc" -O0 -ffunction-sections -fdata-sections -Wall -fstack-usage -fcyclomatic-complexity -MMD -MP -MF"Src/main.d" -MT"Src/main.o" --specs=nano.specs -mfpu=fpv4-sp-d16 -mfloat-abi=hard -mthumb -o "Src/main.o"
arm-none-eabi-gcc "../Src/timer.c" -mcpu=cortex-m4 -std=gnu11 -g3 -DDEBUG -DSTM32F303VCTx -DSTM32 -DSTM32F3 -DSTM32F3DISCOVERY -c -I../Inc -I"C:/Users/benri/OneDrive/Documents/MTRX2700/MTRX2700_Assignment2/stm32f303-definitions/Core/Inc" -O0 -ffunction-sections -fdata-sections -Wall -fstack-usage -fcyclomatic-complexity -MMD -MP -MF"Src/timer.d" -MT"Src/timer.o" --specs=nano.specs -mfpu=fpv4-sp-d16 -mfloat-abi=hard -mthumb -o "Src/timer.o"
../Src/main.c:9:4: warning: #warning "FPU is not initialized, but the project is compiling for an FPU. Please initialize the FPU before use." [-Wcpp]
    9 |   #warning "FPU is not initialized, but the project is compiling for an FPU. Please initialize the FPU before use."
      |    ^~~~~~~
../Src/timer.c: In function 'TIM2_IRQHandler':
../Src/timer.c:63:17: error: too few arguments to function 'TIM2_init.timer_completion_function'
   63 |                 TIM2_init.timer_completion_function();
      |                 ^~~~~~~~~
make: *** [Src/subdir.mk:31: Src/timer.o] Error 1
make: *** Waiting for unfinished jobs....
"make -j20 all" terminated with exit code 2. Build might be incomplete.
22:25:48 **** Incremental Build of configuration Debug for project task_3_2 ****
make -j20 all 
arm-none-eabi-gcc "../Src/main.c" -mcpu=cortex-m4 -std=gnu11 -g3 -DDEBUG -DSTM32F303VCTx -DSTM32 -DSTM32F3 -DSTM32F3DISCOVERY -c -I../Inc -I"C:/Users/benri/OneDrive/Documents/MTRX2700/MTRX2700_Assignment2/stm32f303-definitions/Core/Inc" -O0 -ffunction-sections -fdata-sections -Wall -fstack-usage -fcyclomatic-complexity -MMD -MP -MF"Src/main.d" -MT"Src/main.o" --specs=nano.specs -mfpu=fpv4-sp-d16 -mfloat-abi=hard -mthumb -o "Src/main.o"
arm-none-eabi-gcc "../Src/timer.c" -mcpu=cortex-m4 -std=gnu11 -g3 -DDEBUG -DSTM32F303VCTx -DSTM32 -DSTM32F3 -DSTM32F3DISCOVERY -c -I../Inc -I"C:/Users/benri/OneDrive/Documents/MTRX2700/MTRX2700_Assignment2/stm32f303-definitions/Core/Inc" -O0 -ffunction-sections -fdata-sections -Wall -fstack-usage -fcyclomatic-complexity -MMD -MP -MF"Src/timer.d" -MT"Src/timer.o" --specs=nano.specs -mfpu=fpv4-sp-d16 -mfloat-abi=hard -mthumb -o "Src/timer.o"
../Src/main.c:9:4: warning: #warning "FPU is not initialized, but the project is compiling for an FPU. Please initialize the FPU before use." [-Wcpp]
    9 |   #warning "FPU is not initialized, but the project is compiling for an FPU. Please initialize the FPU before use."
      |    ^~~~~~~
../Src/timer.c: In function 'TIM2_IRQHandler':
../Src/timer.c:63:17: error: too few arguments to function 'TIM2_init.timer_completion_function'
   63 |                 TIM2_init.timer_completion_function();
      |                 ^~~~~~~~~
make: *** [Src/subdir.mk:31: Src/timer.o] Error 1
make: *** Waiting for unfinished jobs....
"make -j20 all" terminated with exit code 2. Build might be incomplete.
22:26:34 **** Incremental Build of configuration Debug for project task_3_2 ****
make -j20 all 
arm-none-eabi-gcc "../Src/timer.c" -mcpu=cortex-m4 -std=gnu11 -g3 -DDEBUG -DSTM32F303VCTx -DSTM32 -DSTM32F3 -DSTM32F3DISCOVERY -c -I../Inc -I"C:/Users/benri/OneDrive/Documents/MTRX2700/MTRX2700_Assignment2/stm32f303-definitions/Core/Inc" -O0 -ffunction-sections -fdata-sections -Wall -fstack-usage -fcyclomatic-complexity -MMD -MP -MF"Src/timer.d" -MT"Src/timer.o" --specs=nano.specs -mfpu=fpv4-sp-d16 -mfloat-abi=hard -mthumb -o "Src/timer.o"
arm-none-eabi-gcc -o "task_3_2.elf" @"objects.list"   -mcpu=cortex-m4 -T"C:\Users\benri\OneDrive\Documents\MTRX2700\MTRX2700_Assignment2\exercise_3\task_3_2\STM32F303VCTX_FLASH.ld" --specs=nosys.specs -Wl,-Map="task_3_2.map" -Wl,--gc-sections -static --specs=nano.specs -mfpu=fpv4-sp-d16 -mfloat-abi=hard -mthumb -Wl,--start-group -lc -lm -Wl,--end-group
Finished building target: task_3_2.elf
 
arm-none-eabi-size  task_3_2.elf 
arm-none-eabi-objdump -h -S task_3_2.elf  > "task_3_2.list"
   text	   data	    bss	    dec	    hex	filename
   1268	     44	   1564	   2876	    b3c	task_3_2.elf
Finished building: default.size.stdout
 
Finished building: task_3_2.list
 
22:29:01 **** Incremental Build of configuration Debug for project task_3_2 ****
make -j20 all 
arm-none-eabi-gcc "../Src/timer.c" -mcpu=cortex-m4 -std=gnu11 -g3 -DDEBUG -DSTM32F303VCTx -DSTM32 -DSTM32F3 -DSTM32F3DISCOVERY -c -I../Inc -I"C:/Users/benri/OneDrive/Documents/MTRX2700/MTRX2700_Assignment2/stm32f303-definitions/Core/Inc" -O0 -ffunction-sections -fdata-sections -Wall -fstack-usage -fcyclomatic-complexity -MMD -MP -MF"Src/timer.d" -MT"Src/timer.o" --specs=nano.specs -mfpu=fpv4-sp-d16 -mfloat-abi=hard -mthumb -o "Src/timer.o"
arm-none-eabi-gcc -o "task_3_2.elf" @"objects.list"   -mcpu=cortex-m4 -T"C:\Users\benri\OneDrive\Documents\MTRX2700\MTRX2700_Assignment2\exercise_3\task_3_2\STM32F303VCTX_FLASH.ld" --specs=nosys.specs -Wl,-Map="task_3_2.map" -Wl,--gc-sections -static --specs=nano.specs -mfpu=fpv4-sp-d16 -mfloat-abi=hard -mthumb -Wl,--start-group -lc -lm -Wl,--end-group
Finished building target: task_3_2.elf
 
arm-none-eabi-size  task_3_2.elf 
arm-none-eabi-objdump -h -S task_3_2.elf  > "task_3_2.list"
   text	   data	    bss	    dec	    hex	filename
   1276	     44	   1564	   2884	    b44	task_3_2.elf
Finished building: default.size.stdout
 
Finished building: task_3_2.list
 
22:29:24 **** Incremental Build of configuration Debug for project task_3_2 ****
make -j20 all 
arm-none-eabi-gcc "../Src/main.c" -mcpu=cortex-m4 -std=gnu11 -g3 -DDEBUG -DSTM32F303VCTx -DSTM32 -DSTM32F3 -DSTM32F3DISCOVERY -c -I../Inc -I"C:/Users/benri/OneDrive/Documents/MTRX2700/MTRX2700_Assignment2/stm32f303-definitions/Core/Inc" -O0 -ffunction-sections -fdata-sections -Wall -fstack-usage -fcyclomatic-complexity -MMD -MP -MF"Src/main.d" -MT"Src/main.o" --specs=nano.specs -mfpu=fpv4-sp-d16 -mfloat-abi=hard -mthumb -o "Src/main.o"
../Src/main.c:9:4: warning: #warning "FPU is not initialized, but the project is compiling for an FPU. Please initialize the FPU before use." [-Wcpp]
    9 |   #warning "FPU is not initialized, but the project is compiling for an FPU. Please initialize the FPU before use."
      |    ^~~~~~~
arm-none-eabi-gcc -o "task_3_2.elf" @"objects.list"   -mcpu=cortex-m4 -T"C:\Users\benri\OneDrive\Documents\MTRX2700\MTRX2700_Assignment2\exercise_3\task_3_2\STM32F303VCTX_FLASH.ld" --specs=nosys.specs -Wl,-Map="task_3_2.map" -Wl,--gc-sections -static --specs=nano.specs -mfpu=fpv4-sp-d16 -mfloat-abi=hard -mthumb -Wl,--start-group -lc -lm -Wl,--end-group
Finished building target: task_3_2.elf
 
arm-none-eabi-size  task_3_2.elf 
arm-none-eabi-objdump -h -S task_3_2.elf  > "task_3_2.list"
   text	   data	    bss	    dec	    hex	filename
   1276	     44	   1564	   2884	    b44	task_3_2.elf
Finished building: default.size.stdout
 
Finished building: task_3_2.list
 
22:29:58 **** Incremental Build of configuration Debug for project task_3_2 ****
make -j20 all 
arm-none-eabi-gcc "../Src/main.c" -mcpu=cortex-m4 -std=gnu11 -g3 -DDEBUG -DSTM32F303VCTx -DSTM32 -DSTM32F3 -DSTM32F3DISCOVERY -c -I../Inc -I"C:/Users/benri/OneDrive/Documents/MTRX2700/MTRX2700_Assignment2/stm32f303-definitions/Core/Inc" -O0 -ffunction-sections -fdata-sections -Wall -fstack-usage -fcyclomatic-complexity -MMD -MP -MF"Src/main.d" -MT"Src/main.o" --specs=nano.specs -mfpu=fpv4-sp-d16 -mfloat-abi=hard -mthumb -o "Src/main.o"
../Src/main.c:9:4: warning: #warning "FPU is not initialized, but the project is compiling for an FPU. Please initialize the FPU before use." [-Wcpp]
    9 |   #warning "FPU is not initialized, but the project is compiling for an FPU. Please initialize the FPU before use."
      |    ^~~~~~~
arm-none-eabi-gcc -o "task_3_2.elf" @"objects.list"   -mcpu=cortex-m4 -T"C:\Users\benri\OneDrive\Documents\MTRX2700\MTRX2700_Assignment2\exercise_3\task_3_2\STM32F303VCTX_FLASH.ld" --specs=nosys.specs -Wl,-Map="task_3_2.map" -Wl,--gc-sections -static --specs=nano.specs -mfpu=fpv4-sp-d16 -mfloat-abi=hard -mthumb -Wl,--start-group -lc -lm -Wl,--end-group
Finished building target: task_3_2.elf
 
arm-none-eabi-size  task_3_2.elf 
arm-none-eabi-objdump -h -S task_3_2.elf  > "task_3_2.list"
   text	   data	    bss	    dec	    hex	filename
   1156	     44	   1564	   2764	    acc	task_3_2.elf
Finished building: default.size.stdout
 
Finished building: task_3_2.list
 
22:30:51 **** Incremental Build of configuration Debug for project task_3_2 ****
make -j20 all 
arm-none-eabi-gcc "../Src/timer.c" -mcpu=cortex-m4 -std=gnu11 -g3 -DDEBUG -DSTM32F303VCTx -DSTM32 -DSTM32F3 -DSTM32F3DISCOVERY -c -I../Inc -I"C:/Users/benri/OneDrive/Documents/MTRX2700/MTRX2700_Assignment2/stm32f303-definitions/Core/Inc" -O0 -ffunction-sections -fdata-sections -Wall -fstack-usage -fcyclomatic-complexity -MMD -MP -MF"Src/timer.d" -MT"Src/timer.o" --specs=nano.specs -mfpu=fpv4-sp-d16 -mfloat-abi=hard -mthumb -o "Src/timer.o"
arm-none-eabi-gcc -o "task_3_2.elf" @"objects.list"   -mcpu=cortex-m4 -T"C:\Users\benri\OneDrive\Documents\MTRX2700\MTRX2700_Assignment2\exercise_3\task_3_2\STM32F303VCTX_FLASH.ld" --specs=nosys.specs -Wl,-Map="task_3_2.map" -Wl,--gc-sections -static --specs=nano.specs -mfpu=fpv4-sp-d16 -mfloat-abi=hard -mthumb -Wl,--start-group -lc -lm -Wl,--end-group
Finished building target: task_3_2.elf
 
arm-none-eabi-size  task_3_2.elf 
arm-none-eabi-objdump -h -S task_3_2.elf  > "task_3_2.list"
   text	   data	    bss	    dec	    hex	filename
   1156	     44	   1564	   2764	    acc	task_3_2.elf
Finished building: default.size.stdout
 
Finished building: task_3_2.list
 
22:31:16 **** Incremental Build of configuration Debug for project task_3_2 ****
make -j20 all 
arm-none-eabi-gcc "../Src/main.c" -mcpu=cortex-m4 -std=gnu11 -g3 -DDEBUG -DSTM32F303VCTx -DSTM32 -DSTM32F3 -DSTM32F3DISCOVERY -c -I../Inc -I"C:/Users/benri/OneDrive/Documents/MTRX2700/MTRX2700_Assignment2/stm32f303-definitions/Core/Inc" -O0 -ffunction-sections -fdata-sections -Wall -fstack-usage -fcyclomatic-complexity -MMD -MP -MF"Src/main.d" -MT"Src/main.o" --specs=nano.specs -mfpu=fpv4-sp-d16 -mfloat-abi=hard -mthumb -o "Src/main.o"
../Src/main.c:9:4: warning: #warning "FPU is not initialized, but the project is compiling for an FPU. Please initialize the FPU before use." [-Wcpp]
    9 |   #warning "FPU is not initialized, but the project is compiling for an FPU. Please initialize the FPU before use."
      |    ^~~~~~~
arm-none-eabi-gcc -o "task_3_2.elf" @"objects.list"   -mcpu=cortex-m4 -T"C:\Users\benri\OneDrive\Documents\MTRX2700\MTRX2700_Assignment2\exercise_3\task_3_2\STM32F303VCTX_FLASH.ld" --specs=nosys.specs -Wl,-Map="task_3_2.map" -Wl,--gc-sections -static --specs=nano.specs -mfpu=fpv4-sp-d16 -mfloat-abi=hard -mthumb -Wl,--start-group -lc -lm -Wl,--end-group
Finished building target: task_3_2.elf
 
arm-none-eabi-size  task_3_2.elf 
arm-none-eabi-objdump -h -S task_3_2.elf  > "task_3_2.list"
   text	   data	    bss	    dec	    hex	filename
   1276	     44	   1564	   2884	    b44	task_3_2.elf
Finished building: default.size.stdout
 
Finished building: task_3_2.list
 
22:36:23 **** Incremental Build of configuration Debug for project task_3_2 ****
make -j20 all 
arm-none-eabi-size  task_3_2.elf 
   text	   data	    bss	    dec	    hex	filename
   1276	     44	   1564	   2884	    b44	task_3_2.elf
Finished building: default.size.stdout
 
